---------------------------------------------------------------
[ 2018-04-29T03:01:53+08:00 ] 123.125.67.227 GET /
[ info ] 121.42.251.110:9696/ [运行时间：1.201218s][吞吐率：0.83req/s] [内存消耗：2,200.84kb] [文件加载：69]
[ info ] [ BEHAVIOR ] Run Closure @app_init [ RunTime:0.000028s ]
[ info ] [ CACHE ] INIT File
[ info ] [ BEHAVIOR ] Run Closure @app_init [ RunTime:0.045164s ]
[ info ] [ LANG ] /mnt/www/health.com/thinkphp/lang/zh-cn.php
[ info ] [ ROUTE ] array (
  'type' => 'module',
  'module' => 
  array (
    0 => '',
    1 => NULL,
    2 => NULL,
  ),
)
[ info ] [ HEADER ] array (
  'accept' => '*/*',
  'accept-language' => 'zh-cn,zh-tw',
  'accept-encoding' => 'gzip',
  'user-agent' => 'Mozilla/5.0 (Windows NT 10.0; WOW64) AppleWebKit/537.36 (KHTML, like Gecko) Chrome/45.0.2454.93 Safari/537.36',
  'connection' => 'close',
  'host' => '121.42.251.110:9696',
  'content-type' => '',
  'content-length' => '',
)
[ info ] [ PARAM ] array (
)
[ info ] [ LANG ] /mnt/www/health.com/public/../application/admin/lang/zh-cn.php
[ info ] [ BEHAVIOR ] Run app\common\behavior\Common @module_init [ RunTime:0.005541s ]
[ info ] [ SESSION ] INIT array (
  'id' => '',
  'var_session_id' => '',
  'prefix' => 'think',
  'type' => '',
  'auto_start' => true,
)
[ info ] [ VIEW ] /mnt/www/health.com/public/../application/common/view/tpl/dispatch_jump.tpl [ array (
  0 => 'code',
  1 => 'msg',
  2 => 'data',
  3 => 'url',
  4 => 'wait',
) ]
[ info ] [ BEHAVIOR ] Run app\admin\behavior\AdminLog @app_end [ RunTime:0.009491s ]
[ info ] [ LOG ] INIT File
---------------------------------------------------------------
[ 2018-04-29T10:40:05+08:00 ] 106.34.224.8 OPTIONS /index/auth/login
[ info ] 121.42.251.110:9696/index/auth/login [运行时间：0.111269s][吞吐率：8.99req/s] [内存消耗：1,822.49kb] [文件加载：60]
[ info ] [ BEHAVIOR ] Run Closure @app_init [ RunTime:0.000021s ]
[ info ] [ CACHE ] INIT File
[ info ] [ BEHAVIOR ] Run Closure @app_init [ RunTime:0.000778s ]
[ info ] [ LANG ] /mnt/www/health.com/thinkphp/lang/zh-cn.php
[ info ] [ ROUTE ] array (
  'type' => 'module',
  'module' => 
  array (
    0 => 'index',
    1 => 'auth',
    2 => 'login',
  ),
)
[ info ] [ HEADER ] array (
  'accept-encoding' => 'gzip, deflate',
  'accept-language' => 'zh-cn',
  'referer' => 'http://121.42.251.110:9955/login',
  'user-agent' => 'Mozilla/5.0 (iPhone 92; CPU iPhone OS 10_2_1 like Mac OS X) AppleWebKit/602.4.6 (KHTML, like Gecko) Version/10.0 MQQBrowser/8.3.0 Mobile/14D27 Safari/602.1 MttCustomUA/2 QBWebViewType/1 WKType/1',
  'accept' => '*/*',
  'connection' => 'keep-alive',
  'access-control-request-headers' => 'accept, content-type, origin',
  'content-length' => '0',
  'access-control-request-method' => 'POST',
  'origin' => 'http://121.42.251.110:9955',
  'host' => '121.42.251.110:9696',
  'content-type' => '',
)
[ info ] [ PARAM ] array (
)
[ info ] [ LANG ] /mnt/www/health.com/public/../application/index/lang/zh-cn.php
[ info ] [ BEHAVIOR ] Run app\common\behavior\Common @module_init [ RunTime:0.000549s ]
[ info ] [ RUN ] app\index\controller\Auth->login[ /mnt/www/health.com/application/index/controller/Auth.php ]
[ info ] [ LOG ] INIT File
---------------------------------------------------------------
[ 2018-04-29T10:40:06+08:00 ] 106.34.224.8 POST /index/auth/login
[ info ] 121.42.251.110:9696/index/auth/login [运行时间：0.138122s][吞吐率：7.24req/s] [内存消耗：2,566.37kb] [文件加载：66]
[ info ] [ BEHAVIOR ] Run Closure @app_init [ RunTime:0.000023s ]
[ info ] [ CACHE ] INIT File
[ info ] [ BEHAVIOR ] Run Closure @app_init [ RunTime:0.000807s ]
[ info ] [ LANG ] /mnt/www/health.com/thinkphp/lang/zh-cn.php
[ info ] [ ROUTE ] array (
  'type' => 'module',
  'module' => 
  array (
    0 => 'index',
    1 => 'auth',
    2 => 'login',
  ),
)
[ info ] [ HEADER ] array (
  'accept-language' => 'zh-cn',
  'content-length' => '43',
  'referer' => 'http://121.42.251.110:9955/login',
  'user-agent' => 'Mozilla/5.0 (iPhone 92; CPU iPhone OS 10_2_1 like Mac OS X) AppleWebKit/602.4.6 (KHTML, like Gecko) Version/10.0 MQQBrowser/8.3.0 Mobile/14D27 Safari/602.1 MttCustomUA/2 QBWebViewType/1 WKType/1',
  'accept' => 'application/json, text/plain, */*',
  'connection' => 'keep-alive',
  'accept-encoding' => 'gzip, deflate',
  'origin' => 'http://121.42.251.110:9955',
  'content-type' => 'application/json;charset=UTF-8',
  'host' => '121.42.251.110:9696',
)
[ info ] [ PARAM ] array (
  'phone' => '18888888888',
  'password' => '123456',
)
[ info ] [ LANG ] /mnt/www/health.com/public/../application/index/lang/zh-cn.php
[ info ] [ BEHAVIOR ] Run app\common\behavior\Common @module_init [ RunTime:0.000268s ]
[ info ] [ RUN ] app\index\controller\Auth->login[ /mnt/www/health.com/application/index/controller/Auth.php ]
[ info ] [ DB ] INIT mysql
[ info ] [ SESSION ] INIT array (
  'id' => '',
  'var_session_id' => '',
  'prefix' => 'think',
  'type' => '',
  'auto_start' => true,
)
[ info ] [ LOG ] INIT File
[ sql ] [ DB ] CONNECT:[ UseTime:0.044937s ] mysql:host=127.0.0.1;dbname=health;charset=utf8
[ sql ] [ SQL ] SHOW COLUMNS FROM `hl_user` [ RunTime:0.017039s ]
[ sql ] [ SQL ] SELECT * FROM `hl_user` WHERE  `mobile` = '18888888888' LIMIT 1 [ RunTime:0.000558s ]
---------------------------------------------------------------
[ 2018-04-29T10:40:06+08:00 ] 106.34.224.8 POST /index/quotation/pick_info
[ info ] 121.42.251.110:9696/index/quotation/pick_info [运行时间：0.105698s][吞吐率：9.46req/s] [内存消耗：2,535.65kb] [文件加载：66]
[ info ] [ BEHAVIOR ] Run Closure @app_init [ RunTime:0.000021s ]
[ info ] [ CACHE ] INIT File
[ info ] [ BEHAVIOR ] Run Closure @app_init [ RunTime:0.000805s ]
[ info ] [ LANG ] /mnt/www/health.com/thinkphp/lang/zh-cn.php
[ info ] [ ROUTE ] array (
  'type' => 'module',
  'module' => 
  array (
    0 => 'index',
    1 => 'quotation',
    2 => 'pick_info',
  ),
)
[ info ] [ HEADER ] array (
  'accept-encoding' => 'gzip, deflate',
  'referer' => 'http://121.42.251.110:9955/index',
  'accept-language' => 'zh-cn',
  'user-agent' => 'Mozilla/5.0 (iPhone 92; CPU iPhone OS 10_2_1 like Mac OS X) AppleWebKit/602.4.6 (KHTML, like Gecko) Version/10.0 MQQBrowser/8.3.0 Mobile/14D27 Safari/602.1 MttCustomUA/2 QBWebViewType/1 WKType/1',
  'accept' => 'application/json, text/plain, */*',
  'connection' => 'keep-alive',
  'content-length' => '0',
  'cookie' => 'PHPSESSID=quqo4lofosb2pe8dcf4kenas8m',
  'origin' => 'http://121.42.251.110:9955',
  'host' => '121.42.251.110:9696',
  'content-type' => '',
)
[ info ] [ PARAM ] array (
)
[ info ] [ LANG ] /mnt/www/health.com/public/../application/index/lang/zh-cn.php
[ info ] [ BEHAVIOR ] Run app\common\behavior\Common @module_init [ RunTime:0.000230s ]
[ info ] [ SESSION ] INIT array (
  'id' => '',
  'var_session_id' => '',
  'prefix' => 'think',
  'type' => '',
  'auto_start' => true,
)
[ info ] [ RUN ] app\index\controller\Quotation->pick_info[ /mnt/www/health.com/application/index/controller/Quotation.php ]
[ info ] [ DB ] INIT mysql
[ info ] [ LOG ] INIT File
[ sql ] [ DB ] CONNECT:[ UseTime:0.000537s ] mysql:host=127.0.0.1;dbname=health;charset=utf8
[ sql ] [ SQL ] SHOW COLUMNS FROM `hl_config` [ RunTime:0.012294s ]
[ sql ] [ SQL ] SELECT `name`,`title`,`value` FROM `hl_config` WHERE  `id` IN (2,3,4,5,6,7) [ RunTime:0.000375s ]
---------------------------------------------------------------
[ 2018-04-29T10:47:32+08:00 ] 171.8.74.100 OPTIONS /index/auth/login
[ info ] 121.42.251.110:9696/index/auth/login [运行时间：0.016366s][吞吐率：61.10req/s] [内存消耗：1,822.49kb] [文件加载：60]
[ info ] [ BEHAVIOR ] Run Closure @app_init [ RunTime:0.000022s ]
[ info ] [ CACHE ] INIT File
[ info ] [ BEHAVIOR ] Run Closure @app_init [ RunTime:0.000791s ]
[ info ] [ LANG ] /mnt/www/health.com/thinkphp/lang/zh-cn.php
[ info ] [ ROUTE ] array (
  'type' => 'module',
  'module' => 
  array (
    0 => 'index',
    1 => 'auth',
    2 => 'login',
  ),
)
[ info ] [ HEADER ] array (
  'accept-encoding' => 'gzip, deflate',
  'accept-language' => 'zh-cn',
  'referer' => 'http://121.42.251.110:9955/login',
  'user-agent' => 'Mozilla/5.0 (iPhone1 02; CPU iPhone OS 11_3 like Mac OS X) AppleWebKit/604.3.5 (KHTML, like Gecko) Version/11.0 MQQBrowser/8.2.1 Mobile/15B87 Safari/604.1 MttCustomUA/2 QBWebViewType/1 WKType/1',
  'accept' => '*/*',
  'connection' => 'keep-alive',
  'access-control-request-headers' => 'content-type',
  'content-length' => '0',
  'access-control-request-method' => 'POST',
  'origin' => 'http://121.42.251.110:9955',
  'host' => '121.42.251.110:9696',
  'content-type' => '',
)
[ info ] [ PARAM ] array (
)
[ info ] [ LANG ] /mnt/www/health.com/public/../application/index/lang/zh-cn.php
[ info ] [ BEHAVIOR ] Run app\common\behavior\Common @module_init [ RunTime:0.000232s ]
[ info ] [ RUN ] app\index\controller\Auth->login[ /mnt/www/health.com/application/index/controller/Auth.php ]
[ info ] [ LOG ] INIT File
---------------------------------------------------------------
[ 2018-04-29T10:47:32+08:00 ] 171.8.74.100 POST /index/auth/login
[ info ] 121.42.251.110:9696/index/auth/login [运行时间：0.026182s][吞吐率：38.19req/s] [内存消耗：2,566.37kb] [文件加载：66]
[ info ] [ BEHAVIOR ] Run Closure @app_init [ RunTime:0.000026s ]
[ info ] [ CACHE ] INIT File
[ info ] [ BEHAVIOR ] Run Closure @app_init [ RunTime:0.000826s ]
[ info ] [ LANG ] /mnt/www/health.com/thinkphp/lang/zh-cn.php
[ info ] [ ROUTE ] array (
  'type' => 'module',
  'module' => 
  array (
    0 => 'index',
    1 => 'auth',
    2 => 'login',
  ),
)
[ info ] [ HEADER ] array (
  'accept-language' => 'zh-cn',
  'content-length' => '43',
  'referer' => 'http://121.42.251.110:9955/login',
  'user-agent' => 'Mozilla/5.0 (iPhone1 02; CPU iPhone OS 11_3 like Mac OS X) AppleWebKit/604.3.5 (KHTML, like Gecko) Version/11.0 MQQBrowser/8.2.1 Mobile/15B87 Safari/604.1 MttCustomUA/2 QBWebViewType/1 WKType/1',
  'accept' => 'application/json, text/plain, */*',
  'connection' => 'keep-alive',
  'accept-encoding' => 'gzip, deflate',
  'origin' => 'http://121.42.251.110:9955',
  'content-type' => 'application/json;charset=UTF-8',
  'host' => '121.42.251.110:9696',
)
[ info ] [ PARAM ] array (
  'phone' => '18888888888',
  'password' => '123456',
)
[ info ] [ LANG ] /mnt/www/health.com/public/../application/index/lang/zh-cn.php
[ info ] [ BEHAVIOR ] Run app\common\behavior\Common @module_init [ RunTime:0.000265s ]
[ info ] [ RUN ] app\index\controller\Auth->login[ /mnt/www/health.com/application/index/controller/Auth.php ]
[ info ] [ DB ] INIT mysql
[ info ] [ SESSION ] INIT array (
  'id' => '',
  'var_session_id' => '',
  'prefix' => 'think',
  'type' => '',
  'auto_start' => true,
)
[ info ] [ LOG ] INIT File
[ sql ] [ DB ] CONNECT:[ UseTime:0.000510s ] mysql:host=127.0.0.1;dbname=health;charset=utf8
[ sql ] [ SQL ] SHOW COLUMNS FROM `hl_user` [ RunTime:0.001291s ]
[ sql ] [ SQL ] SELECT * FROM `hl_user` WHERE  `mobile` = '18888888888' LIMIT 1 [ RunTime:0.000501s ]
---------------------------------------------------------------
[ 2018-04-29T10:47:33+08:00 ] 171.8.74.100 POST /index/quotation/pick_info
[ info ] 121.42.251.110:9696/index/quotation/pick_info [运行时间：0.025380s][吞吐率：39.40req/s] [内存消耗：2,535.65kb] [文件加载：66]
[ info ] [ BEHAVIOR ] Run Closure @app_init [ RunTime:0.000052s ]
[ info ] [ CACHE ] INIT File
[ info ] [ BEHAVIOR ] Run Closure @app_init [ RunTime:0.000735s ]
[ info ] [ LANG ] /mnt/www/health.com/thinkphp/lang/zh-cn.php
[ info ] [ ROUTE ] array (
  'type' => 'module',
  'module' => 
  array (
    0 => 'index',
    1 => 'quotation',
    2 => 'pick_info',
  ),
)
[ info ] [ HEADER ] array (
  'accept-encoding' => 'gzip, deflate',
  'referer' => 'http://121.42.251.110:9955/index',
  'accept-language' => 'zh-cn',
  'user-agent' => 'Mozilla/5.0 (iPhone1 02; CPU iPhone OS 11_3 like Mac OS X) AppleWebKit/604.3.5 (KHTML, like Gecko) Version/11.0 MQQBrowser/8.2.1 Mobile/15B87 Safari/604.1 MttCustomUA/2 QBWebViewType/1 WKType/1',
  'accept' => 'application/json, text/plain, */*',
  'connection' => 'keep-alive',
  'content-length' => '0',
  'cookie' => 'PHPSESSID=iq50u9ss8neb2c8t8b373jc93c',
  'origin' => 'http://121.42.251.110:9955',
  'host' => '121.42.251.110:9696',
  'content-type' => '',
)
[ info ] [ PARAM ] array (
)
[ info ] [ LANG ] /mnt/www/health.com/public/../application/index/lang/zh-cn.php
[ info ] [ BEHAVIOR ] Run app\common\behavior\Common @module_init [ RunTime:0.000182s ]
[ info ] [ SESSION ] INIT array (
  'id' => '',
  'var_session_id' => '',
  'prefix' => 'think',
  'type' => '',
  'auto_start' => true,
)
[ info ] [ RUN ] app\index\controller\Quotation->pick_info[ /mnt/www/health.com/application/index/controller/Quotation.php ]
[ info ] [ DB ] INIT mysql
[ info ] [ LOG ] INIT File
[ sql ] [ DB ] CONNECT:[ UseTime:0.000498s ] mysql:host=127.0.0.1;dbname=health;charset=utf8
[ sql ] [ SQL ] SHOW COLUMNS FROM `hl_config` [ RunTime:0.001161s ]
[ sql ] [ SQL ] SELECT `name`,`title`,`value` FROM `hl_config` WHERE  `id` IN (2,3,4,5,6,7) [ RunTime:0.000353s ]
---------------------------------------------------------------
[ 2018-04-29T10:48:47+08:00 ] 171.8.74.100 POST /index/users/index
[ info ] 121.42.251.110:9696/index/users/index [运行时间：0.042288s][吞吐率：23.65req/s] [内存消耗：2,535.70kb] [文件加载：66]
[ info ] [ BEHAVIOR ] Run Closure @app_init [ RunTime:0.000022s ]
[ info ] [ CACHE ] INIT File
[ info ] [ BEHAVIOR ] Run Closure @app_init [ RunTime:0.000791s ]
[ info ] [ LANG ] /mnt/www/health.com/thinkphp/lang/zh-cn.php
[ info ] [ ROUTE ] array (
  'type' => 'module',
  'module' => 
  array (
    0 => 'index',
    1 => 'users',
    2 => 'index',
  ),
)
[ info ] [ HEADER ] array (
  'accept-encoding' => 'gzip, deflate',
  'referer' => 'http://121.42.251.110:9955/my',
  'accept-language' => 'zh-cn',
  'user-agent' => 'Mozilla/5.0 (iPhone1 02; CPU iPhone OS 11_3 like Mac OS X) AppleWebKit/604.3.5 (KHTML, like Gecko) Version/11.0 MQQBrowser/8.2.1 Mobile/15B87 Safari/604.1 MttCustomUA/2 QBWebViewType/1 WKType/1',
  'accept' => 'application/json, text/plain, */*',
  'connection' => 'keep-alive',
  'content-length' => '0',
  'cookie' => 'PHPSESSID=iq50u9ss8neb2c8t8b373jc93c',
  'origin' => 'http://121.42.251.110:9955',
  'host' => '121.42.251.110:9696',
  'content-type' => '',
)
[ info ] [ PARAM ] array (
)
[ info ] [ LANG ] /mnt/www/health.com/public/../application/index/lang/zh-cn.php
[ info ] [ BEHAVIOR ] Run app\common\behavior\Common @module_init [ RunTime:0.000231s ]
[ info ] [ SESSION ] INIT array (
  'id' => '',
  'var_session_id' => '',
  'prefix' => 'think',
  'type' => '',
  'auto_start' => true,
)
[ info ] [ RUN ] app\index\controller\Users->index[ /mnt/www/health.com/application/index/controller/Users.php ]
[ info ] [ DB ] INIT mysql
[ info ] [ LOG ] INIT File
[ sql ] [ DB ] CONNECT:[ UseTime:0.000527s ] mysql:host=127.0.0.1;dbname=health;charset=utf8
[ sql ] [ SQL ] SHOW COLUMNS FROM `hl_user` [ RunTime:0.001220s ]
[ sql ] [ SQL ] SELECT `pool`,`active_pool`,`mobile`,`token_address` FROM `hl_user` WHERE  `id` = 1 LIMIT 1 [ RunTime:0.000358s ]
---------------------------------------------------------------
[ 2018-04-29T10:49:07+08:00 ] 171.8.74.100 POST /index/quotation/pick_info
[ info ] 121.42.251.110:9696/index/quotation/pick_info [运行时间：0.022786s][吞吐率：43.89req/s] [内存消耗：2,535.65kb] [文件加载：66]
[ info ] [ BEHAVIOR ] Run Closure @app_init [ RunTime:0.000018s ]
[ info ] [ CACHE ] INIT File
[ info ] [ BEHAVIOR ] Run Closure @app_init [ RunTime:0.000791s ]
[ info ] [ LANG ] /mnt/www/health.com/thinkphp/lang/zh-cn.php
[ info ] [ ROUTE ] array (
  'type' => 'module',
  'module' => 
  array (
    0 => 'index',
    1 => 'quotation',
    2 => 'pick_info',
  ),
)
[ info ] [ HEADER ] array (
  'accept-encoding' => 'gzip, deflate',
  'referer' => 'http://121.42.251.110:9955/index',
  'accept-language' => 'zh-cn',
  'user-agent' => 'Mozilla/5.0 (iPhone1 02; CPU iPhone OS 11_3 like Mac OS X) AppleWebKit/604.3.5 (KHTML, like Gecko) Version/11.0 MQQBrowser/8.2.1 Mobile/15B87 Safari/604.1 MttCustomUA/2 QBWebViewType/1 WKType/1',
  'accept' => 'application/json, text/plain, */*',
  'connection' => 'keep-alive',
  'content-length' => '0',
  'cookie' => 'PHPSESSID=iq50u9ss8neb2c8t8b373jc93c',
  'origin' => 'http://121.42.251.110:9955',
  'host' => '121.42.251.110:9696',
  'content-type' => '',
)
[ info ] [ PARAM ] array (
)
[ info ] [ LANG ] /mnt/www/health.com/public/../application/index/lang/zh-cn.php
[ info ] [ BEHAVIOR ] Run app\common\behavior\Common @module_init [ RunTime:0.000232s ]
[ info ] [ SESSION ] INIT array (
  'id' => '',
  'var_session_id' => '',
  'prefix' => 'think',
  'type' => '',
  'auto_start' => true,
)
[ info ] [ RUN ] app\index\controller\Quotation->pick_info[ /mnt/www/health.com/application/index/controller/Quotation.php ]
[ info ] [ DB ] INIT mysql
[ info ] [ LOG ] INIT File
[ sql ] [ DB ] CONNECT:[ UseTime:0.000391s ] mysql:host=127.0.0.1;dbname=health;charset=utf8
[ sql ] [ SQL ] SHOW COLUMNS FROM `hl_config` [ RunTime:0.000980s ]
[ sql ] [ SQL ] SELECT `name`,`title`,`value` FROM `hl_config` WHERE  `id` IN (2,3,4,5,6,7) [ RunTime:0.000322s ]
---------------------------------------------------------------
[ 2018-04-29T10:49:17+08:00 ] 171.8.74.100 POST /index/users/index
[ info ] 121.42.251.110:9696/index/users/index [运行时间：0.023864s][吞吐率：41.90req/s] [内存消耗：2,535.70kb] [文件加载：66]
[ info ] [ BEHAVIOR ] Run Closure @app_init [ RunTime:0.000021s ]
[ info ] [ CACHE ] INIT File
[ info ] [ BEHAVIOR ] Run Closure @app_init [ RunTime:0.000797s ]
[ info ] [ LANG ] /mnt/www/health.com/thinkphp/lang/zh-cn.php
[ info ] [ ROUTE ] array (
  'type' => 'module',
  'module' => 
  array (
    0 => 'index',
    1 => 'users',
    2 => 'index',
  ),
)
[ info ] [ HEADER ] array (
  'accept-encoding' => 'gzip, deflate',
  'referer' => 'http://121.42.251.110:9955/my',
  'accept-language' => 'zh-cn',
  'user-agent' => 'Mozilla/5.0 (iPhone1 02; CPU iPhone OS 11_3 like Mac OS X) AppleWebKit/604.3.5 (KHTML, like Gecko) Version/11.0 MQQBrowser/8.2.1 Mobile/15B87 Safari/604.1 MttCustomUA/2 QBWebViewType/1 WKType/1',
  'accept' => 'application/json, text/plain, */*',
  'connection' => 'keep-alive',
  'content-length' => '0',
  'cookie' => 'PHPSESSID=iq50u9ss8neb2c8t8b373jc93c',
  'origin' => 'http://121.42.251.110:9955',
  'host' => '121.42.251.110:9696',
  'content-type' => '',
)
[ info ] [ PARAM ] array (
)
[ info ] [ LANG ] /mnt/www/health.com/public/../application/index/lang/zh-cn.php
[ info ] [ BEHAVIOR ] Run app\common\behavior\Common @module_init [ RunTime:0.000254s ]
[ info ] [ SESSION ] INIT array (
  'id' => '',
  'var_session_id' => '',
  'prefix' => 'think',
  'type' => '',
  'auto_start' => true,
)
[ info ] [ RUN ] app\index\controller\Users->index[ /mnt/www/health.com/application/index/controller/Users.php ]
[ info ] [ DB ] INIT mysql
[ info ] [ LOG ] INIT File
[ sql ] [ DB ] CONNECT:[ UseTime:0.000595s ] mysql:host=127.0.0.1;dbname=health;charset=utf8
[ sql ] [ SQL ] SHOW COLUMNS FROM `hl_user` [ RunTime:0.001323s ]
[ sql ] [ SQL ] SELECT `pool`,`active_pool`,`mobile`,`token_address` FROM `hl_user` WHERE  `id` = 1 LIMIT 1 [ RunTime:0.000338s ]
---------------------------------------------------------------
[ 2018-04-29T10:49:34+08:00 ] 171.8.74.100 POST /index/quotation/pick_info
[ info ] 121.42.251.110:9696/index/quotation/pick_info [运行时间：0.022990s][吞吐率：43.50req/s] [内存消耗：2,535.65kb] [文件加载：66]
[ info ] [ BEHAVIOR ] Run Closure @app_init [ RunTime:0.000022s ]
[ info ] [ CACHE ] INIT File
[ info ] [ BEHAVIOR ] Run Closure @app_init [ RunTime:0.000779s ]
[ info ] [ LANG ] /mnt/www/health.com/thinkphp/lang/zh-cn.php
[ info ] [ ROUTE ] array (
  'type' => 'module',
  'module' => 
  array (
    0 => 'index',
    1 => 'quotation',
    2 => 'pick_info',
  ),
)
[ info ] [ HEADER ] array (
  'accept-encoding' => 'gzip, deflate',
  'referer' => 'http://121.42.251.110:9955/index',
  'accept-language' => 'zh-cn',
  'user-agent' => 'Mozilla/5.0 (iPhone1 02; CPU iPhone OS 11_3 like Mac OS X) AppleWebKit/604.3.5 (KHTML, like Gecko) Version/11.0 MQQBrowser/8.2.1 Mobile/15B87 Safari/604.1 MttCustomUA/2 QBWebViewType/1 WKType/1',
  'accept' => 'application/json, text/plain, */*',
  'connection' => 'keep-alive',
  'content-length' => '0',
  'cookie' => 'PHPSESSID=iq50u9ss8neb2c8t8b373jc93c',
  'origin' => 'http://121.42.251.110:9955',
  'host' => '121.42.251.110:9696',
  'content-type' => '',
)
[ info ] [ PARAM ] array (
)
[ info ] [ LANG ] /mnt/www/health.com/public/../application/index/lang/zh-cn.php
[ info ] [ BEHAVIOR ] Run app\common\behavior\Common @module_init [ RunTime:0.000259s ]
[ info ] [ SESSION ] INIT array (
  'id' => '',
  'var_session_id' => '',
  'prefix' => 'think',
  'type' => '',
  'auto_start' => true,
)
[ info ] [ RUN ] app\index\controller\Quotation->pick_info[ /mnt/www/health.com/application/index/controller/Quotation.php ]
[ info ] [ DB ] INIT mysql
[ info ] [ LOG ] INIT File
[ sql ] [ DB ] CONNECT:[ UseTime:0.000486s ] mysql:host=127.0.0.1;dbname=health;charset=utf8
[ sql ] [ SQL ] SHOW COLUMNS FROM `hl_config` [ RunTime:0.001183s ]
[ sql ] [ SQL ] SELECT `name`,`title`,`value` FROM `hl_config` WHERE  `id` IN (2,3,4,5,6,7) [ RunTime:0.000351s ]
---------------------------------------------------------------
[ 2018-04-29T10:58:03+08:00 ] 171.8.74.100 POST /index/users/index
[ info ] 121.42.251.110:9696/index/users/index [运行时间：0.023460s][吞吐率：42.63req/s] [内存消耗：2,535.70kb] [文件加载：66]
[ info ] [ BEHAVIOR ] Run Closure @app_init [ RunTime:0.000018s ]
[ info ] [ CACHE ] INIT File
[ info ] [ BEHAVIOR ] Run Closure @app_init [ RunTime:0.000792s ]
[ info ] [ LANG ] /mnt/www/health.com/thinkphp/lang/zh-cn.php
[ info ] [ ROUTE ] array (
  'type' => 'module',
  'module' => 
  array (
    0 => 'index',
    1 => 'users',
    2 => 'index',
  ),
)
[ info ] [ HEADER ] array (
  'accept-encoding' => 'gzip, deflate',
  'referer' => 'http://121.42.251.110:9955/my',
  'accept-language' => 'zh-cn',
  'user-agent' => 'Mozilla/5.0 (iPhone1 02; CPU iPhone OS 11_3 like Mac OS X) AppleWebKit/604.3.5 (KHTML, like Gecko) Version/11.0 MQQBrowser/8.2.1 Mobile/15B87 Safari/604.1 MttCustomUA/2 QBWebViewType/1 WKType/1',
  'accept' => 'application/json, text/plain, */*',
  'connection' => 'keep-alive',
  'content-length' => '0',
  'cookie' => 'PHPSESSID=iq50u9ss8neb2c8t8b373jc93c',
  'origin' => 'http://121.42.251.110:9955',
  'host' => '121.42.251.110:9696',
  'content-type' => '',
)
[ info ] [ PARAM ] array (
)
[ info ] [ LANG ] /mnt/www/health.com/public/../application/index/lang/zh-cn.php
[ info ] [ BEHAVIOR ] Run app\common\behavior\Common @module_init [ RunTime:0.000264s ]
[ info ] [ SESSION ] INIT array (
  'id' => '',
  'var_session_id' => '',
  'prefix' => 'think',
  'type' => '',
  'auto_start' => true,
)
[ info ] [ RUN ] app\index\controller\Users->index[ /mnt/www/health.com/application/index/controller/Users.php ]
[ info ] [ DB ] INIT mysql
[ info ] [ LOG ] INIT File
[ sql ] [ DB ] CONNECT:[ UseTime:0.000408s ] mysql:host=127.0.0.1;dbname=health;charset=utf8
[ sql ] [ SQL ] SHOW COLUMNS FROM `hl_user` [ RunTime:0.001118s ]
[ sql ] [ SQL ] SELECT `pool`,`active_pool`,`mobile`,`token_address` FROM `hl_user` WHERE  `id` = 1 LIMIT 1 [ RunTime:0.000281s ]
---------------------------------------------------------------
[ 2018-04-29T10:58:06+08:00 ] 171.8.74.100 POST /index/quotation/pick_info
[ info ] 121.42.251.110:9696/index/quotation/pick_info [运行时间：0.023022s][吞吐率：43.44req/s] [内存消耗：2,535.65kb] [文件加载：66]
[ info ] [ BEHAVIOR ] Run Closure @app_init [ RunTime:0.000021s ]
[ info ] [ CACHE ] INIT File
[ info ] [ BEHAVIOR ] Run Closure @app_init [ RunTime:0.000757s ]
[ info ] [ LANG ] /mnt/www/health.com/thinkphp/lang/zh-cn.php
[ info ] [ ROUTE ] array (
  'type' => 'module',
  'module' => 
  array (
    0 => 'index',
    1 => 'quotation',
    2 => 'pick_info',
  ),
)
[ info ] [ HEADER ] array (
  'accept-encoding' => 'gzip, deflate',
  'referer' => 'http://121.42.251.110:9955/index',
  'accept-language' => 'zh-cn',
  'user-agent' => 'Mozilla/5.0 (iPhone1 02; CPU iPhone OS 11_3 like Mac OS X) AppleWebKit/604.3.5 (KHTML, like Gecko) Version/11.0 MQQBrowser/8.2.1 Mobile/15B87 Safari/604.1 MttCustomUA/2 QBWebViewType/1 WKType/1',
  'accept' => 'application/json, text/plain, */*',
  'connection' => 'keep-alive',
  'content-length' => '0',
  'cookie' => 'PHPSESSID=iq50u9ss8neb2c8t8b373jc93c',
  'origin' => 'http://121.42.251.110:9955',
  'host' => '121.42.251.110:9696',
  'content-type' => '',
)
[ info ] [ PARAM ] array (
)
[ info ] [ LANG ] /mnt/www/health.com/public/../application/index/lang/zh-cn.php
[ info ] [ BEHAVIOR ] Run app\common\behavior\Common @module_init [ RunTime:0.000253s ]
[ info ] [ SESSION ] INIT array (
  'id' => '',
  'var_session_id' => '',
  'prefix' => 'think',
  'type' => '',
  'auto_start' => true,
)
[ info ] [ RUN ] app\index\controller\Quotation->pick_info[ /mnt/www/health.com/application/index/controller/Quotation.php ]
[ info ] [ DB ] INIT mysql
[ info ] [ LOG ] INIT File
[ sql ] [ DB ] CONNECT:[ UseTime:0.000500s ] mysql:host=127.0.0.1;dbname=health;charset=utf8
[ sql ] [ SQL ] SHOW COLUMNS FROM `hl_config` [ RunTime:0.001068s ]
[ sql ] [ SQL ] SELECT `name`,`title`,`value` FROM `hl_config` WHERE  `id` IN (2,3,4,5,6,7) [ RunTime:0.000384s ]
---------------------------------------------------------------
[ 2018-04-29T11:00:49+08:00 ] 171.8.74.100 OPTIONS /index/auth/login
[ info ] 121.42.251.110:9696/index/auth/login [运行时间：0.016834s][吞吐率：59.40req/s] [内存消耗：1,822.53kb] [文件加载：60]
[ info ] [ BEHAVIOR ] Run Closure @app_init [ RunTime:0.000023s ]
[ info ] [ CACHE ] INIT File
[ info ] [ BEHAVIOR ] Run Closure @app_init [ RunTime:0.000813s ]
[ info ] [ LANG ] /mnt/www/health.com/thinkphp/lang/zh-cn.php
[ info ] [ ROUTE ] array (
  'type' => 'module',
  'module' => 
  array (
    0 => 'index',
    1 => 'auth',
    2 => 'login',
  ),
)
[ info ] [ HEADER ] array (
  'accept' => '*/*',
  'referer' => 'http://121.42.251.110:9955/login',
  'user-agent' => 'Mozilla/5.0 (iPhone; CPU iPhone OS 11_0_1 like Mac OS X) AppleWebKit/604.2.10 (KHTML, like Gecko) Mobile/15A8391 baiduboxapp/10.5.5.10 (Baidu; P2 11.0.1)',
  'connection' => 'keep-alive',
  'content-length' => '0',
  'access-control-request-headers' => 'content-type',
  'origin' => 'http://121.42.251.110:9955',
  'hadesurlheader' => '',
  'accept-language' => 'zh-cn',
  'access-control-request-method' => 'POST',
  'accept-encoding' => 'gzip, deflate',
  'host' => '121.42.251.110:9696',
  'content-type' => '',
)
[ info ] [ PARAM ] array (
)
[ info ] [ LANG ] /mnt/www/health.com/public/../application/index/lang/zh-cn.php
[ info ] [ BEHAVIOR ] Run app\common\behavior\Common @module_init [ RunTime:0.000325s ]
[ info ] [ RUN ] app\index\controller\Auth->login[ /mnt/www/health.com/application/index/controller/Auth.php ]
[ info ] [ LOG ] INIT File
---------------------------------------------------------------
[ 2018-04-29T11:00:54+08:00 ] 171.8.74.100 OPTIONS /index/auth/login
[ info ] 121.42.251.110:9696/index/auth/login [运行时间：0.017414s][吞吐率：57.42req/s] [内存消耗：1,822.53kb] [文件加载：60]
[ info ] [ BEHAVIOR ] Run Closure @app_init [ RunTime:0.000022s ]
[ info ] [ CACHE ] INIT File
[ info ] [ BEHAVIOR ] Run Closure @app_init [ RunTime:0.000782s ]
[ info ] [ LANG ] /mnt/www/health.com/thinkphp/lang/zh-cn.php
[ info ] [ ROUTE ] array (
  'type' => 'module',
  'module' => 
  array (
    0 => 'index',
    1 => 'auth',
    2 => 'login',
  ),
)
[ info ] [ HEADER ] array (
  'accept' => '*/*',
  'referer' => 'http://121.42.251.110:9955/login',
  'user-agent' => 'Mozilla/5.0 (iPhone; CPU iPhone OS 11_0_1 like Mac OS X) AppleWebKit/604.2.10 (KHTML, like Gecko) Mobile/15A8391 baiduboxapp/10.5.5.10 (Baidu; P2 11.0.1)',
  'connection' => 'keep-alive',
  'content-length' => '0',
  'access-control-request-headers' => 'content-type',
  'origin' => 'http://121.42.251.110:9955',
  'hadesurlheader' => '',
  'accept-language' => 'zh-cn',
  'access-control-request-method' => 'POST',
  'accept-encoding' => 'gzip, deflate',
  'host' => '121.42.251.110:9696',
  'content-type' => '',
)
[ info ] [ PARAM ] array (
)
[ info ] [ LANG ] /mnt/www/health.com/public/../application/index/lang/zh-cn.php
[ info ] [ BEHAVIOR ] Run app\common\behavior\Common @module_init [ RunTime:0.000256s ]
[ info ] [ RUN ] app\index\controller\Auth->login[ /mnt/www/health.com/application/index/controller/Auth.php ]
[ info ] [ LOG ] INIT File
---------------------------------------------------------------
[ 2018-04-29T11:01:07+08:00 ] 171.8.74.100 OPTIONS /index/auth/login
[ info ] 121.42.251.110:9696/index/auth/login [运行时间：0.016448s][吞吐率：60.80req/s] [内存消耗：1,822.53kb] [文件加载：60]
[ info ] [ BEHAVIOR ] Run Closure @app_init [ RunTime:0.000021s ]
[ info ] [ CACHE ] INIT File
[ info ] [ BEHAVIOR ] Run Closure @app_init [ RunTime:0.000776s ]
[ info ] [ LANG ] /mnt/www/health.com/thinkphp/lang/zh-cn.php
[ info ] [ ROUTE ] array (
  'type' => 'module',
  'module' => 
  array (
    0 => 'index',
    1 => 'auth',
    2 => 'login',
  ),
)
[ info ] [ HEADER ] array (
  'accept' => '*/*',
  'referer' => 'http://121.42.251.110:9955/login',
  'user-agent' => 'Mozilla/5.0 (iPhone; CPU iPhone OS 11_0_1 like Mac OS X) AppleWebKit/604.2.10 (KHTML, like Gecko) Mobile/15A8391 baiduboxapp/10.5.5.10 (Baidu; P2 11.0.1)',
  'connection' => 'keep-alive',
  'content-length' => '0',
  'access-control-request-headers' => 'content-type',
  'origin' => 'http://121.42.251.110:9955',
  'hadesurlheader' => '',
  'accept-language' => 'zh-cn',
  'access-control-request-method' => 'POST',
  'accept-encoding' => 'gzip, deflate',
  'host' => '121.42.251.110:9696',
  'content-type' => '',
)
[ info ] [ PARAM ] array (
)
[ info ] [ LANG ] /mnt/www/health.com/public/../application/index/lang/zh-cn.php
[ info ] [ BEHAVIOR ] Run app\common\behavior\Common @module_init [ RunTime:0.000186s ]
[ info ] [ RUN ] app\index\controller\Auth->login[ /mnt/www/health.com/application/index/controller/Auth.php ]
[ info ] [ LOG ] INIT File
---------------------------------------------------------------
[ 2018-04-29T11:01:07+08:00 ] 171.8.74.100 POST /index/auth/login
[ info ] 121.42.251.110:9696/index/auth/login [运行时间：0.025333s][吞吐率：39.47req/s] [内存消耗：2,566.31kb] [文件加载：66]
[ info ] [ BEHAVIOR ] Run Closure @app_init [ RunTime:0.000022s ]
[ info ] [ CACHE ] INIT File
[ info ] [ BEHAVIOR ] Run Closure @app_init [ RunTime:0.000788s ]
[ info ] [ LANG ] /mnt/www/health.com/thinkphp/lang/zh-cn.php
[ info ] [ ROUTE ] array (
  'type' => 'module',
  'module' => 
  array (
    0 => 'index',
    1 => 'auth',
    2 => 'login',
  ),
)
[ info ] [ HEADER ] array (
  'hadesurlheader' => '',
  'content-length' => '43',
  'referer' => 'http://121.42.251.110:9955/login',
  'user-agent' => 'Mozilla/5.0 (iPhone; CPU iPhone OS 11_0_1 like Mac OS X) AppleWebKit/604.2.10 (KHTML, like Gecko) Mobile/15A8391 baiduboxapp/10.5.5.10 (Baidu; P2 11.0.1)',
  'accept' => 'application/json, text/plain, */*',
  'connection' => 'keep-alive',
  'accept-encoding' => 'gzip, deflate',
  'accept-language' => 'zh-cn',
  'origin' => 'http://121.42.251.110:9955',
  'content-type' => 'application/json;charset=UTF-8',
  'host' => '121.42.251.110:9696',
)
[ info ] [ PARAM ] array (
  'phone' => '13633863351',
  'password' => '863351',
)
[ info ] [ LANG ] /mnt/www/health.com/public/../application/index/lang/zh-cn.php
[ info ] [ BEHAVIOR ] Run app\common\behavior\Common @module_init [ RunTime:0.000186s ]
[ info ] [ RUN ] app\index\controller\Auth->login[ /mnt/www/health.com/application/index/controller/Auth.php ]
[ info ] [ DB ] INIT mysql
[ info ] [ SESSION ] INIT array (
  'id' => '',
  'var_session_id' => '',
  'prefix' => 'think',
  'type' => '',
  'auto_start' => true,
)
[ info ] [ LOG ] INIT File
[ sql ] [ DB ] CONNECT:[ UseTime:0.000583s ] mysql:host=127.0.0.1;dbname=health;charset=utf8
[ sql ] [ SQL ] SHOW COLUMNS FROM `hl_user` [ RunTime:0.001260s ]
[ sql ] [ SQL ] SELECT * FROM `hl_user` WHERE  `mobile` = '13633863351' LIMIT 1 [ RunTime:0.000497s ]
---------------------------------------------------------------
[ 2018-04-29T11:01:07+08:00 ] 171.8.74.100 POST /index/quotation/pick_info
[ info ] 121.42.251.110:9696/index/quotation/pick_info [运行时间：0.024072s][吞吐率：41.54req/s] [内存消耗：2,535.56kb] [文件加载：66]
[ info ] [ BEHAVIOR ] Run Closure @app_init [ RunTime:0.000022s ]
[ info ] [ CACHE ] INIT File
[ info ] [ BEHAVIOR ] Run Closure @app_init [ RunTime:0.000768s ]
[ info ] [ LANG ] /mnt/www/health.com/thinkphp/lang/zh-cn.php
[ info ] [ ROUTE ] array (
  'type' => 'module',
  'module' => 
  array (
    0 => 'index',
    1 => 'quotation',
    2 => 'pick_info',
  ),
)
[ info ] [ HEADER ] array (
  'hadesurlheader' => '',
  'referer' => 'http://121.42.251.110:9955/index',
  'accept-language' => 'zh-cn',
  'user-agent' => 'Mozilla/5.0 (iPhone; CPU iPhone OS 11_0_1 like Mac OS X) AppleWebKit/604.2.10 (KHTML, like Gecko) Mobile/15A8391 baiduboxapp/10.5.5.10 (Baidu; P2 11.0.1)',
  'accept' => 'application/json, text/plain, */*',
  'connection' => 'keep-alive',
  'content-length' => '0',
  'cookie' => 'PHPSESSID=tbsd556nkht18c11d367q3bjlq',
  'accept-encoding' => 'gzip, deflate',
  'origin' => 'http://121.42.251.110:9955',
  'host' => '121.42.251.110:9696',
  'content-type' => '',
)
[ info ] [ PARAM ] array (
)
[ info ] [ LANG ] /mnt/www/health.com/public/../application/index/lang/zh-cn.php
[ info ] [ BEHAVIOR ] Run app\common\behavior\Common @module_init [ RunTime:0.000259s ]
[ info ] [ SESSION ] INIT array (
  'id' => '',
  'var_session_id' => '',
  'prefix' => 'think',
  'type' => '',
  'auto_start' => true,
)
[ info ] [ RUN ] app\index\controller\Quotation->pick_info[ /mnt/www/health.com/application/index/controller/Quotation.php ]
[ info ] [ DB ] INIT mysql
[ info ] [ LOG ] INIT File
[ sql ] [ DB ] CONNECT:[ UseTime:0.000468s ] mysql:host=127.0.0.1;dbname=health;charset=utf8
[ sql ] [ SQL ] SHOW COLUMNS FROM `hl_config` [ RunTime:0.001164s ]
[ sql ] [ SQL ] SELECT `name`,`title`,`value` FROM `hl_config` WHERE  `id` IN (2,3,4,5,6,7) [ RunTime:0.000398s ]
---------------------------------------------------------------
[ 2018-04-29T11:01:24+08:00 ] 171.8.74.100 POST /index/users/index
[ info ] 121.42.251.110:9696/index/users/index [运行时间：0.024165s][吞吐率：41.38req/s] [内存消耗：2,535.61kb] [文件加载：66]
[ info ] [ BEHAVIOR ] Run Closure @app_init [ RunTime:0.000022s ]
[ info ] [ CACHE ] INIT File
[ info ] [ BEHAVIOR ] Run Closure @app_init [ RunTime:0.000800s ]
[ info ] [ LANG ] /mnt/www/health.com/thinkphp/lang/zh-cn.php
[ info ] [ ROUTE ] array (
  'type' => 'module',
  'module' => 
  array (
    0 => 'index',
    1 => 'users',
    2 => 'index',
  ),
)
[ info ] [ HEADER ] array (
  'hadesurlheader' => '',
  'referer' => 'http://121.42.251.110:9955/my',
  'accept-language' => 'zh-cn',
  'user-agent' => 'Mozilla/5.0 (iPhone; CPU iPhone OS 11_0_1 like Mac OS X) AppleWebKit/604.2.10 (KHTML, like Gecko) Mobile/15A8391 baiduboxapp/10.5.5.10 (Baidu; P2 11.0.1)',
  'accept' => 'application/json, text/plain, */*',
  'connection' => 'keep-alive',
  'content-length' => '0',
  'cookie' => 'PHPSESSID=tbsd556nkht18c11d367q3bjlq',
  'accept-encoding' => 'gzip, deflate',
  'origin' => 'http://121.42.251.110:9955',
  'host' => '121.42.251.110:9696',
  'content-type' => '',
)
[ info ] [ PARAM ] array (
)
[ info ] [ LANG ] /mnt/www/health.com/public/../application/index/lang/zh-cn.php
[ info ] [ BEHAVIOR ] Run app\common\behavior\Common @module_init [ RunTime:0.000274s ]
[ info ] [ SESSION ] INIT array (
  'id' => '',
  'var_session_id' => '',
  'prefix' => 'think',
  'type' => '',
  'auto_start' => true,
)
[ info ] [ RUN ] app\index\controller\Users->index[ /mnt/www/health.com/application/index/controller/Users.php ]
[ info ] [ DB ] INIT mysql
[ info ] [ LOG ] INIT File
[ sql ] [ DB ] CONNECT:[ UseTime:0.000658s ] mysql:host=127.0.0.1;dbname=health;charset=utf8
[ sql ] [ SQL ] SHOW COLUMNS FROM `hl_user` [ RunTime:0.001285s ]
[ sql ] [ SQL ] SELECT `pool`,`active_pool`,`mobile`,`token_address` FROM `hl_user` WHERE  `id` = 135 LIMIT 1 [ RunTime:0.000394s ]
---------------------------------------------------------------
[ 2018-04-29T11:07:41+08:00 ] 171.8.74.100 POST /index/quotation/pick_info
[ info ] 121.42.251.110:9696/index/quotation/pick_info [运行时间：0.023316s][吞吐率：42.89req/s] [内存消耗：2,535.56kb] [文件加载：66]
[ info ] [ BEHAVIOR ] Run Closure @app_init [ RunTime:0.000021s ]
[ info ] [ CACHE ] INIT File
[ info ] [ BEHAVIOR ] Run Closure @app_init [ RunTime:0.000787s ]
[ info ] [ LANG ] /mnt/www/health.com/thinkphp/lang/zh-cn.php
[ info ] [ ROUTE ] array (
  'type' => 'module',
  'module' => 
  array (
    0 => 'index',
    1 => 'quotation',
    2 => 'pick_info',
  ),
)
[ info ] [ HEADER ] array (
  'hadesurlheader' => '',
  'referer' => 'http://121.42.251.110:9955/index',
  'accept-language' => 'zh-cn',
  'user-agent' => 'Mozilla/5.0 (iPhone; CPU iPhone OS 11_0_1 like Mac OS X) AppleWebKit/604.2.10 (KHTML, like Gecko) Mobile/15A8391 baiduboxapp/10.5.5.10 (Baidu; P2 11.0.1)',
  'accept' => 'application/json, text/plain, */*',
  'connection' => 'keep-alive',
  'content-length' => '0',
  'cookie' => 'PHPSESSID=tbsd556nkht18c11d367q3bjlq',
  'accept-encoding' => 'gzip, deflate',
  'origin' => 'http://121.42.251.110:9955',
  'host' => '121.42.251.110:9696',
  'content-type' => '',
)
[ info ] [ PARAM ] array (
)
[ info ] [ LANG ] /mnt/www/health.com/public/../application/index/lang/zh-cn.php
[ info ] [ BEHAVIOR ] Run app\common\behavior\Common @module_init [ RunTime:0.000185s ]
[ info ] [ SESSION ] INIT array (
  'id' => '',
  'var_session_id' => '',
  'prefix' => 'think',
  'type' => '',
  'auto_start' => true,
)
[ info ] [ RUN ] app\index\controller\Quotation->pick_info[ /mnt/www/health.com/application/index/controller/Quotation.php ]
[ info ] [ DB ] INIT mysql
[ info ] [ LOG ] INIT File
[ sql ] [ DB ] CONNECT:[ UseTime:0.000535s ] mysql:host=127.0.0.1;dbname=health;charset=utf8
[ sql ] [ SQL ] SHOW COLUMNS FROM `hl_config` [ RunTime:0.001109s ]
[ sql ] [ SQL ] SELECT `name`,`title`,`value` FROM `hl_config` WHERE  `id` IN (2,3,4,5,6,7) [ RunTime:0.000403s ]
---------------------------------------------------------------
[ 2018-04-29T11:23:43+08:00 ] 171.8.74.100 POST /index/users/index
[ info ] 121.42.251.110:9696/index/users/index [运行时间：0.023499s][吞吐率：42.55req/s] [内存消耗：2,535.61kb] [文件加载：66]
[ info ] [ BEHAVIOR ] Run Closure @app_init [ RunTime:0.000023s ]
[ info ] [ CACHE ] INIT File
[ info ] [ BEHAVIOR ] Run Closure @app_init [ RunTime:0.000797s ]
[ info ] [ LANG ] /mnt/www/health.com/thinkphp/lang/zh-cn.php
[ info ] [ ROUTE ] array (
  'type' => 'module',
  'module' => 
  array (
    0 => 'index',
    1 => 'users',
    2 => 'index',
  ),
)
[ info ] [ HEADER ] array (
  'hadesurlheader' => '',
  'referer' => 'http://121.42.251.110:9955/my',
  'accept-language' => 'zh-cn',
  'user-agent' => 'Mozilla/5.0 (iPhone; CPU iPhone OS 11_0_1 like Mac OS X) AppleWebKit/604.2.10 (KHTML, like Gecko) Mobile/15A8391 baiduboxapp/10.5.5.10 (Baidu; P2 11.0.1)',
  'accept' => 'application/json, text/plain, */*',
  'connection' => 'keep-alive',
  'content-length' => '0',
  'cookie' => 'PHPSESSID=tbsd556nkht18c11d367q3bjlq',
  'accept-encoding' => 'gzip, deflate',
  'origin' => 'http://121.42.251.110:9955',
  'host' => '121.42.251.110:9696',
  'content-type' => '',
)
[ info ] [ PARAM ] array (
)
[ info ] [ LANG ] /mnt/www/health.com/public/../application/index/lang/zh-cn.php
[ info ] [ BEHAVIOR ] Run app\common\behavior\Common @module_init [ RunTime:0.000187s ]
[ info ] [ SESSION ] INIT array (
  'id' => '',
  'var_session_id' => '',
  'prefix' => 'think',
  'type' => '',
  'auto_start' => true,
)
[ info ] [ RUN ] app\index\controller\Users->index[ /mnt/www/health.com/application/index/controller/Users.php ]
[ info ] [ DB ] INIT mysql
[ info ] [ LOG ] INIT File
[ sql ] [ DB ] CONNECT:[ UseTime:0.000489s ] mysql:host=127.0.0.1;dbname=health;charset=utf8
[ sql ] [ SQL ] SHOW COLUMNS FROM `hl_user` [ RunTime:0.001217s ]
[ sql ] [ SQL ] SELECT `pool`,`active_pool`,`mobile`,`token_address` FROM `hl_user` WHERE  `id` = 135 LIMIT 1 [ RunTime:0.000360s ]
---------------------------------------------------------------
[ 2018-04-29T11:23:46+08:00 ] 171.8.74.100 POST /index/quotation/pick_info
[ info ] 121.42.251.110:9696/index/quotation/pick_info [运行时间：0.023223s][吞吐率：43.06req/s] [内存消耗：2,535.56kb] [文件加载：66]
[ info ] [ BEHAVIOR ] Run Closure @app_init [ RunTime:0.000022s ]
[ info ] [ CACHE ] INIT File
[ info ] [ BEHAVIOR ] Run Closure @app_init [ RunTime:0.000773s ]
[ info ] [ LANG ] /mnt/www/health.com/thinkphp/lang/zh-cn.php
[ info ] [ ROUTE ] array (
  'type' => 'module',
  'module' => 
  array (
    0 => 'index',
    1 => 'quotation',
    2 => 'pick_info',
  ),
)
[ info ] [ HEADER ] array (
  'hadesurlheader' => '',
  'referer' => 'http://121.42.251.110:9955/index',
  'accept-language' => 'zh-cn',
  'user-agent' => 'Mozilla/5.0 (iPhone; CPU iPhone OS 11_0_1 like Mac OS X) AppleWebKit/604.2.10 (KHTML, like Gecko) Mobile/15A8391 baiduboxapp/10.5.5.10 (Baidu; P2 11.0.1)',
  'accept' => 'application/json, text/plain, */*',
  'connection' => 'keep-alive',
  'content-length' => '0',
  'cookie' => 'PHPSESSID=tbsd556nkht18c11d367q3bjlq',
  'accept-encoding' => 'gzip, deflate',
  'origin' => 'http://121.42.251.110:9955',
  'host' => '121.42.251.110:9696',
  'content-type' => '',
)
[ info ] [ PARAM ] array (
)
[ info ] [ LANG ] /mnt/www/health.com/public/../application/index/lang/zh-cn.php
[ info ] [ BEHAVIOR ] Run app\common\behavior\Common @module_init [ RunTime:0.000179s ]
[ info ] [ SESSION ] INIT array (
  'id' => '',
  'var_session_id' => '',
  'prefix' => 'think',
  'type' => '',
  'auto_start' => true,
)
[ info ] [ RUN ] app\index\controller\Quotation->pick_info[ /mnt/www/health.com/application/index/controller/Quotation.php ]
[ info ] [ DB ] INIT mysql
[ info ] [ LOG ] INIT File
[ sql ] [ DB ] CONNECT:[ UseTime:0.000643s ] mysql:host=127.0.0.1;dbname=health;charset=utf8
[ sql ] [ SQL ] SHOW COLUMNS FROM `hl_config` [ RunTime:0.001243s ]
[ sql ] [ SQL ] SELECT `name`,`title`,`value` FROM `hl_config` WHERE  `id` IN (2,3,4,5,6,7) [ RunTime:0.000397s ]
---------------------------------------------------------------
[ 2018-04-29T11:24:07+08:00 ] 171.8.74.100 OPTIONS /index/auth/login
[ info ] 121.42.251.110:9696/index/auth/login [运行时间：0.016369s][吞吐率：61.09req/s] [内存消耗：1,822.53kb] [文件加载：60]
[ info ] [ BEHAVIOR ] Run Closure @app_init [ RunTime:0.000022s ]
[ info ] [ CACHE ] INIT File
[ info ] [ BEHAVIOR ] Run Closure @app_init [ RunTime:0.000807s ]
[ info ] [ LANG ] /mnt/www/health.com/thinkphp/lang/zh-cn.php
[ info ] [ ROUTE ] array (
  'type' => 'module',
  'module' => 
  array (
    0 => 'index',
    1 => 'auth',
    2 => 'login',
  ),
)
[ info ] [ HEADER ] array (
  'accept' => '*/*',
  'referer' => 'http://121.42.251.110:9955/login',
  'user-agent' => 'Mozilla/5.0 (iPhone; CPU iPhone OS 11_0_1 like Mac OS X) AppleWebKit/604.2.10 (KHTML, like Gecko) Mobile/15A8391 baiduboxapp/10.5.5.10 (Baidu; P2 11.0.1)',
  'connection' => 'keep-alive',
  'content-length' => '0',
  'access-control-request-headers' => 'content-type',
  'origin' => 'http://121.42.251.110:9955',
  'hadesurlheader' => '',
  'accept-language' => 'zh-cn',
  'access-control-request-method' => 'POST',
  'accept-encoding' => 'gzip, deflate',
  'host' => '121.42.251.110:9696',
  'content-type' => '',
)
[ info ] [ PARAM ] array (
)
[ info ] [ LANG ] /mnt/www/health.com/public/../application/index/lang/zh-cn.php
[ info ] [ BEHAVIOR ] Run app\common\behavior\Common @module_init [ RunTime:0.000244s ]
[ info ] [ RUN ] app\index\controller\Auth->login[ /mnt/www/health.com/application/index/controller/Auth.php ]
[ info ] [ LOG ] INIT File
---------------------------------------------------------------
[ 2018-04-29T11:24:08+08:00 ] 171.8.74.100 POST /index/auth/login
[ info ] 121.42.251.110:9696/index/auth/login [运行时间：0.024266s][吞吐率：41.21req/s] [内存消耗：2,566.48kb] [文件加载：66]
[ info ] [ BEHAVIOR ] Run Closure @app_init [ RunTime:0.000022s ]
[ info ] [ CACHE ] INIT File
[ info ] [ BEHAVIOR ] Run Closure @app_init [ RunTime:0.000769s ]
[ info ] [ LANG ] /mnt/www/health.com/thinkphp/lang/zh-cn.php
[ info ] [ ROUTE ] array (
  'type' => 'module',
  'module' => 
  array (
    0 => 'index',
    1 => 'auth',
    2 => 'login',
  ),
)
[ info ] [ HEADER ] array (
  'cookie' => 'PHPSESSID=tbsd556nkht18c11d367q3bjlq',
  'content-length' => '43',
  'referer' => 'http://121.42.251.110:9955/login',
  'connection' => 'keep-alive',
  'user-agent' => 'Mozilla/5.0 (iPhone; CPU iPhone OS 11_0_1 like Mac OS X) AppleWebKit/604.2.10 (KHTML, like Gecko) Mobile/15A8391 baiduboxapp/10.5.5.10 (Baidu; P2 11.0.1)',
  'origin' => 'http://121.42.251.110:9955',
  'content-type' => 'application/json;charset=UTF-8',
  'hadesurlheader' => '',
  'accept-encoding' => 'gzip, deflate',
  'accept-language' => 'zh-cn',
  'accept' => 'application/json, text/plain, */*',
  'host' => '121.42.251.110:9696',
)
[ info ] [ PARAM ] array (
  'phone' => '13633863351',
  'password' => '863351',
)
[ info ] [ LANG ] /mnt/www/health.com/public/../application/index/lang/zh-cn.php
[ info ] [ BEHAVIOR ] Run app\common\behavior\Common @module_init [ RunTime:0.000191s ]
[ info ] [ RUN ] app\index\controller\Auth->login[ /mnt/www/health.com/application/index/controller/Auth.php ]
[ info ] [ DB ] INIT mysql
[ info ] [ SESSION ] INIT array (
  'id' => '',
  'var_session_id' => '',
  'prefix' => 'think',
  'type' => '',
  'auto_start' => true,
)
[ info ] [ LOG ] INIT File
[ sql ] [ DB ] CONNECT:[ UseTime:0.000481s ] mysql:host=127.0.0.1;dbname=health;charset=utf8
[ sql ] [ SQL ] SHOW COLUMNS FROM `hl_user` [ RunTime:0.001195s ]
[ sql ] [ SQL ] SELECT * FROM `hl_user` WHERE  `mobile` = '13633863351' LIMIT 1 [ RunTime:0.000504s ]
---------------------------------------------------------------
[ 2018-04-29T11:24:08+08:00 ] 171.8.74.100 POST /index/quotation/pick_info
[ info ] 121.42.251.110:9696/index/quotation/pick_info [运行时间：0.022682s][吞吐率：44.09req/s] [内存消耗：2,535.56kb] [文件加载：66]
[ info ] [ BEHAVIOR ] Run Closure @app_init [ RunTime:0.000021s ]
[ info ] [ CACHE ] INIT File
[ info ] [ BEHAVIOR ] Run Closure @app_init [ RunTime:0.000759s ]
[ info ] [ LANG ] /mnt/www/health.com/thinkphp/lang/zh-cn.php
[ info ] [ ROUTE ] array (
  'type' => 'module',
  'module' => 
  array (
    0 => 'index',
    1 => 'quotation',
    2 => 'pick_info',
  ),
)
[ info ] [ HEADER ] array (
  'hadesurlheader' => '',
  'referer' => 'http://121.42.251.110:9955/index',
  'accept-language' => 'zh-cn',
  'user-agent' => 'Mozilla/5.0 (iPhone; CPU iPhone OS 11_0_1 like Mac OS X) AppleWebKit/604.2.10 (KHTML, like Gecko) Mobile/15A8391 baiduboxapp/10.5.5.10 (Baidu; P2 11.0.1)',
  'accept' => 'application/json, text/plain, */*',
  'connection' => 'keep-alive',
  'content-length' => '0',
  'cookie' => 'PHPSESSID=tbsd556nkht18c11d367q3bjlq',
  'accept-encoding' => 'gzip, deflate',
  'origin' => 'http://121.42.251.110:9955',
  'host' => '121.42.251.110:9696',
  'content-type' => '',
)
[ info ] [ PARAM ] array (
)
[ info ] [ LANG ] /mnt/www/health.com/public/../application/index/lang/zh-cn.php
[ info ] [ BEHAVIOR ] Run app\common\behavior\Common @module_init [ RunTime:0.000199s ]
[ info ] [ SESSION ] INIT array (
  'id' => '',
  'var_session_id' => '',
  'prefix' => 'think',
  'type' => '',
  'auto_start' => true,
)
[ info ] [ RUN ] app\index\controller\Quotation->pick_info[ /mnt/www/health.com/application/index/controller/Quotation.php ]
[ info ] [ DB ] INIT mysql
[ info ] [ LOG ] INIT File
[ sql ] [ DB ] CONNECT:[ UseTime:0.000451s ] mysql:host=127.0.0.1;dbname=health;charset=utf8
[ sql ] [ SQL ] SHOW COLUMNS FROM `hl_config` [ RunTime:0.001086s ]
[ sql ] [ SQL ] SELECT `name`,`title`,`value` FROM `hl_config` WHERE  `id` IN (2,3,4,5,6,7) [ RunTime:0.000338s ]
---------------------------------------------------------------
[ 2018-04-29T11:24:53+08:00 ] 171.8.74.100 POST /index/users/index
[ info ] 121.42.251.110:9696/index/users/index [运行时间：0.023839s][吞吐率：41.95req/s] [内存消耗：2,535.61kb] [文件加载：66]
[ info ] [ BEHAVIOR ] Run Closure @app_init [ RunTime:0.000022s ]
[ info ] [ CACHE ] INIT File
[ info ] [ BEHAVIOR ] Run Closure @app_init [ RunTime:0.000819s ]
[ info ] [ LANG ] /mnt/www/health.com/thinkphp/lang/zh-cn.php
[ info ] [ ROUTE ] array (
  'type' => 'module',
  'module' => 
  array (
    0 => 'index',
    1 => 'users',
    2 => 'index',
  ),
)
[ info ] [ HEADER ] array (
  'hadesurlheader' => '',
  'referer' => 'http://121.42.251.110:9955/my',
  'accept-language' => 'zh-cn',
  'user-agent' => 'Mozilla/5.0 (iPhone; CPU iPhone OS 11_0_1 like Mac OS X) AppleWebKit/604.2.10 (KHTML, like Gecko) Mobile/15A8391 baiduboxapp/10.5.5.10 (Baidu; P2 11.0.1)',
  'accept' => 'application/json, text/plain, */*',
  'connection' => 'keep-alive',
  'content-length' => '0',
  'cookie' => 'PHPSESSID=tbsd556nkht18c11d367q3bjlq',
  'accept-encoding' => 'gzip, deflate',
  'origin' => 'http://121.42.251.110:9955',
  'host' => '121.42.251.110:9696',
  'content-type' => '',
)
[ info ] [ PARAM ] array (
)
[ info ] [ LANG ] /mnt/www/health.com/public/../application/index/lang/zh-cn.php
[ info ] [ BEHAVIOR ] Run app\common\behavior\Common @module_init [ RunTime:0.000241s ]
[ info ] [ SESSION ] INIT array (
  'id' => '',
  'var_session_id' => '',
  'prefix' => 'think',
  'type' => '',
  'auto_start' => true,
)
[ info ] [ RUN ] app\index\controller\Users->index[ /mnt/www/health.com/application/index/controller/Users.php ]
[ info ] [ DB ] INIT mysql
[ info ] [ LOG ] INIT File
[ sql ] [ DB ] CONNECT:[ UseTime:0.000514s ] mysql:host=127.0.0.1;dbname=health;charset=utf8
[ sql ] [ SQL ] SHOW COLUMNS FROM `hl_user` [ RunTime:0.001299s ]
[ sql ] [ SQL ] SELECT `pool`,`active_pool`,`mobile`,`token_address` FROM `hl_user` WHERE  `id` = 135 LIMIT 1 [ RunTime:0.000355s ]
---------------------------------------------------------------
[ 2018-04-29T11:51:22+08:00 ] 106.34.224.8 OPTIONS /index/auth/login
[ info ] 121.42.251.110:9696/index/auth/login [运行时间：0.017998s][吞吐率：55.56req/s] [内存消耗：1,822.49kb] [文件加载：60]
[ info ] [ BEHAVIOR ] Run Closure @app_init [ RunTime:0.000022s ]
[ info ] [ CACHE ] INIT File
[ info ] [ BEHAVIOR ] Run Closure @app_init [ RunTime:0.000791s ]
[ info ] [ LANG ] /mnt/www/health.com/thinkphp/lang/zh-cn.php
[ info ] [ ROUTE ] array (
  'type' => 'module',
  'module' => 
  array (
    0 => 'index',
    1 => 'auth',
    2 => 'login',
  ),
)
[ info ] [ HEADER ] array (
  'accept-encoding' => 'gzip, deflate',
  'accept-language' => 'zh-cn',
  'referer' => 'http://121.42.251.110:9955/login',
  'user-agent' => 'Mozilla/5.0 (iPhone 92; CPU iPhone OS 10_2_1 like Mac OS X) AppleWebKit/602.4.6 (KHTML, like Gecko) Version/10.0 MQQBrowser/8.3.0 Mobile/14D27 Safari/602.1 MttCustomUA/2 QBWebViewType/1 WKType/1',
  'accept' => '*/*',
  'connection' => 'keep-alive',
  'access-control-request-headers' => 'accept, content-type, origin',
  'content-length' => '0',
  'access-control-request-method' => 'POST',
  'origin' => 'http://121.42.251.110:9955',
  'host' => '121.42.251.110:9696',
  'content-type' => '',
)
[ info ] [ PARAM ] array (
)
[ info ] [ LANG ] /mnt/www/health.com/public/../application/index/lang/zh-cn.php
[ info ] [ BEHAVIOR ] Run app\common\behavior\Common @module_init [ RunTime:0.000212s ]
[ info ] [ RUN ] app\index\controller\Auth->login[ /mnt/www/health.com/application/index/controller/Auth.php ]
[ info ] [ LOG ] INIT File
---------------------------------------------------------------
[ 2018-04-29T11:51:22+08:00 ] 106.34.224.8 POST /index/auth/login
[ info ] 121.42.251.110:9696/index/auth/login [运行时间：0.025408s][吞吐率：39.36req/s] [内存消耗：2,566.53kb] [文件加载：66]
[ info ] [ BEHAVIOR ] Run Closure @app_init [ RunTime:0.000022s ]
[ info ] [ CACHE ] INIT File
[ info ] [ BEHAVIOR ] Run Closure @app_init [ RunTime:0.000830s ]
[ info ] [ LANG ] /mnt/www/health.com/thinkphp/lang/zh-cn.php
[ info ] [ ROUTE ] array (
  'type' => 'module',
  'module' => 
  array (
    0 => 'index',
    1 => 'auth',
    2 => 'login',
  ),
)
[ info ] [ HEADER ] array (
  'accept-language' => 'zh-cn',
  'content-length' => '43',
  'referer' => 'http://121.42.251.110:9955/login',
  'user-agent' => 'Mozilla/5.0 (iPhone 92; CPU iPhone OS 10_2_1 like Mac OS X) AppleWebKit/602.4.6 (KHTML, like Gecko) Version/10.0 MQQBrowser/8.3.0 Mobile/14D27 Safari/602.1 MttCustomUA/2 QBWebViewType/1 WKType/1',
  'accept' => 'application/json, text/plain, */*',
  'connection' => 'keep-alive',
  'cookie' => 'PHPSESSID=quqo4lofosb2pe8dcf4kenas8m',
  'accept-encoding' => 'gzip, deflate',
  'origin' => 'http://121.42.251.110:9955',
  'content-type' => 'application/json;charset=UTF-8',
  'host' => '121.42.251.110:9696',
)
[ info ] [ PARAM ] array (
  'phone' => '18888888888',
  'password' => '123456',
)
[ info ] [ LANG ] /mnt/www/health.com/public/../application/index/lang/zh-cn.php
[ info ] [ BEHAVIOR ] Run app\common\behavior\Common @module_init [ RunTime:0.000204s ]
[ info ] [ RUN ] app\index\controller\Auth->login[ /mnt/www/health.com/application/index/controller/Auth.php ]
[ info ] [ DB ] INIT mysql
[ info ] [ SESSION ] INIT array (
  'id' => '',
  'var_session_id' => '',
  'prefix' => 'think',
  'type' => '',
  'auto_start' => true,
)
[ info ] [ LOG ] INIT File
[ sql ] [ DB ] CONNECT:[ UseTime:0.000530s ] mysql:host=127.0.0.1;dbname=health;charset=utf8
[ sql ] [ SQL ] SHOW COLUMNS FROM `hl_user` [ RunTime:0.001382s ]
[ sql ] [ SQL ] SELECT * FROM `hl_user` WHERE  `mobile` = '18888888888' LIMIT 1 [ RunTime:0.000464s ]
---------------------------------------------------------------
[ 2018-04-29T11:51:23+08:00 ] 106.34.224.8 POST /index/quotation/pick_info
[ info ] 121.42.251.110:9696/index/quotation/pick_info [运行时间：0.023054s][吞吐率：43.38req/s] [内存消耗：2,535.65kb] [文件加载：66]
[ info ] [ BEHAVIOR ] Run Closure @app_init [ RunTime:0.000035s ]
[ info ] [ CACHE ] INIT File
[ info ] [ BEHAVIOR ] Run Closure @app_init [ RunTime:0.000744s ]
[ info ] [ LANG ] /mnt/www/health.com/thinkphp/lang/zh-cn.php
[ info ] [ ROUTE ] array (
  'type' => 'module',
  'module' => 
  array (
    0 => 'index',
    1 => 'quotation',
    2 => 'pick_info',
  ),
)
[ info ] [ HEADER ] array (
  'accept-encoding' => 'gzip, deflate',
  'referer' => 'http://121.42.251.110:9955/index',
  'accept-language' => 'zh-cn',
  'user-agent' => 'Mozilla/5.0 (iPhone 92; CPU iPhone OS 10_2_1 like Mac OS X) AppleWebKit/602.4.6 (KHTML, like Gecko) Version/10.0 MQQBrowser/8.3.0 Mobile/14D27 Safari/602.1 MttCustomUA/2 QBWebViewType/1 WKType/1',
  'accept' => 'application/json, text/plain, */*',
  'connection' => 'keep-alive',
  'content-length' => '0',
  'cookie' => 'PHPSESSID=quqo4lofosb2pe8dcf4kenas8m',
  'origin' => 'http://121.42.251.110:9955',
  'host' => '121.42.251.110:9696',
  'content-type' => '',
)
[ info ] [ PARAM ] array (
)
[ info ] [ LANG ] /mnt/www/health.com/public/../application/index/lang/zh-cn.php
[ info ] [ BEHAVIOR ] Run app\common\behavior\Common @module_init [ RunTime:0.000180s ]
[ info ] [ SESSION ] INIT array (
  'id' => '',
  'var_session_id' => '',
  'prefix' => 'think',
  'type' => '',
  'auto_start' => true,
)
[ info ] [ RUN ] app\index\controller\Quotation->pick_info[ /mnt/www/health.com/application/index/controller/Quotation.php ]
[ info ] [ DB ] INIT mysql
[ info ] [ LOG ] INIT File
[ sql ] [ DB ] CONNECT:[ UseTime:0.000498s ] mysql:host=127.0.0.1;dbname=health;charset=utf8
[ sql ] [ SQL ] SHOW COLUMNS FROM `hl_config` [ RunTime:0.001075s ]
[ sql ] [ SQL ] SELECT `name`,`title`,`value` FROM `hl_config` WHERE  `id` IN (2,3,4,5,6,7) [ RunTime:0.000361s ]
---------------------------------------------------------------
[ 2018-04-29T11:51:26+08:00 ] 106.34.224.8 POST /index/users/index
[ info ] 121.42.251.110:9696/index/users/index [运行时间：0.023027s][吞吐率：43.43req/s] [内存消耗：2,535.70kb] [文件加载：66]
[ info ] [ BEHAVIOR ] Run Closure @app_init [ RunTime:0.000021s ]
[ info ] [ CACHE ] INIT File
[ info ] [ BEHAVIOR ] Run Closure @app_init [ RunTime:0.000803s ]
[ info ] [ LANG ] /mnt/www/health.com/thinkphp/lang/zh-cn.php
[ info ] [ ROUTE ] array (
  'type' => 'module',
  'module' => 
  array (
    0 => 'index',
    1 => 'users',
    2 => 'index',
  ),
)
[ info ] [ HEADER ] array (
  'accept-encoding' => 'gzip, deflate',
  'referer' => 'http://121.42.251.110:9955/my',
  'accept-language' => 'zh-cn',
  'user-agent' => 'Mozilla/5.0 (iPhone 92; CPU iPhone OS 10_2_1 like Mac OS X) AppleWebKit/602.4.6 (KHTML, like Gecko) Version/10.0 MQQBrowser/8.3.0 Mobile/14D27 Safari/602.1 MttCustomUA/2 QBWebViewType/1 WKType/1',
  'accept' => 'application/json, text/plain, */*',
  'connection' => 'keep-alive',
  'content-length' => '0',
  'cookie' => 'PHPSESSID=quqo4lofosb2pe8dcf4kenas8m',
  'origin' => 'http://121.42.251.110:9955',
  'host' => '121.42.251.110:9696',
  'content-type' => '',
)
[ info ] [ PARAM ] array (
)
[ info ] [ LANG ] /mnt/www/health.com/public/../application/index/lang/zh-cn.php
[ info ] [ BEHAVIOR ] Run app\common\behavior\Common @module_init [ RunTime:0.000176s ]
[ info ] [ SESSION ] INIT array (
  'id' => '',
  'var_session_id' => '',
  'prefix' => 'think',
  'type' => '',
  'auto_start' => true,
)
[ info ] [ RUN ] app\index\controller\Users->index[ /mnt/www/health.com/application/index/controller/Users.php ]
[ info ] [ DB ] INIT mysql
[ info ] [ LOG ] INIT File
[ sql ] [ DB ] CONNECT:[ UseTime:0.000504s ] mysql:host=127.0.0.1;dbname=health;charset=utf8
[ sql ] [ SQL ] SHOW COLUMNS FROM `hl_user` [ RunTime:0.001201s ]
[ sql ] [ SQL ] SELECT `pool`,`active_pool`,`mobile`,`token_address` FROM `hl_user` WHERE  `id` = 1 LIMIT 1 [ RunTime:0.000349s ]
---------------------------------------------------------------
[ 2018-04-29T11:52:06+08:00 ] 106.34.224.8 POST /index/quotation/pick_info
[ info ] 121.42.251.110:9696/index/quotation/pick_info [运行时间：0.024737s][吞吐率：40.43req/s] [内存消耗：2,535.65kb] [文件加载：66]
[ info ] [ BEHAVIOR ] Run Closure @app_init [ RunTime:0.000036s ]
[ info ] [ CACHE ] INIT File
[ info ] [ BEHAVIOR ] Run Closure @app_init [ RunTime:0.000796s ]
[ info ] [ LANG ] /mnt/www/health.com/thinkphp/lang/zh-cn.php
[ info ] [ ROUTE ] array (
  'type' => 'module',
  'module' => 
  array (
    0 => 'index',
    1 => 'quotation',
    2 => 'pick_info',
  ),
)
[ info ] [ HEADER ] array (
  'accept-encoding' => 'gzip, deflate',
  'referer' => 'http://121.42.251.110:9955/index',
  'accept-language' => 'zh-cn',
  'user-agent' => 'Mozilla/5.0 (iPhone 92; CPU iPhone OS 10_2_1 like Mac OS X) AppleWebKit/602.4.6 (KHTML, like Gecko) Version/10.0 MQQBrowser/8.3.0 Mobile/14D27 Safari/602.1 MttCustomUA/2 QBWebViewType/1 WKType/1',
  'accept' => 'application/json, text/plain, */*',
  'connection' => 'keep-alive',
  'content-length' => '0',
  'cookie' => 'PHPSESSID=quqo4lofosb2pe8dcf4kenas8m',
  'origin' => 'http://121.42.251.110:9955',
  'host' => '121.42.251.110:9696',
  'content-type' => '',
)
[ info ] [ PARAM ] array (
)
[ info ] [ LANG ] /mnt/www/health.com/public/../application/index/lang/zh-cn.php
[ info ] [ BEHAVIOR ] Run app\common\behavior\Common @module_init [ RunTime:0.000187s ]
[ info ] [ SESSION ] INIT array (
  'id' => '',
  'var_session_id' => '',
  'prefix' => 'think',
  'type' => '',
  'auto_start' => true,
)
[ info ] [ RUN ] app\index\controller\Quotation->pick_info[ /mnt/www/health.com/application/index/controller/Quotation.php ]
[ info ] [ DB ] INIT mysql
[ info ] [ LOG ] INIT File
[ sql ] [ DB ] CONNECT:[ UseTime:0.000550s ] mysql:host=127.0.0.1;dbname=health;charset=utf8
[ sql ] [ SQL ] SHOW COLUMNS FROM `hl_config` [ RunTime:0.001211s ]
[ sql ] [ SQL ] SELECT `name`,`title`,`value` FROM `hl_config` WHERE  `id` IN (2,3,4,5,6,7) [ RunTime:0.000380s ]
---------------------------------------------------------------
[ 2018-04-29T11:52:19+08:00 ] 106.34.224.8 POST /index/users/index
[ info ] 121.42.251.110:9696/index/users/index [运行时间：0.023288s][吞吐率：42.94req/s] [内存消耗：2,535.70kb] [文件加载：66]
[ info ] [ BEHAVIOR ] Run Closure @app_init [ RunTime:0.000021s ]
[ info ] [ CACHE ] INIT File
[ info ] [ BEHAVIOR ] Run Closure @app_init [ RunTime:0.000777s ]
[ info ] [ LANG ] /mnt/www/health.com/thinkphp/lang/zh-cn.php
[ info ] [ ROUTE ] array (
  'type' => 'module',
  'module' => 
  array (
    0 => 'index',
    1 => 'users',
    2 => 'index',
  ),
)
[ info ] [ HEADER ] array (
  'accept-encoding' => 'gzip, deflate',
  'referer' => 'http://121.42.251.110:9955/my',
  'accept-language' => 'zh-cn',
  'user-agent' => 'Mozilla/5.0 (iPhone 92; CPU iPhone OS 10_2_1 like Mac OS X) AppleWebKit/602.4.6 (KHTML, like Gecko) Version/10.0 MQQBrowser/8.3.0 Mobile/14D27 Safari/602.1 MttCustomUA/2 QBWebViewType/1 WKType/1',
  'accept' => 'application/json, text/plain, */*',
  'connection' => 'keep-alive',
  'content-length' => '0',
  'cookie' => 'PHPSESSID=quqo4lofosb2pe8dcf4kenas8m',
  'origin' => 'http://121.42.251.110:9955',
  'host' => '121.42.251.110:9696',
  'content-type' => '',
)
[ info ] [ PARAM ] array (
)
[ info ] [ LANG ] /mnt/www/health.com/public/../application/index/lang/zh-cn.php
[ info ] [ BEHAVIOR ] Run app\common\behavior\Common @module_init [ RunTime:0.000176s ]
[ info ] [ SESSION ] INIT array (
  'id' => '',
  'var_session_id' => '',
  'prefix' => 'think',
  'type' => '',
  'auto_start' => true,
)
[ info ] [ RUN ] app\index\controller\Users->index[ /mnt/www/health.com/application/index/controller/Users.php ]
[ info ] [ DB ] INIT mysql
[ info ] [ LOG ] INIT File
[ sql ] [ DB ] CONNECT:[ UseTime:0.000497s ] mysql:host=127.0.0.1;dbname=health;charset=utf8
[ sql ] [ SQL ] SHOW COLUMNS FROM `hl_user` [ RunTime:0.001292s ]
[ sql ] [ SQL ] SELECT `pool`,`active_pool`,`mobile`,`token_address` FROM `hl_user` WHERE  `id` = 1 LIMIT 1 [ RunTime:0.000357s ]
---------------------------------------------------------------
[ 2018-04-29T11:52:49+08:00 ] 106.34.224.8 POST /index/quotation/pick_info
[ info ] 121.42.251.110:9696/index/quotation/pick_info [运行时间：0.024992s][吞吐率：40.01req/s] [内存消耗：2,535.65kb] [文件加载：66]
[ info ] [ BEHAVIOR ] Run Closure @app_init [ RunTime:0.000023s ]
[ info ] [ CACHE ] INIT File
[ info ] [ BEHAVIOR ] Run Closure @app_init [ RunTime:0.000792s ]
[ info ] [ LANG ] /mnt/www/health.com/thinkphp/lang/zh-cn.php
[ info ] [ ROUTE ] array (
  'type' => 'module',
  'module' => 
  array (
    0 => 'index',
    1 => 'quotation',
    2 => 'pick_info',
  ),
)
[ info ] [ HEADER ] array (
  'accept-encoding' => 'gzip, deflate',
  'referer' => 'http://121.42.251.110:9955/index',
  'accept-language' => 'zh-cn',
  'user-agent' => 'Mozilla/5.0 (iPhone 92; CPU iPhone OS 10_2_1 like Mac OS X) AppleWebKit/602.4.6 (KHTML, like Gecko) Version/10.0 MQQBrowser/8.3.0 Mobile/14D27 Safari/602.1 MttCustomUA/2 QBWebViewType/1 WKType/1',
  'accept' => 'application/json, text/plain, */*',
  'connection' => 'keep-alive',
  'content-length' => '0',
  'cookie' => 'PHPSESSID=quqo4lofosb2pe8dcf4kenas8m',
  'origin' => 'http://121.42.251.110:9955',
  'host' => '121.42.251.110:9696',
  'content-type' => '',
)
[ info ] [ PARAM ] array (
)
[ info ] [ LANG ] /mnt/www/health.com/public/../application/index/lang/zh-cn.php
[ info ] [ BEHAVIOR ] Run app\common\behavior\Common @module_init [ RunTime:0.000210s ]
[ info ] [ SESSION ] INIT array (
  'id' => '',
  'var_session_id' => '',
  'prefix' => 'think',
  'type' => '',
  'auto_start' => true,
)
[ info ] [ RUN ] app\index\controller\Quotation->pick_info[ /mnt/www/health.com/application/index/controller/Quotation.php ]
[ info ] [ DB ] INIT mysql
[ info ] [ LOG ] INIT File
[ sql ] [ DB ] CONNECT:[ UseTime:0.000529s ] mysql:host=127.0.0.1;dbname=health;charset=utf8
[ sql ] [ SQL ] SHOW COLUMNS FROM `hl_config` [ RunTime:0.001169s ]
[ sql ] [ SQL ] SELECT `name`,`title`,`value` FROM `hl_config` WHERE  `id` IN (2,3,4,5,6,7) [ RunTime:0.000405s ]
---------------------------------------------------------------
[ 2018-04-29T11:52:51+08:00 ] 106.34.224.8 POST /index/users/index
[ info ] 121.42.251.110:9696/index/users/index [运行时间：0.023936s][吞吐率：41.78req/s] [内存消耗：2,535.70kb] [文件加载：66]
[ info ] [ BEHAVIOR ] Run Closure @app_init [ RunTime:0.000023s ]
[ info ] [ CACHE ] INIT File
[ info ] [ BEHAVIOR ] Run Closure @app_init [ RunTime:0.000797s ]
[ info ] [ LANG ] /mnt/www/health.com/thinkphp/lang/zh-cn.php
[ info ] [ ROUTE ] array (
  'type' => 'module',
  'module' => 
  array (
    0 => 'index',
    1 => 'users',
    2 => 'index',
  ),
)
[ info ] [ HEADER ] array (
  'accept-encoding' => 'gzip, deflate',
  'referer' => 'http://121.42.251.110:9955/my',
  'accept-language' => 'zh-cn',
  'user-agent' => 'Mozilla/5.0 (iPhone 92; CPU iPhone OS 10_2_1 like Mac OS X) AppleWebKit/602.4.6 (KHTML, like Gecko) Version/10.0 MQQBrowser/8.3.0 Mobile/14D27 Safari/602.1 MttCustomUA/2 QBWebViewType/1 WKType/1',
  'accept' => 'application/json, text/plain, */*',
  'connection' => 'keep-alive',
  'content-length' => '0',
  'cookie' => 'PHPSESSID=quqo4lofosb2pe8dcf4kenas8m',
  'origin' => 'http://121.42.251.110:9955',
  'host' => '121.42.251.110:9696',
  'content-type' => '',
)
[ info ] [ PARAM ] array (
)
[ info ] [ LANG ] /mnt/www/health.com/public/../application/index/lang/zh-cn.php
[ info ] [ BEHAVIOR ] Run app\common\behavior\Common @module_init [ RunTime:0.000281s ]
[ info ] [ SESSION ] INIT array (
  'id' => '',
  'var_session_id' => '',
  'prefix' => 'think',
  'type' => '',
  'auto_start' => true,
)
[ info ] [ RUN ] app\index\controller\Users->index[ /mnt/www/health.com/application/index/controller/Users.php ]
[ info ] [ DB ] INIT mysql
[ info ] [ LOG ] INIT File
[ sql ] [ DB ] CONNECT:[ UseTime:0.000517s ] mysql:host=127.0.0.1;dbname=health;charset=utf8
[ sql ] [ SQL ] SHOW COLUMNS FROM `hl_user` [ RunTime:0.001304s ]
[ sql ] [ SQL ] SELECT `pool`,`active_pool`,`mobile`,`token_address` FROM `hl_user` WHERE  `id` = 1 LIMIT 1 [ RunTime:0.000332s ]
---------------------------------------------------------------
[ 2018-04-29T12:49:14+08:00 ] 106.34.226.235 POST /index/users/index
[ info ] 121.42.251.110:9696/index/users/index [运行时间：0.024052s][吞吐率：41.58req/s] [内存消耗：2,535.70kb] [文件加载：66]
[ info ] [ BEHAVIOR ] Run Closure @app_init [ RunTime:0.000022s ]
[ info ] [ CACHE ] INIT File
[ info ] [ BEHAVIOR ] Run Closure @app_init [ RunTime:0.000898s ]
[ info ] [ LANG ] /mnt/www/health.com/thinkphp/lang/zh-cn.php
[ info ] [ ROUTE ] array (
  'type' => 'module',
  'module' => 
  array (
    0 => 'index',
    1 => 'users',
    2 => 'index',
  ),
)
[ info ] [ HEADER ] array (
  'accept-encoding' => 'gzip, deflate',
  'referer' => 'http://121.42.251.110:9955/my',
  'accept-language' => 'zh-cn',
  'user-agent' => 'Mozilla/5.0 (iPhone1 02; CPU iPhone OS 11_3 like Mac OS X) AppleWebKit/604.3.5 (KHTML, like Gecko) Version/11.0 MQQBrowser/8.2.1 Mobile/15B87 Safari/604.1 MttCustomUA/2 QBWebViewType/1 WKType/1',
  'accept' => 'application/json, text/plain, */*',
  'connection' => 'keep-alive',
  'content-length' => '0',
  'cookie' => 'PHPSESSID=iq50u9ss8neb2c8t8b373jc93c',
  'origin' => 'http://121.42.251.110:9955',
  'host' => '121.42.251.110:9696',
  'content-type' => '',
)
[ info ] [ PARAM ] array (
)
[ info ] [ LANG ] /mnt/www/health.com/public/../application/index/lang/zh-cn.php
[ info ] [ BEHAVIOR ] Run app\common\behavior\Common @module_init [ RunTime:0.000177s ]
[ info ] [ SESSION ] INIT array (
  'id' => '',
  'var_session_id' => '',
  'prefix' => 'think',
  'type' => '',
  'auto_start' => true,
)
[ info ] [ RUN ] app\index\controller\Users->index[ /mnt/www/health.com/application/index/controller/Users.php ]
[ info ] [ DB ] INIT mysql
[ info ] [ LOG ] INIT File
[ sql ] [ DB ] CONNECT:[ UseTime:0.000497s ] mysql:host=127.0.0.1;dbname=health;charset=utf8
[ sql ] [ SQL ] SHOW COLUMNS FROM `hl_user` [ RunTime:0.001390s ]
[ sql ] [ SQL ] SELECT `pool`,`active_pool`,`mobile`,`token_address` FROM `hl_user` WHERE  `id` = 1 LIMIT 1 [ RunTime:0.000360s ]
---------------------------------------------------------------
[ 2018-04-29T19:37:23+08:00 ] 1.199.79.11 POST /index/quotation/pick_info
[ info ] 121.42.251.110:9696/index/quotation/pick_info [运行时间：0.024504s][吞吐率：40.81req/s] [内存消耗：2,534.43kb] [文件加载：66]
[ info ] [ BEHAVIOR ] Run Closure @app_init [ RunTime:0.000027s ]
[ info ] [ CACHE ] INIT File
[ info ] [ BEHAVIOR ] Run Closure @app_init [ RunTime:0.000823s ]
[ info ] [ LANG ] /mnt/www/health.com/thinkphp/lang/zh-cn.php
[ info ] [ ROUTE ] array (
  'type' => 'module',
  'module' => 
  array (
    0 => 'index',
    1 => 'quotation',
    2 => 'pick_info',
  ),
)
[ info ] [ HEADER ] array (
  'cookie' => 'PHPSESSID=69hg9fkin6filgpkp87iidaef6',
  'accept-language' => 'zh-CN,en-US;q=0.8',
  'accept-encoding' => 'gzip, deflate',
  'referer' => 'http://121.42.251.110:9955/index',
  'user-agent' => 'Mozilla/5.0 (Linux; U; Android 7.1.2; zh-cn; vivo X9Plus Build/N2G47H) AppleWebKit/537.36 (KHTML, like Gecko) Version/4.0 Chrome/57.0.2987.132 MQQBrowser/8.3 Mobile Safari/537.36',
  'origin' => 'http://121.42.251.110:9955',
  'accept' => 'application/json, text/plain, */*',
  'content-length' => '0',
  'connection' => 'keep-alive',
  'host' => '121.42.251.110:9696',
  'content-type' => '',
)
[ info ] [ PARAM ] array (
)
[ info ] [ LANG ] /mnt/www/health.com/public/../application/index/lang/zh-cn.php
[ info ] [ BEHAVIOR ] Run app\common\behavior\Common @module_init [ RunTime:0.000257s ]
[ info ] [ SESSION ] INIT array (
  'id' => '',
  'var_session_id' => '',
  'prefix' => 'think',
  'type' => '',
  'auto_start' => true,
)
[ info ] [ RUN ] app\index\controller\Quotation->pick_info[ /mnt/www/health.com/application/index/controller/Quotation.php ]
[ info ] [ DB ] INIT mysql
[ info ] [ LOG ] INIT File
[ sql ] [ DB ] CONNECT:[ UseTime:0.000495s ] mysql:host=127.0.0.1;dbname=health;charset=utf8
[ sql ] [ SQL ] SHOW COLUMNS FROM `hl_config` [ RunTime:0.001100s ]
[ sql ] [ SQL ] SELECT `name`,`title`,`value` FROM `hl_config` WHERE  `id` IN (2,3,4,5,6,7) [ RunTime:0.000361s ]
---------------------------------------------------------------
[ 2018-04-29T19:37:37+08:00 ] 1.199.79.11 OPTIONS /index/auth/login
[ info ] 121.42.251.110:9696/index/auth/login [运行时间：0.017707s][吞吐率：56.47req/s] [内存消耗：1,822.45kb] [文件加载：60]
[ info ] [ BEHAVIOR ] Run Closure @app_init [ RunTime:0.000022s ]
[ info ] [ CACHE ] INIT File
[ info ] [ BEHAVIOR ] Run Closure @app_init [ RunTime:0.000785s ]
[ info ] [ LANG ] /mnt/www/health.com/thinkphp/lang/zh-cn.php
[ info ] [ ROUTE ] array (
  'type' => 'module',
  'module' => 
  array (
    0 => 'index',
    1 => 'auth',
    2 => 'login',
  ),
)
[ info ] [ HEADER ] array (
  'accept-language' => 'zh-CN,en-US;q=0.8',
  'accept-encoding' => 'gzip, deflate',
  'referer' => 'http://121.42.251.110:9955/login',
  'accept' => '*/*',
  'access-control-request-headers' => 'content-type',
  'user-agent' => 'Mozilla/5.0 (Linux; U; Android 7.1.2; zh-cn; vivo X9Plus Build/N2G47H) AppleWebKit/537.36 (KHTML, like Gecko) Version/4.0 Chrome/57.0.2987.132 MQQBrowser/8.3 Mobile Safari/537.36',
  'origin' => 'http://121.42.251.110:9955',
  'access-control-request-method' => 'POST',
  'connection' => 'keep-alive',
  'host' => '121.42.251.110:9696',
  'content-type' => '',
  'content-length' => '',
)
[ info ] [ PARAM ] array (
)
[ info ] [ LANG ] /mnt/www/health.com/public/../application/index/lang/zh-cn.php
[ info ] [ BEHAVIOR ] Run app\common\behavior\Common @module_init [ RunTime:0.000261s ]
[ info ] [ RUN ] app\index\controller\Auth->login[ /mnt/www/health.com/application/index/controller/Auth.php ]
[ info ] [ LOG ] INIT File
---------------------------------------------------------------
[ 2018-04-29T19:37:37+08:00 ] 1.199.79.11 POST /index/auth/login
[ info ] 121.42.251.110:9696/index/auth/login [运行时间：0.023602s][吞吐率：42.37req/s] [内存消耗：2,566.33kb] [文件加载：66]
[ info ] [ BEHAVIOR ] Run Closure @app_init [ RunTime:0.000028s ]
[ info ] [ CACHE ] INIT File
[ info ] [ BEHAVIOR ] Run Closure @app_init [ RunTime:0.000746s ]
[ info ] [ LANG ] /mnt/www/health.com/thinkphp/lang/zh-cn.php
[ info ] [ ROUTE ] array (
  'type' => 'module',
  'module' => 
  array (
    0 => 'index',
    1 => 'auth',
    2 => 'login',
  ),
)
[ info ] [ HEADER ] array (
  'cookie' => 'PHPSESSID=69hg9fkin6filgpkp87iidaef6',
  'accept-language' => 'zh-CN,en-US;q=0.8',
  'accept-encoding' => 'gzip, deflate',
  'referer' => 'http://121.42.251.110:9955/login',
  'content-type' => 'application/json;charset=UTF-8',
  'user-agent' => 'Mozilla/5.0 (Linux; U; Android 7.1.2; zh-cn; vivo X9Plus Build/N2G47H) AppleWebKit/537.36 (KHTML, like Gecko) Version/4.0 Chrome/57.0.2987.132 MQQBrowser/8.3 Mobile Safari/537.36',
  'origin' => 'http://121.42.251.110:9955',
  'accept' => 'application/json, text/plain, */*',
  'content-length' => '43',
  'connection' => 'keep-alive',
  'host' => '121.42.251.110:9696',
)
[ info ] [ PARAM ] array (
  'phone' => '13523525548',
  'password' => '525548',
)
[ info ] [ LANG ] /mnt/www/health.com/public/../application/index/lang/zh-cn.php
[ info ] [ BEHAVIOR ] Run app\common\behavior\Common @module_init [ RunTime:0.000254s ]
[ info ] [ RUN ] app\index\controller\Auth->login[ /mnt/www/health.com/application/index/controller/Auth.php ]
[ info ] [ DB ] INIT mysql
[ info ] [ SESSION ] INIT array (
  'id' => '',
  'var_session_id' => '',
  'prefix' => 'think',
  'type' => '',
  'auto_start' => true,
)
[ info ] [ LOG ] INIT File
[ sql ] [ DB ] CONNECT:[ UseTime:0.000416s ] mysql:host=127.0.0.1;dbname=health;charset=utf8
[ sql ] [ SQL ] SHOW COLUMNS FROM `hl_user` [ RunTime:0.001187s ]
[ sql ] [ SQL ] SELECT * FROM `hl_user` WHERE  `mobile` = '13523525548' LIMIT 1 [ RunTime:0.000458s ]
---------------------------------------------------------------
[ 2018-04-29T19:37:37+08:00 ] 1.199.79.11 POST /index/quotation/pick_info
[ info ] 121.42.251.110:9696/index/quotation/pick_info [运行时间：0.023289s][吞吐率：42.94req/s] [内存消耗：2,535.65kb] [文件加载：66]
[ info ] [ BEHAVIOR ] Run Closure @app_init [ RunTime:0.000021s ]
[ info ] [ CACHE ] INIT File
[ info ] [ BEHAVIOR ] Run Closure @app_init [ RunTime:0.000765s ]
[ info ] [ LANG ] /mnt/www/health.com/thinkphp/lang/zh-cn.php
[ info ] [ ROUTE ] array (
  'type' => 'module',
  'module' => 
  array (
    0 => 'index',
    1 => 'quotation',
    2 => 'pick_info',
  ),
)
[ info ] [ HEADER ] array (
  'cookie' => 'PHPSESSID=69hg9fkin6filgpkp87iidaef6',
  'accept-language' => 'zh-CN,en-US;q=0.8',
  'accept-encoding' => 'gzip, deflate',
  'referer' => 'http://121.42.251.110:9955/index',
  'user-agent' => 'Mozilla/5.0 (Linux; U; Android 7.1.2; zh-cn; vivo X9Plus Build/N2G47H) AppleWebKit/537.36 (KHTML, like Gecko) Version/4.0 Chrome/57.0.2987.132 MQQBrowser/8.3 Mobile Safari/537.36',
  'origin' => 'http://121.42.251.110:9955',
  'accept' => 'application/json, text/plain, */*',
  'content-length' => '0',
  'connection' => 'keep-alive',
  'host' => '121.42.251.110:9696',
  'content-type' => '',
)
[ info ] [ PARAM ] array (
)
[ info ] [ LANG ] /mnt/www/health.com/public/../application/index/lang/zh-cn.php
[ info ] [ BEHAVIOR ] Run app\common\behavior\Common @module_init [ RunTime:0.000237s ]
[ info ] [ SESSION ] INIT array (
  'id' => '',
  'var_session_id' => '',
  'prefix' => 'think',
  'type' => '',
  'auto_start' => true,
)
[ info ] [ RUN ] app\index\controller\Quotation->pick_info[ /mnt/www/health.com/application/index/controller/Quotation.php ]
[ info ] [ DB ] INIT mysql
[ info ] [ LOG ] INIT File
[ sql ] [ DB ] CONNECT:[ UseTime:0.000517s ] mysql:host=127.0.0.1;dbname=health;charset=utf8
[ sql ] [ SQL ] SHOW COLUMNS FROM `hl_config` [ RunTime:0.001188s ]
[ sql ] [ SQL ] SELECT `name`,`title`,`value` FROM `hl_config` WHERE  `id` IN (2,3,4,5,6,7) [ RunTime:0.000375s ]
---------------------------------------------------------------
[ 2018-04-29T19:37:53+08:00 ] 1.199.79.11 POST /index/users/index
[ info ] 121.42.251.110:9696/index/users/index [运行时间：0.022675s][吞吐率：44.10req/s] [内存消耗：2,535.70kb] [文件加载：66]
[ info ] [ BEHAVIOR ] Run Closure @app_init [ RunTime:0.000021s ]
[ info ] [ CACHE ] INIT File
[ info ] [ BEHAVIOR ] Run Closure @app_init [ RunTime:0.000770s ]
[ info ] [ LANG ] /mnt/www/health.com/thinkphp/lang/zh-cn.php
[ info ] [ ROUTE ] array (
  'type' => 'module',
  'module' => 
  array (
    0 => 'index',
    1 => 'users',
    2 => 'index',
  ),
)
[ info ] [ HEADER ] array (
  'cookie' => 'PHPSESSID=69hg9fkin6filgpkp87iidaef6',
  'accept-language' => 'zh-CN,en-US;q=0.8',
  'accept-encoding' => 'gzip, deflate',
  'referer' => 'http://121.42.251.110:9955/my',
  'user-agent' => 'Mozilla/5.0 (Linux; U; Android 7.1.2; zh-cn; vivo X9Plus Build/N2G47H) AppleWebKit/537.36 (KHTML, like Gecko) Version/4.0 Chrome/57.0.2987.132 MQQBrowser/8.3 Mobile Safari/537.36',
  'origin' => 'http://121.42.251.110:9955',
  'accept' => 'application/json, text/plain, */*',
  'content-length' => '0',
  'connection' => 'keep-alive',
  'host' => '121.42.251.110:9696',
  'content-type' => '',
)
[ info ] [ PARAM ] array (
)
[ info ] [ LANG ] /mnt/www/health.com/public/../application/index/lang/zh-cn.php
[ info ] [ BEHAVIOR ] Run app\common\behavior\Common @module_init [ RunTime:0.000178s ]
[ info ] [ SESSION ] INIT array (
  'id' => '',
  'var_session_id' => '',
  'prefix' => 'think',
  'type' => '',
  'auto_start' => true,
)
[ info ] [ RUN ] app\index\controller\Users->index[ /mnt/www/health.com/application/index/controller/Users.php ]
[ info ] [ DB ] INIT mysql
[ info ] [ LOG ] INIT File
[ sql ] [ DB ] CONNECT:[ UseTime:0.000458s ] mysql:host=127.0.0.1;dbname=health;charset=utf8
[ sql ] [ SQL ] SHOW COLUMNS FROM `hl_user` [ RunTime:0.001203s ]
[ sql ] [ SQL ] SELECT `pool`,`active_pool`,`mobile`,`token_address` FROM `hl_user` WHERE  `id` = 118 LIMIT 1 [ RunTime:0.000314s ]
