---------------------------------------------------------------
[ 2018-05-01T18:33:37+08:00 ] 115.57.132.98 POST /index/quotation/pick_info
[ info ] 121.42.251.110:9696/index/quotation/pick_info [运行时间：0.628153s][吞吐率：1.59req/s] [内存消耗：2,534.45kb] [文件加载：66]
[ info ] [ BEHAVIOR ] Run Closure @app_init [ RunTime:0.000030s ]
[ info ] [ CACHE ] INIT File
[ info ] [ BEHAVIOR ] Run Closure @app_init [ RunTime:0.028437s ]
[ info ] [ LANG ] /mnt/www/health.com/thinkphp/lang/zh-cn.php
[ info ] [ ROUTE ] array (
  'type' => 'module',
  'module' => 
  array (
    0 => 'index',
    1 => 'quotation',
    2 => 'pick_info',
  ),
)
[ info ] [ HEADER ] array (
  'cookie' => 'PHPSESSID=69hg9fkin6filgpkp87iidaef6',
  'accept-language' => 'zh-CN,en-US;q=0.8',
  'accept-encoding' => 'gzip, deflate',
  'referer' => 'http://121.42.251.110:9955/index',
  'user-agent' => 'Mozilla/5.0 (Linux; U; Android 7.1.2; zh-cn; vivo X9Plus Build/N2G47H) AppleWebKit/537.36 (KHTML, like Gecko) Version/4.0 Chrome/57.0.2987.132 MQQBrowser/8.3 Mobile Safari/537.36',
  'origin' => 'http://121.42.251.110:9955',
  'accept' => 'application/json, text/plain, */*',
  'content-length' => '0',
  'connection' => 'keep-alive',
  'host' => '121.42.251.110:9696',
  'content-type' => '',
)
[ info ] [ PARAM ] array (
)
[ info ] [ LANG ] /mnt/www/health.com/public/../application/index/lang/zh-cn.php
[ info ] [ BEHAVIOR ] Run app\common\behavior\Common @module_init [ RunTime:0.006245s ]
[ info ] [ SESSION ] INIT array (
  'id' => '',
  'var_session_id' => '',
  'prefix' => 'think',
  'type' => '',
  'auto_start' => true,
)
[ info ] [ RUN ] app\index\controller\Quotation->pick_info[ /mnt/www/health.com/application/index/controller/Quotation.php ]
[ info ] [ DB ] INIT mysql
[ info ] [ LOG ] INIT File
[ sql ] [ DB ] CONNECT:[ UseTime:0.023776s ] mysql:host=127.0.0.1;dbname=health;charset=utf8
[ sql ] [ SQL ] SHOW COLUMNS FROM `hl_config` [ RunTime:0.010775s ]
[ sql ] [ SQL ] SELECT `name`,`title`,`value` FROM `hl_config` WHERE  `id` IN (2,3,4,5,6,7) [ RunTime:0.000500s ]
---------------------------------------------------------------
[ 2018-05-01T18:35:08+08:00 ] 115.57.132.98 OPTIONS /index/auth/login
[ info ] 121.42.251.110:9696/index/auth/login [运行时间：0.067634s][吞吐率：14.79req/s] [内存消耗：1,822.45kb] [文件加载：60]
[ info ] [ BEHAVIOR ] Run Closure @app_init [ RunTime:0.000020s ]
[ info ] [ CACHE ] INIT File
[ info ] [ BEHAVIOR ] Run Closure @app_init [ RunTime:0.000764s ]
[ info ] [ LANG ] /mnt/www/health.com/thinkphp/lang/zh-cn.php
[ info ] [ ROUTE ] array (
  'type' => 'module',
  'module' => 
  array (
    0 => 'index',
    1 => 'auth',
    2 => 'login',
  ),
)
[ info ] [ HEADER ] array (
  'accept-language' => 'zh-CN,en-US;q=0.8',
  'accept-encoding' => 'gzip, deflate',
  'referer' => 'http://121.42.251.110:9955/login',
  'accept' => '*/*',
  'access-control-request-headers' => 'content-type',
  'user-agent' => 'Mozilla/5.0 (Linux; U; Android 7.1.2; zh-cn; vivo X9Plus Build/N2G47H) AppleWebKit/537.36 (KHTML, like Gecko) Version/4.0 Chrome/57.0.2987.132 MQQBrowser/8.3 Mobile Safari/537.36',
  'origin' => 'http://121.42.251.110:9955',
  'access-control-request-method' => 'POST',
  'connection' => 'keep-alive',
  'host' => '121.42.251.110:9696',
  'content-type' => '',
  'content-length' => '',
)
[ info ] [ PARAM ] array (
)
[ info ] [ LANG ] /mnt/www/health.com/public/../application/index/lang/zh-cn.php
[ info ] [ BEHAVIOR ] Run app\common\behavior\Common @module_init [ RunTime:0.000230s ]
[ info ] [ RUN ] app\index\controller\Auth->login[ /mnt/www/health.com/application/index/controller/Auth.php ]
[ info ] [ LOG ] INIT File
---------------------------------------------------------------
[ 2018-05-01T18:35:08+08:00 ] 115.57.132.98 POST /index/auth/login
[ info ] 121.42.251.110:9696/index/auth/login [运行时间：0.041912s][吞吐率：23.86req/s] [内存消耗：2,564.21kb] [文件加载：66]
[ info ] [ BEHAVIOR ] Run Closure @app_init [ RunTime:0.000020s ]
[ info ] [ CACHE ] INIT File
[ info ] [ BEHAVIOR ] Run Closure @app_init [ RunTime:0.000751s ]
[ info ] [ LANG ] /mnt/www/health.com/thinkphp/lang/zh-cn.php
[ info ] [ ROUTE ] array (
  'type' => 'module',
  'module' => 
  array (
    0 => 'index',
    1 => 'auth',
    2 => 'login',
  ),
)
[ info ] [ HEADER ] array (
  'cookie' => 'PHPSESSID=69hg9fkin6filgpkp87iidaef6',
  'accept-language' => 'zh-CN,en-US;q=0.8',
  'accept-encoding' => 'gzip, deflate',
  'referer' => 'http://121.42.251.110:9955/login',
  'content-type' => 'application/json;charset=UTF-8',
  'user-agent' => 'Mozilla/5.0 (Linux; U; Android 7.1.2; zh-cn; vivo X9Plus Build/N2G47H) AppleWebKit/537.36 (KHTML, like Gecko) Version/4.0 Chrome/57.0.2987.132 MQQBrowser/8.3 Mobile Safari/537.36',
  'origin' => 'http://121.42.251.110:9955',
  'accept' => 'application/json, text/plain, */*',
  'content-length' => '44',
  'connection' => 'keep-alive',
  'host' => '121.42.251.110:9696',
)
[ info ] [ PARAM ] array (
  'phone' => '15978422206',
  'password' => '4222206',
)
[ info ] [ LANG ] /mnt/www/health.com/public/../application/index/lang/zh-cn.php
[ info ] [ BEHAVIOR ] Run app\common\behavior\Common @module_init [ RunTime:0.000232s ]
[ info ] [ RUN ] app\index\controller\Auth->login[ /mnt/www/health.com/application/index/controller/Auth.php ]
[ info ] [ DB ] INIT mysql
[ info ] [ LOG ] INIT File
[ sql ] [ DB ] CONNECT:[ UseTime:0.000482s ] mysql:host=127.0.0.1;dbname=health;charset=utf8
[ sql ] [ SQL ] SHOW COLUMNS FROM `hl_user` [ RunTime:0.020117s ]
[ sql ] [ SQL ] SELECT * FROM `hl_user` WHERE  `mobile` = '15978422206' LIMIT 1 [ RunTime:0.000484s ]
---------------------------------------------------------------
[ 2018-05-01T18:35:27+08:00 ] 115.57.132.98 OPTIONS /index/auth/login
[ info ] 121.42.251.110:9696/index/auth/login [运行时间：0.016840s][吞吐率：59.38req/s] [内存消耗：1,822.45kb] [文件加载：60]
[ info ] [ BEHAVIOR ] Run Closure @app_init [ RunTime:0.000022s ]
[ info ] [ CACHE ] INIT File
[ info ] [ BEHAVIOR ] Run Closure @app_init [ RunTime:0.000774s ]
[ info ] [ LANG ] /mnt/www/health.com/thinkphp/lang/zh-cn.php
[ info ] [ ROUTE ] array (
  'type' => 'module',
  'module' => 
  array (
    0 => 'index',
    1 => 'auth',
    2 => 'login',
  ),
)
[ info ] [ HEADER ] array (
  'accept-language' => 'zh-CN,en-US;q=0.8',
  'accept-encoding' => 'gzip, deflate',
  'referer' => 'http://121.42.251.110:9955/login',
  'accept' => '*/*',
  'access-control-request-headers' => 'content-type',
  'user-agent' => 'Mozilla/5.0 (Linux; U; Android 7.1.2; zh-cn; vivo X9Plus Build/N2G47H) AppleWebKit/537.36 (KHTML, like Gecko) Version/4.0 Chrome/57.0.2987.132 MQQBrowser/8.3 Mobile Safari/537.36',
  'origin' => 'http://121.42.251.110:9955',
  'access-control-request-method' => 'POST',
  'connection' => 'keep-alive',
  'host' => '121.42.251.110:9696',
  'content-type' => '',
  'content-length' => '',
)
[ info ] [ PARAM ] array (
)
[ info ] [ LANG ] /mnt/www/health.com/public/../application/index/lang/zh-cn.php
[ info ] [ BEHAVIOR ] Run app\common\behavior\Common @module_init [ RunTime:0.000249s ]
[ info ] [ RUN ] app\index\controller\Auth->login[ /mnt/www/health.com/application/index/controller/Auth.php ]
[ info ] [ LOG ] INIT File
---------------------------------------------------------------
[ 2018-05-01T18:35:27+08:00 ] 115.57.132.98 POST /index/auth/login
[ info ] 121.42.251.110:9696/index/auth/login [运行时间：0.023442s][吞吐率：42.66req/s] [内存消耗：2,566.32kb] [文件加载：66]
[ info ] [ BEHAVIOR ] Run Closure @app_init [ RunTime:0.000020s ]
[ info ] [ CACHE ] INIT File
[ info ] [ BEHAVIOR ] Run Closure @app_init [ RunTime:0.000785s ]
[ info ] [ LANG ] /mnt/www/health.com/thinkphp/lang/zh-cn.php
[ info ] [ ROUTE ] array (
  'type' => 'module',
  'module' => 
  array (
    0 => 'index',
    1 => 'auth',
    2 => 'login',
  ),
)
[ info ] [ HEADER ] array (
  'cookie' => 'PHPSESSID=69hg9fkin6filgpkp87iidaef6',
  'accept-language' => 'zh-CN,en-US;q=0.8',
  'accept-encoding' => 'gzip, deflate',
  'referer' => 'http://121.42.251.110:9955/login',
  'content-type' => 'application/json;charset=UTF-8',
  'user-agent' => 'Mozilla/5.0 (Linux; U; Android 7.1.2; zh-cn; vivo X9Plus Build/N2G47H) AppleWebKit/537.36 (KHTML, like Gecko) Version/4.0 Chrome/57.0.2987.132 MQQBrowser/8.3 Mobile Safari/537.36',
  'origin' => 'http://121.42.251.110:9955',
  'accept' => 'application/json, text/plain, */*',
  'content-length' => '43',
  'connection' => 'keep-alive',
  'host' => '121.42.251.110:9696',
)
[ info ] [ PARAM ] array (
  'phone' => '15978422206',
  'password' => '422206',
)
[ info ] [ LANG ] /mnt/www/health.com/public/../application/index/lang/zh-cn.php
[ info ] [ BEHAVIOR ] Run app\common\behavior\Common @module_init [ RunTime:0.000261s ]
[ info ] [ RUN ] app\index\controller\Auth->login[ /mnt/www/health.com/application/index/controller/Auth.php ]
[ info ] [ DB ] INIT mysql
[ info ] [ SESSION ] INIT array (
  'id' => '',
  'var_session_id' => '',
  'prefix' => 'think',
  'type' => '',
  'auto_start' => true,
)
[ info ] [ LOG ] INIT File
[ sql ] [ DB ] CONNECT:[ UseTime:0.000535s ] mysql:host=127.0.0.1;dbname=health;charset=utf8
[ sql ] [ SQL ] SHOW COLUMNS FROM `hl_user` [ RunTime:0.001265s ]
[ sql ] [ SQL ] SELECT * FROM `hl_user` WHERE  `mobile` = '15978422206' LIMIT 1 [ RunTime:0.000567s ]
---------------------------------------------------------------
[ 2018-05-01T18:35:27+08:00 ] 115.57.132.98 POST /index/quotation/pick_info
[ info ] 121.42.251.110:9696/index/quotation/pick_info [运行时间：0.023167s][吞吐率：43.17req/s] [内存消耗：2,535.65kb] [文件加载：66]
[ info ] [ BEHAVIOR ] Run Closure @app_init [ RunTime:0.000022s ]
[ info ] [ CACHE ] INIT File
[ info ] [ BEHAVIOR ] Run Closure @app_init [ RunTime:0.000752s ]
[ info ] [ LANG ] /mnt/www/health.com/thinkphp/lang/zh-cn.php
[ info ] [ ROUTE ] array (
  'type' => 'module',
  'module' => 
  array (
    0 => 'index',
    1 => 'quotation',
    2 => 'pick_info',
  ),
)
[ info ] [ HEADER ] array (
  'cookie' => 'PHPSESSID=69hg9fkin6filgpkp87iidaef6',
  'accept-language' => 'zh-CN,en-US;q=0.8',
  'accept-encoding' => 'gzip, deflate',
  'referer' => 'http://121.42.251.110:9955/index',
  'user-agent' => 'Mozilla/5.0 (Linux; U; Android 7.1.2; zh-cn; vivo X9Plus Build/N2G47H) AppleWebKit/537.36 (KHTML, like Gecko) Version/4.0 Chrome/57.0.2987.132 MQQBrowser/8.3 Mobile Safari/537.36',
  'origin' => 'http://121.42.251.110:9955',
  'accept' => 'application/json, text/plain, */*',
  'content-length' => '0',
  'connection' => 'keep-alive',
  'host' => '121.42.251.110:9696',
  'content-type' => '',
)
[ info ] [ PARAM ] array (
)
[ info ] [ LANG ] /mnt/www/health.com/public/../application/index/lang/zh-cn.php
[ info ] [ BEHAVIOR ] Run app\common\behavior\Common @module_init [ RunTime:0.000254s ]
[ info ] [ SESSION ] INIT array (
  'id' => '',
  'var_session_id' => '',
  'prefix' => 'think',
  'type' => '',
  'auto_start' => true,
)
[ info ] [ RUN ] app\index\controller\Quotation->pick_info[ /mnt/www/health.com/application/index/controller/Quotation.php ]
[ info ] [ DB ] INIT mysql
[ info ] [ LOG ] INIT File
[ sql ] [ DB ] CONNECT:[ UseTime:0.000571s ] mysql:host=127.0.0.1;dbname=health;charset=utf8
[ sql ] [ SQL ] SHOW COLUMNS FROM `hl_config` [ RunTime:0.001191s ]
[ sql ] [ SQL ] SELECT `name`,`title`,`value` FROM `hl_config` WHERE  `id` IN (2,3,4,5,6,7) [ RunTime:0.000393s ]
---------------------------------------------------------------
[ 2018-05-01T18:35:52+08:00 ] 115.57.132.98 POST /index/users/index
[ info ] 121.42.251.110:9696/index/users/index [运行时间：0.040047s][吞吐率：24.97req/s] [内存消耗：2,535.70kb] [文件加载：66]
[ info ] [ BEHAVIOR ] Run Closure @app_init [ RunTime:0.000021s ]
[ info ] [ CACHE ] INIT File
[ info ] [ BEHAVIOR ] Run Closure @app_init [ RunTime:0.000771s ]
[ info ] [ LANG ] /mnt/www/health.com/thinkphp/lang/zh-cn.php
[ info ] [ ROUTE ] array (
  'type' => 'module',
  'module' => 
  array (
    0 => 'index',
    1 => 'users',
    2 => 'index',
  ),
)
[ info ] [ HEADER ] array (
  'cookie' => 'PHPSESSID=69hg9fkin6filgpkp87iidaef6',
  'accept-language' => 'zh-CN,en-US;q=0.8',
  'accept-encoding' => 'gzip, deflate',
  'referer' => 'http://121.42.251.110:9955/my',
  'user-agent' => 'Mozilla/5.0 (Linux; U; Android 7.1.2; zh-cn; vivo X9Plus Build/N2G47H) AppleWebKit/537.36 (KHTML, like Gecko) Version/4.0 Chrome/57.0.2987.132 MQQBrowser/8.3 Mobile Safari/537.36',
  'origin' => 'http://121.42.251.110:9955',
  'accept' => 'application/json, text/plain, */*',
  'content-length' => '0',
  'connection' => 'keep-alive',
  'host' => '121.42.251.110:9696',
  'content-type' => '',
)
[ info ] [ PARAM ] array (
)
[ info ] [ LANG ] /mnt/www/health.com/public/../application/index/lang/zh-cn.php
[ info ] [ BEHAVIOR ] Run app\common\behavior\Common @module_init [ RunTime:0.000241s ]
[ info ] [ SESSION ] INIT array (
  'id' => '',
  'var_session_id' => '',
  'prefix' => 'think',
  'type' => '',
  'auto_start' => true,
)
[ info ] [ RUN ] app\index\controller\Users->index[ /mnt/www/health.com/application/index/controller/Users.php ]
[ info ] [ DB ] INIT mysql
[ info ] [ LOG ] INIT File
[ sql ] [ DB ] CONNECT:[ UseTime:0.000576s ] mysql:host=127.0.0.1;dbname=health;charset=utf8
[ sql ] [ SQL ] SHOW COLUMNS FROM `hl_user` [ RunTime:0.001232s ]
[ sql ] [ SQL ] SELECT `pool`,`active_pool`,`mobile`,`token_address` FROM `hl_user` WHERE  `id` = 111 LIMIT 1 [ RunTime:0.000391s ]
---------------------------------------------------------------
[ 2018-05-01T18:36:14+08:00 ] 115.57.132.98 POST /index/quotation/pick_info
[ info ] 121.42.251.110:9696/index/quotation/pick_info [运行时间：0.033147s][吞吐率：30.17req/s] [内存消耗：2,535.65kb] [文件加载：66]
[ info ] [ BEHAVIOR ] Run Closure @app_init [ RunTime:0.000030s ]
[ info ] [ CACHE ] INIT File
[ info ] [ BEHAVIOR ] Run Closure @app_init [ RunTime:0.001251s ]
[ info ] [ LANG ] /mnt/www/health.com/thinkphp/lang/zh-cn.php
[ info ] [ ROUTE ] array (
  'type' => 'module',
  'module' => 
  array (
    0 => 'index',
    1 => 'quotation',
    2 => 'pick_info',
  ),
)
[ info ] [ HEADER ] array (
  'cookie' => 'PHPSESSID=69hg9fkin6filgpkp87iidaef6',
  'accept-language' => 'zh-CN,en-US;q=0.8',
  'accept-encoding' => 'gzip, deflate',
  'referer' => 'http://121.42.251.110:9955/index',
  'user-agent' => 'Mozilla/5.0 (Linux; U; Android 7.1.2; zh-cn; vivo X9Plus Build/N2G47H) AppleWebKit/537.36 (KHTML, like Gecko) Version/4.0 Chrome/57.0.2987.132 MQQBrowser/8.3 Mobile Safari/537.36',
  'origin' => 'http://121.42.251.110:9955',
  'accept' => 'application/json, text/plain, */*',
  'content-length' => '0',
  'connection' => 'keep-alive',
  'host' => '121.42.251.110:9696',
  'content-type' => '',
)
[ info ] [ PARAM ] array (
)
[ info ] [ LANG ] /mnt/www/health.com/public/../application/index/lang/zh-cn.php
[ info ] [ BEHAVIOR ] Run app\common\behavior\Common @module_init [ RunTime:0.000368s ]
[ info ] [ SESSION ] INIT array (
  'id' => '',
  'var_session_id' => '',
  'prefix' => 'think',
  'type' => '',
  'auto_start' => true,
)
[ info ] [ RUN ] app\index\controller\Quotation->pick_info[ /mnt/www/health.com/application/index/controller/Quotation.php ]
[ info ] [ DB ] INIT mysql
[ info ] [ LOG ] INIT File
[ sql ] [ DB ] CONNECT:[ UseTime:0.000659s ] mysql:host=127.0.0.1;dbname=health;charset=utf8
[ sql ] [ SQL ] SHOW COLUMNS FROM `hl_config` [ RunTime:0.001626s ]
[ sql ] [ SQL ] SELECT `name`,`title`,`value` FROM `hl_config` WHERE  `id` IN (2,3,4,5,6,7) [ RunTime:0.000548s ]
---------------------------------------------------------------
[ 2018-05-01T21:26:19+08:00 ] 115.57.132.98 POST /index/quotation/pick_info
[ info ] 121.42.251.110:9696/index/quotation/pick_info [运行时间：0.023909s][吞吐率：41.83req/s] [内存消耗：2,535.65kb] [文件加载：66]
[ info ] [ BEHAVIOR ] Run Closure @app_init [ RunTime:0.000022s ]
[ info ] [ CACHE ] INIT File
[ info ] [ BEHAVIOR ] Run Closure @app_init [ RunTime:0.000823s ]
[ info ] [ LANG ] /mnt/www/health.com/thinkphp/lang/zh-cn.php
[ info ] [ ROUTE ] array (
  'type' => 'module',
  'module' => 
  array (
    0 => 'index',
    1 => 'quotation',
    2 => 'pick_info',
  ),
)
[ info ] [ HEADER ] array (
  'cookie' => 'PHPSESSID=69hg9fkin6filgpkp87iidaef6',
  'accept-language' => 'zh-CN,en-US;q=0.8',
  'accept-encoding' => 'gzip, deflate',
  'referer' => 'http://121.42.251.110:9955/index',
  'user-agent' => 'Mozilla/5.0 (Linux; U; Android 7.1.2; zh-cn; vivo X9Plus Build/N2G47H) AppleWebKit/537.36 (KHTML, like Gecko) Version/4.0 Chrome/57.0.2987.132 MQQBrowser/8.3 Mobile Safari/537.36',
  'origin' => 'http://121.42.251.110:9955',
  'accept' => 'application/json, text/plain, */*',
  'content-length' => '0',
  'connection' => 'keep-alive',
  'host' => '121.42.251.110:9696',
  'content-type' => '',
)
[ info ] [ PARAM ] array (
)
[ info ] [ LANG ] /mnt/www/health.com/public/../application/index/lang/zh-cn.php
[ info ] [ BEHAVIOR ] Run app\common\behavior\Common @module_init [ RunTime:0.000273s ]
[ info ] [ SESSION ] INIT array (
  'id' => '',
  'var_session_id' => '',
  'prefix' => 'think',
  'type' => '',
  'auto_start' => true,
)
[ info ] [ RUN ] app\index\controller\Quotation->pick_info[ /mnt/www/health.com/application/index/controller/Quotation.php ]
[ info ] [ DB ] INIT mysql
[ info ] [ LOG ] INIT File
[ sql ] [ DB ] CONNECT:[ UseTime:0.000509s ] mysql:host=127.0.0.1;dbname=health;charset=utf8
[ sql ] [ SQL ] SHOW COLUMNS FROM `hl_config` [ RunTime:0.001203s ]
[ sql ] [ SQL ] SELECT `name`,`title`,`value` FROM `hl_config` WHERE  `id` IN (2,3,4,5,6,7) [ RunTime:0.000401s ]
---------------------------------------------------------------
[ 2018-05-01T21:26:23+08:00 ] 115.57.132.98 POST /index/users/index
[ info ] 121.42.251.110:9696/index/users/index [运行时间：0.022757s][吞吐率：43.94req/s] [内存消耗：2,535.70kb] [文件加载：66]
[ info ] [ BEHAVIOR ] Run Closure @app_init [ RunTime:0.000020s ]
[ info ] [ CACHE ] INIT File
[ info ] [ BEHAVIOR ] Run Closure @app_init [ RunTime:0.000750s ]
[ info ] [ LANG ] /mnt/www/health.com/thinkphp/lang/zh-cn.php
[ info ] [ ROUTE ] array (
  'type' => 'module',
  'module' => 
  array (
    0 => 'index',
    1 => 'users',
    2 => 'index',
  ),
)
[ info ] [ HEADER ] array (
  'cookie' => 'PHPSESSID=69hg9fkin6filgpkp87iidaef6',
  'accept-language' => 'zh-CN,en-US;q=0.8',
  'accept-encoding' => 'gzip, deflate',
  'referer' => 'http://121.42.251.110:9955/my',
  'user-agent' => 'Mozilla/5.0 (Linux; U; Android 7.1.2; zh-cn; vivo X9Plus Build/N2G47H) AppleWebKit/537.36 (KHTML, like Gecko) Version/4.0 Chrome/57.0.2987.132 MQQBrowser/8.3 Mobile Safari/537.36',
  'origin' => 'http://121.42.251.110:9955',
  'accept' => 'application/json, text/plain, */*',
  'content-length' => '0',
  'connection' => 'keep-alive',
  'host' => '121.42.251.110:9696',
  'content-type' => '',
)
[ info ] [ PARAM ] array (
)
[ info ] [ LANG ] /mnt/www/health.com/public/../application/index/lang/zh-cn.php
[ info ] [ BEHAVIOR ] Run app\common\behavior\Common @module_init [ RunTime:0.000229s ]
[ info ] [ SESSION ] INIT array (
  'id' => '',
  'var_session_id' => '',
  'prefix' => 'think',
  'type' => '',
  'auto_start' => true,
)
[ info ] [ RUN ] app\index\controller\Users->index[ /mnt/www/health.com/application/index/controller/Users.php ]
[ info ] [ DB ] INIT mysql
[ info ] [ LOG ] INIT File
[ sql ] [ DB ] CONNECT:[ UseTime:0.000548s ] mysql:host=127.0.0.1;dbname=health;charset=utf8
[ sql ] [ SQL ] SHOW COLUMNS FROM `hl_user` [ RunTime:0.001199s ]
[ sql ] [ SQL ] SELECT `pool`,`active_pool`,`mobile`,`token_address` FROM `hl_user` WHERE  `id` = 111 LIMIT 1 [ RunTime:0.000329s ]
---------------------------------------------------------------
[ 2018-05-01T21:28:54+08:00 ] 115.57.132.98 POST /index/quotation/pick_info
[ info ] 121.42.251.110:9696/index/quotation/pick_info [运行时间：0.023484s][吞吐率：42.58req/s] [内存消耗：2,535.65kb] [文件加载：66]
[ info ] [ BEHAVIOR ] Run Closure @app_init [ RunTime:0.000022s ]
[ info ] [ CACHE ] INIT File
[ info ] [ BEHAVIOR ] Run Closure @app_init [ RunTime:0.000861s ]
[ info ] [ LANG ] /mnt/www/health.com/thinkphp/lang/zh-cn.php
[ info ] [ ROUTE ] array (
  'type' => 'module',
  'module' => 
  array (
    0 => 'index',
    1 => 'quotation',
    2 => 'pick_info',
  ),
)
[ info ] [ HEADER ] array (
  'cookie' => 'PHPSESSID=69hg9fkin6filgpkp87iidaef6',
  'accept-language' => 'zh-CN,en-US;q=0.8',
  'accept-encoding' => 'gzip, deflate',
  'referer' => 'http://121.42.251.110:9955/index',
  'user-agent' => 'Mozilla/5.0 (Linux; U; Android 7.1.2; zh-cn; vivo X9Plus Build/N2G47H) AppleWebKit/537.36 (KHTML, like Gecko) Version/4.0 Chrome/57.0.2987.132 MQQBrowser/8.3 Mobile Safari/537.36',
  'origin' => 'http://121.42.251.110:9955',
  'accept' => 'application/json, text/plain, */*',
  'content-length' => '0',
  'connection' => 'keep-alive',
  'host' => '121.42.251.110:9696',
  'content-type' => '',
)
[ info ] [ PARAM ] array (
)
[ info ] [ LANG ] /mnt/www/health.com/public/../application/index/lang/zh-cn.php
[ info ] [ BEHAVIOR ] Run app\common\behavior\Common @module_init [ RunTime:0.000245s ]
[ info ] [ SESSION ] INIT array (
  'id' => '',
  'var_session_id' => '',
  'prefix' => 'think',
  'type' => '',
  'auto_start' => true,
)
[ info ] [ RUN ] app\index\controller\Quotation->pick_info[ /mnt/www/health.com/application/index/controller/Quotation.php ]
[ info ] [ DB ] INIT mysql
[ info ] [ LOG ] INIT File
[ sql ] [ DB ] CONNECT:[ UseTime:0.000476s ] mysql:host=127.0.0.1;dbname=health;charset=utf8
[ sql ] [ SQL ] SHOW COLUMNS FROM `hl_config` [ RunTime:0.001134s ]
[ sql ] [ SQL ] SELECT `name`,`title`,`value` FROM `hl_config` WHERE  `id` IN (2,3,4,5,6,7) [ RunTime:0.000374s ]
---------------------------------------------------------------
[ 2018-05-01T21:29:11+08:00 ] 115.57.132.98 POST /index/users/index
[ info ] 121.42.251.110:9696/index/users/index [运行时间：0.023874s][吞吐率：41.89req/s] [内存消耗：2,535.70kb] [文件加载：66]
[ info ] [ BEHAVIOR ] Run Closure @app_init [ RunTime:0.000022s ]
[ info ] [ CACHE ] INIT File
[ info ] [ BEHAVIOR ] Run Closure @app_init [ RunTime:0.000814s ]
[ info ] [ LANG ] /mnt/www/health.com/thinkphp/lang/zh-cn.php
[ info ] [ ROUTE ] array (
  'type' => 'module',
  'module' => 
  array (
    0 => 'index',
    1 => 'users',
    2 => 'index',
  ),
)
[ info ] [ HEADER ] array (
  'cookie' => 'PHPSESSID=69hg9fkin6filgpkp87iidaef6',
  'accept-language' => 'zh-CN,en-US;q=0.8',
  'accept-encoding' => 'gzip, deflate',
  'referer' => 'http://121.42.251.110:9955/my',
  'user-agent' => 'Mozilla/5.0 (Linux; U; Android 7.1.2; zh-cn; vivo X9Plus Build/N2G47H) AppleWebKit/537.36 (KHTML, like Gecko) Version/4.0 Chrome/57.0.2987.132 MQQBrowser/8.3 Mobile Safari/537.36',
  'origin' => 'http://121.42.251.110:9955',
  'accept' => 'application/json, text/plain, */*',
  'content-length' => '0',
  'connection' => 'keep-alive',
  'host' => '121.42.251.110:9696',
  'content-type' => '',
)
[ info ] [ PARAM ] array (
)
[ info ] [ LANG ] /mnt/www/health.com/public/../application/index/lang/zh-cn.php
[ info ] [ BEHAVIOR ] Run app\common\behavior\Common @module_init [ RunTime:0.000247s ]
[ info ] [ SESSION ] INIT array (
  'id' => '',
  'var_session_id' => '',
  'prefix' => 'think',
  'type' => '',
  'auto_start' => true,
)
[ info ] [ RUN ] app\index\controller\Users->index[ /mnt/www/health.com/application/index/controller/Users.php ]
[ info ] [ DB ] INIT mysql
[ info ] [ LOG ] INIT File
[ sql ] [ DB ] CONNECT:[ UseTime:0.000655s ] mysql:host=127.0.0.1;dbname=health;charset=utf8
[ sql ] [ SQL ] SHOW COLUMNS FROM `hl_user` [ RunTime:0.001527s ]
[ sql ] [ SQL ] SELECT `pool`,`active_pool`,`mobile`,`token_address` FROM `hl_user` WHERE  `id` = 111 LIMIT 1 [ RunTime:0.000373s ]
---------------------------------------------------------------
[ 2018-05-01T21:29:22+08:00 ] 115.57.132.98 POST /index/quotation/pick_info
[ info ] 121.42.251.110:9696/index/quotation/pick_info [运行时间：0.024404s][吞吐率：40.98req/s] [内存消耗：2,535.65kb] [文件加载：66]
[ info ] [ BEHAVIOR ] Run Closure @app_init [ RunTime:0.000023s ]
[ info ] [ CACHE ] INIT File
[ info ] [ BEHAVIOR ] Run Closure @app_init [ RunTime:0.000818s ]
[ info ] [ LANG ] /mnt/www/health.com/thinkphp/lang/zh-cn.php
[ info ] [ ROUTE ] array (
  'type' => 'module',
  'module' => 
  array (
    0 => 'index',
    1 => 'quotation',
    2 => 'pick_info',
  ),
)
[ info ] [ HEADER ] array (
  'cookie' => 'PHPSESSID=69hg9fkin6filgpkp87iidaef6',
  'accept-language' => 'zh-CN,en-US;q=0.8',
  'accept-encoding' => 'gzip, deflate',
  'referer' => 'http://121.42.251.110:9955/index',
  'user-agent' => 'Mozilla/5.0 (Linux; U; Android 7.1.2; zh-cn; vivo X9Plus Build/N2G47H) AppleWebKit/537.36 (KHTML, like Gecko) Version/4.0 Chrome/57.0.2987.132 MQQBrowser/8.3 Mobile Safari/537.36',
  'origin' => 'http://121.42.251.110:9955',
  'accept' => 'application/json, text/plain, */*',
  'content-length' => '0',
  'connection' => 'keep-alive',
  'host' => '121.42.251.110:9696',
  'content-type' => '',
)
[ info ] [ PARAM ] array (
)
[ info ] [ LANG ] /mnt/www/health.com/public/../application/index/lang/zh-cn.php
[ info ] [ BEHAVIOR ] Run app\common\behavior\Common @module_init [ RunTime:0.000259s ]
[ info ] [ SESSION ] INIT array (
  'id' => '',
  'var_session_id' => '',
  'prefix' => 'think',
  'type' => '',
  'auto_start' => true,
)
[ info ] [ RUN ] app\index\controller\Quotation->pick_info[ /mnt/www/health.com/application/index/controller/Quotation.php ]
[ info ] [ DB ] INIT mysql
[ info ] [ LOG ] INIT File
[ sql ] [ DB ] CONNECT:[ UseTime:0.000543s ] mysql:host=127.0.0.1;dbname=health;charset=utf8
[ sql ] [ SQL ] SHOW COLUMNS FROM `hl_config` [ RunTime:0.001165s ]
[ sql ] [ SQL ] SELECT `name`,`title`,`value` FROM `hl_config` WHERE  `id` IN (2,3,4,5,6,7) [ RunTime:0.000388s ]
---------------------------------------------------------------
[ 2018-05-01T21:29:30+08:00 ] 115.57.132.98 POST /index/users/index
[ info ] 121.42.251.110:9696/index/users/index [运行时间：0.022935s][吞吐率：43.60req/s] [内存消耗：2,535.70kb] [文件加载：66]
[ info ] [ BEHAVIOR ] Run Closure @app_init [ RunTime:0.000019s ]
[ info ] [ CACHE ] INIT File
[ info ] [ BEHAVIOR ] Run Closure @app_init [ RunTime:0.000759s ]
[ info ] [ LANG ] /mnt/www/health.com/thinkphp/lang/zh-cn.php
[ info ] [ ROUTE ] array (
  'type' => 'module',
  'module' => 
  array (
    0 => 'index',
    1 => 'users',
    2 => 'index',
  ),
)
[ info ] [ HEADER ] array (
  'cookie' => 'PHPSESSID=69hg9fkin6filgpkp87iidaef6',
  'accept-language' => 'zh-CN,en-US;q=0.8',
  'accept-encoding' => 'gzip, deflate',
  'referer' => 'http://121.42.251.110:9955/my',
  'user-agent' => 'Mozilla/5.0 (Linux; U; Android 7.1.2; zh-cn; vivo X9Plus Build/N2G47H) AppleWebKit/537.36 (KHTML, like Gecko) Version/4.0 Chrome/57.0.2987.132 MQQBrowser/8.3 Mobile Safari/537.36',
  'origin' => 'http://121.42.251.110:9955',
  'accept' => 'application/json, text/plain, */*',
  'content-length' => '0',
  'connection' => 'keep-alive',
  'host' => '121.42.251.110:9696',
  'content-type' => '',
)
[ info ] [ PARAM ] array (
)
[ info ] [ LANG ] /mnt/www/health.com/public/../application/index/lang/zh-cn.php
[ info ] [ BEHAVIOR ] Run app\common\behavior\Common @module_init [ RunTime:0.000242s ]
[ info ] [ SESSION ] INIT array (
  'id' => '',
  'var_session_id' => '',
  'prefix' => 'think',
  'type' => '',
  'auto_start' => true,
)
[ info ] [ RUN ] app\index\controller\Users->index[ /mnt/www/health.com/application/index/controller/Users.php ]
[ info ] [ DB ] INIT mysql
[ info ] [ LOG ] INIT File
[ sql ] [ DB ] CONNECT:[ UseTime:0.000484s ] mysql:host=127.0.0.1;dbname=health;charset=utf8
[ sql ] [ SQL ] SHOW COLUMNS FROM `hl_user` [ RunTime:0.001207s ]
[ sql ] [ SQL ] SELECT `pool`,`active_pool`,`mobile`,`token_address` FROM `hl_user` WHERE  `id` = 111 LIMIT 1 [ RunTime:0.000315s ]
---------------------------------------------------------------
[ 2018-05-01T21:29:47+08:00 ] 115.57.132.98 POST /index/quotation/pick_info
[ info ] 121.42.251.110:9696/index/quotation/pick_info [运行时间：0.022692s][吞吐率：44.07req/s] [内存消耗：2,535.65kb] [文件加载：66]
[ info ] [ BEHAVIOR ] Run Closure @app_init [ RunTime:0.000021s ]
[ info ] [ CACHE ] INIT File
[ info ] [ BEHAVIOR ] Run Closure @app_init [ RunTime:0.000759s ]
[ info ] [ LANG ] /mnt/www/health.com/thinkphp/lang/zh-cn.php
[ info ] [ ROUTE ] array (
  'type' => 'module',
  'module' => 
  array (
    0 => 'index',
    1 => 'quotation',
    2 => 'pick_info',
  ),
)
[ info ] [ HEADER ] array (
  'cookie' => 'PHPSESSID=69hg9fkin6filgpkp87iidaef6',
  'accept-language' => 'zh-CN,en-US;q=0.8',
  'accept-encoding' => 'gzip, deflate',
  'referer' => 'http://121.42.251.110:9955/index',
  'user-agent' => 'Mozilla/5.0 (Linux; U; Android 7.1.2; zh-cn; vivo X9Plus Build/N2G47H) AppleWebKit/537.36 (KHTML, like Gecko) Version/4.0 Chrome/57.0.2987.132 MQQBrowser/8.3 Mobile Safari/537.36',
  'origin' => 'http://121.42.251.110:9955',
  'accept' => 'application/json, text/plain, */*',
  'content-length' => '0',
  'connection' => 'keep-alive',
  'host' => '121.42.251.110:9696',
  'content-type' => '',
)
[ info ] [ PARAM ] array (
)
[ info ] [ LANG ] /mnt/www/health.com/public/../application/index/lang/zh-cn.php
[ info ] [ BEHAVIOR ] Run app\common\behavior\Common @module_init [ RunTime:0.000242s ]
[ info ] [ SESSION ] INIT array (
  'id' => '',
  'var_session_id' => '',
  'prefix' => 'think',
  'type' => '',
  'auto_start' => true,
)
[ info ] [ RUN ] app\index\controller\Quotation->pick_info[ /mnt/www/health.com/application/index/controller/Quotation.php ]
[ info ] [ DB ] INIT mysql
[ info ] [ LOG ] INIT File
[ sql ] [ DB ] CONNECT:[ UseTime:0.000475s ] mysql:host=127.0.0.1;dbname=health;charset=utf8
[ sql ] [ SQL ] SHOW COLUMNS FROM `hl_config` [ RunTime:0.001111s ]
[ sql ] [ SQL ] SELECT `name`,`title`,`value` FROM `hl_config` WHERE  `id` IN (2,3,4,5,6,7) [ RunTime:0.000378s ]
---------------------------------------------------------------
[ 2018-05-01T21:31:13+08:00 ] 115.57.132.98 POST /index/quotation/pick_info
[ info ] 121.42.251.110:9696/index/quotation/pick_info [运行时间：0.022913s][吞吐率：43.64req/s] [内存消耗：2,535.65kb] [文件加载：66]
[ info ] [ BEHAVIOR ] Run Closure @app_init [ RunTime:0.000021s ]
[ info ] [ CACHE ] INIT File
[ info ] [ BEHAVIOR ] Run Closure @app_init [ RunTime:0.000796s ]
[ info ] [ LANG ] /mnt/www/health.com/thinkphp/lang/zh-cn.php
[ info ] [ ROUTE ] array (
  'type' => 'module',
  'module' => 
  array (
    0 => 'index',
    1 => 'quotation',
    2 => 'pick_info',
  ),
)
[ info ] [ HEADER ] array (
  'cookie' => 'PHPSESSID=69hg9fkin6filgpkp87iidaef6',
  'accept-language' => 'zh-CN,en-US;q=0.8',
  'accept-encoding' => 'gzip, deflate',
  'referer' => 'http://121.42.251.110:9955/index',
  'user-agent' => 'Mozilla/5.0 (Linux; U; Android 7.1.2; zh-cn; vivo X9Plus Build/N2G47H) AppleWebKit/537.36 (KHTML, like Gecko) Version/4.0 Chrome/57.0.2987.132 MQQBrowser/8.3 Mobile Safari/537.36',
  'origin' => 'http://121.42.251.110:9955',
  'accept' => 'application/json, text/plain, */*',
  'content-length' => '0',
  'connection' => 'keep-alive',
  'host' => '121.42.251.110:9696',
  'content-type' => '',
)
[ info ] [ PARAM ] array (
)
[ info ] [ LANG ] /mnt/www/health.com/public/../application/index/lang/zh-cn.php
[ info ] [ BEHAVIOR ] Run app\common\behavior\Common @module_init [ RunTime:0.000242s ]
[ info ] [ SESSION ] INIT array (
  'id' => '',
  'var_session_id' => '',
  'prefix' => 'think',
  'type' => '',
  'auto_start' => true,
)
[ info ] [ RUN ] app\index\controller\Quotation->pick_info[ /mnt/www/health.com/application/index/controller/Quotation.php ]
[ info ] [ DB ] INIT mysql
[ info ] [ LOG ] INIT File
[ sql ] [ DB ] CONNECT:[ UseTime:0.000488s ] mysql:host=127.0.0.1;dbname=health;charset=utf8
[ sql ] [ SQL ] SHOW COLUMNS FROM `hl_config` [ RunTime:0.001143s ]
[ sql ] [ SQL ] SELECT `name`,`title`,`value` FROM `hl_config` WHERE  `id` IN (2,3,4,5,6,7) [ RunTime:0.000362s ]
