---------------------------------------------------------------
[ 2018-05-02T10:06:29+08:00 ] 115.57.131.39 POST /index/quotation/pick_info
[ info ] 121.42.251.110:9696/index/quotation/pick_info [运行时间：0.806141s][吞吐率：1.24req/s] [内存消耗：2,535.64kb] [文件加载：66]
[ info ] [ BEHAVIOR ] Run Closure @app_init [ RunTime:0.000028s ]
[ info ] [ CACHE ] INIT File
[ info ] [ BEHAVIOR ] Run Closure @app_init [ RunTime:0.051996s ]
[ info ] [ LANG ] /mnt/www/health.com/thinkphp/lang/zh-cn.php
[ info ] [ ROUTE ] array (
  'type' => 'module',
  'module' => 
  array (
    0 => 'index',
    1 => 'quotation',
    2 => 'pick_info',
  ),
)
[ info ] [ HEADER ] array (
  'cookie' => 'PHPSESSID=69hg9fkin6filgpkp87iidaef6',
  'accept-language' => 'zh-CN,en-US;q=0.8',
  'accept-encoding' => 'gzip, deflate',
  'referer' => 'http://121.42.251.110:9955/index',
  'user-agent' => 'Mozilla/5.0 (Linux; U; Android 7.1.2; zh-cn; vivo X9Plus Build/N2G47H) AppleWebKit/537.36 (KHTML, like Gecko) Version/4.0 Chrome/57.0.2987.132 MQQBrowser/8.3 Mobile Safari/537.36',
  'origin' => 'http://121.42.251.110:9955',
  'accept' => 'application/json, text/plain, */*',
  'content-length' => '0',
  'connection' => 'keep-alive',
  'host' => '121.42.251.110:9696',
  'content-type' => '',
)
[ info ] [ PARAM ] array (
)
[ info ] [ LANG ] /mnt/www/health.com/public/../application/index/lang/zh-cn.php
[ info ] [ BEHAVIOR ] Run app\common\behavior\Common @module_init [ RunTime:0.013690s ]
[ info ] [ SESSION ] INIT array (
  'id' => '',
  'var_session_id' => '',
  'prefix' => 'think',
  'type' => '',
  'auto_start' => true,
)
[ info ] [ RUN ] app\index\controller\Quotation->pick_info[ /mnt/www/health.com/application/index/controller/Quotation.php ]
[ info ] [ DB ] INIT mysql
[ info ] [ LOG ] INIT File
[ sql ] [ DB ] CONNECT:[ UseTime:0.033658s ] mysql:host=127.0.0.1;dbname=health;charset=utf8
[ sql ] [ SQL ] SHOW COLUMNS FROM `hl_config` [ RunTime:0.021650s ]
[ sql ] [ SQL ] SELECT `name`,`title`,`value` FROM `hl_config` WHERE  `id` IN (2,3,4,5,6,7) [ RunTime:0.000498s ]
---------------------------------------------------------------
[ 2018-05-02T10:06:31+08:00 ] 115.57.131.39 POST /index/users/index
[ info ] 121.42.251.110:9696/index/users/index [运行时间：0.040307s][吞吐率：24.81req/s] [内存消耗：2,535.70kb] [文件加载：66]
[ info ] [ BEHAVIOR ] Run Closure @app_init [ RunTime:0.000030s ]
[ info ] [ CACHE ] INIT File
[ info ] [ BEHAVIOR ] Run Closure @app_init [ RunTime:0.000766s ]
[ info ] [ LANG ] /mnt/www/health.com/thinkphp/lang/zh-cn.php
[ info ] [ ROUTE ] array (
  'type' => 'module',
  'module' => 
  array (
    0 => 'index',
    1 => 'users',
    2 => 'index',
  ),
)
[ info ] [ HEADER ] array (
  'cookie' => 'PHPSESSID=69hg9fkin6filgpkp87iidaef6',
  'accept-language' => 'zh-CN,en-US;q=0.8',
  'accept-encoding' => 'gzip, deflate',
  'referer' => 'http://121.42.251.110:9955/my',
  'user-agent' => 'Mozilla/5.0 (Linux; U; Android 7.1.2; zh-cn; vivo X9Plus Build/N2G47H) AppleWebKit/537.36 (KHTML, like Gecko) Version/4.0 Chrome/57.0.2987.132 MQQBrowser/8.3 Mobile Safari/537.36',
  'origin' => 'http://121.42.251.110:9955',
  'accept' => 'application/json, text/plain, */*',
  'content-length' => '0',
  'connection' => 'keep-alive',
  'host' => '121.42.251.110:9696',
  'content-type' => '',
)
[ info ] [ PARAM ] array (
)
[ info ] [ LANG ] /mnt/www/health.com/public/../application/index/lang/zh-cn.php
[ info ] [ BEHAVIOR ] Run app\common\behavior\Common @module_init [ RunTime:0.000233s ]
[ info ] [ SESSION ] INIT array (
  'id' => '',
  'var_session_id' => '',
  'prefix' => 'think',
  'type' => '',
  'auto_start' => true,
)
[ info ] [ RUN ] app\index\controller\Users->index[ /mnt/www/health.com/application/index/controller/Users.php ]
[ info ] [ DB ] INIT mysql
[ info ] [ LOG ] INIT File
[ sql ] [ DB ] CONNECT:[ UseTime:0.000555s ] mysql:host=127.0.0.1;dbname=health;charset=utf8
[ sql ] [ SQL ] SHOW COLUMNS FROM `hl_user` [ RunTime:0.016876s ]
[ sql ] [ SQL ] SELECT `pool`,`active_pool`,`mobile`,`token_address` FROM `hl_user` WHERE  `id` = 111 LIMIT 1 [ RunTime:0.000355s ]
---------------------------------------------------------------
[ 2018-05-02T10:06:40+08:00 ] 115.57.131.39 POST /index/quotation/pick_info
[ info ] 121.42.251.110:9696/index/quotation/pick_info [运行时间：0.024004s][吞吐率：41.66req/s] [内存消耗：2,535.65kb] [文件加载：66]
[ info ] [ BEHAVIOR ] Run Closure @app_init [ RunTime:0.000022s ]
[ info ] [ CACHE ] INIT File
[ info ] [ BEHAVIOR ] Run Closure @app_init [ RunTime:0.000750s ]
[ info ] [ LANG ] /mnt/www/health.com/thinkphp/lang/zh-cn.php
[ info ] [ ROUTE ] array (
  'type' => 'module',
  'module' => 
  array (
    0 => 'index',
    1 => 'quotation',
    2 => 'pick_info',
  ),
)
[ info ] [ HEADER ] array (
  'cookie' => 'PHPSESSID=69hg9fkin6filgpkp87iidaef6',
  'accept-language' => 'zh-CN,en-US;q=0.8',
  'accept-encoding' => 'gzip, deflate',
  'referer' => 'http://121.42.251.110:9955/index',
  'user-agent' => 'Mozilla/5.0 (Linux; U; Android 7.1.2; zh-cn; vivo X9Plus Build/N2G47H) AppleWebKit/537.36 (KHTML, like Gecko) Version/4.0 Chrome/57.0.2987.132 MQQBrowser/8.3 Mobile Safari/537.36',
  'origin' => 'http://121.42.251.110:9955',
  'accept' => 'application/json, text/plain, */*',
  'content-length' => '0',
  'connection' => 'keep-alive',
  'host' => '121.42.251.110:9696',
  'content-type' => '',
)
[ info ] [ PARAM ] array (
)
[ info ] [ LANG ] /mnt/www/health.com/public/../application/index/lang/zh-cn.php
[ info ] [ BEHAVIOR ] Run app\common\behavior\Common @module_init [ RunTime:0.000238s ]
[ info ] [ SESSION ] INIT array (
  'id' => '',
  'var_session_id' => '',
  'prefix' => 'think',
  'type' => '',
  'auto_start' => true,
)
[ info ] [ RUN ] app\index\controller\Quotation->pick_info[ /mnt/www/health.com/application/index/controller/Quotation.php ]
[ info ] [ DB ] INIT mysql
[ info ] [ LOG ] INIT File
[ sql ] [ DB ] CONNECT:[ UseTime:0.000449s ] mysql:host=127.0.0.1;dbname=health;charset=utf8
[ sql ] [ SQL ] SHOW COLUMNS FROM `hl_config` [ RunTime:0.001081s ]
[ sql ] [ SQL ] SELECT `name`,`title`,`value` FROM `hl_config` WHERE  `id` IN (2,3,4,5,6,7) [ RunTime:0.000343s ]
---------------------------------------------------------------
[ 2018-05-02T10:08:49+08:00 ] 115.57.131.39 POST /index/users/index
[ info ] 121.42.251.110:9696/index/users/index [运行时间：0.024251s][吞吐率：41.24req/s] [内存消耗：2,535.70kb] [文件加载：66]
[ info ] [ BEHAVIOR ] Run Closure @app_init [ RunTime:0.000021s ]
[ info ] [ CACHE ] INIT File
[ info ] [ BEHAVIOR ] Run Closure @app_init [ RunTime:0.000766s ]
[ info ] [ LANG ] /mnt/www/health.com/thinkphp/lang/zh-cn.php
[ info ] [ ROUTE ] array (
  'type' => 'module',
  'module' => 
  array (
    0 => 'index',
    1 => 'users',
    2 => 'index',
  ),
)
[ info ] [ HEADER ] array (
  'cookie' => 'PHPSESSID=69hg9fkin6filgpkp87iidaef6',
  'accept-language' => 'zh-CN,en-US;q=0.8',
  'accept-encoding' => 'gzip, deflate',
  'referer' => 'http://121.42.251.110:9955/my',
  'user-agent' => 'Mozilla/5.0 (Linux; U; Android 7.1.2; zh-cn; vivo X9Plus Build/N2G47H) AppleWebKit/537.36 (KHTML, like Gecko) Version/4.0 Chrome/57.0.2987.132 MQQBrowser/8.3 Mobile Safari/537.36',
  'origin' => 'http://121.42.251.110:9955',
  'accept' => 'application/json, text/plain, */*',
  'content-length' => '0',
  'connection' => 'keep-alive',
  'host' => '121.42.251.110:9696',
  'content-type' => '',
)
[ info ] [ PARAM ] array (
)
[ info ] [ LANG ] /mnt/www/health.com/public/../application/index/lang/zh-cn.php
[ info ] [ BEHAVIOR ] Run app\common\behavior\Common @module_init [ RunTime:0.000242s ]
[ info ] [ SESSION ] INIT array (
  'id' => '',
  'var_session_id' => '',
  'prefix' => 'think',
  'type' => '',
  'auto_start' => true,
)
[ info ] [ RUN ] app\index\controller\Users->index[ /mnt/www/health.com/application/index/controller/Users.php ]
[ info ] [ DB ] INIT mysql
[ info ] [ LOG ] INIT File
[ sql ] [ DB ] CONNECT:[ UseTime:0.000497s ] mysql:host=127.0.0.1;dbname=health;charset=utf8
[ sql ] [ SQL ] SHOW COLUMNS FROM `hl_user` [ RunTime:0.001322s ]
[ sql ] [ SQL ] SELECT `pool`,`active_pool`,`mobile`,`token_address` FROM `hl_user` WHERE  `id` = 111 LIMIT 1 [ RunTime:0.000389s ]
---------------------------------------------------------------
[ 2018-05-02T10:37:29+08:00 ] 115.57.131.39 POST /index/quotation/pick_info
[ info ] 121.42.251.110:9696/index/quotation/pick_info [运行时间：0.023226s][吞吐率：43.06req/s] [内存消耗：2,535.65kb] [文件加载：66]
[ info ] [ BEHAVIOR ] Run Closure @app_init [ RunTime:0.000021s ]
[ info ] [ CACHE ] INIT File
[ info ] [ BEHAVIOR ] Run Closure @app_init [ RunTime:0.000753s ]
[ info ] [ LANG ] /mnt/www/health.com/thinkphp/lang/zh-cn.php
[ info ] [ ROUTE ] array (
  'type' => 'module',
  'module' => 
  array (
    0 => 'index',
    1 => 'quotation',
    2 => 'pick_info',
  ),
)
[ info ] [ HEADER ] array (
  'cookie' => 'PHPSESSID=69hg9fkin6filgpkp87iidaef6',
  'accept-language' => 'zh-CN,en-US;q=0.8',
  'accept-encoding' => 'gzip, deflate',
  'referer' => 'http://121.42.251.110:9955/index',
  'user-agent' => 'Mozilla/5.0 (Linux; U; Android 7.1.2; zh-cn; vivo X9Plus Build/N2G47H) AppleWebKit/537.36 (KHTML, like Gecko) Version/4.0 Chrome/57.0.2987.132 MQQBrowser/8.3 Mobile Safari/537.36',
  'origin' => 'http://121.42.251.110:9955',
  'accept' => 'application/json, text/plain, */*',
  'content-length' => '0',
  'connection' => 'keep-alive',
  'host' => '121.42.251.110:9696',
  'content-type' => '',
)
[ info ] [ PARAM ] array (
)
[ info ] [ LANG ] /mnt/www/health.com/public/../application/index/lang/zh-cn.php
[ info ] [ BEHAVIOR ] Run app\common\behavior\Common @module_init [ RunTime:0.000241s ]
[ info ] [ SESSION ] INIT array (
  'id' => '',
  'var_session_id' => '',
  'prefix' => 'think',
  'type' => '',
  'auto_start' => true,
)
[ info ] [ RUN ] app\index\controller\Quotation->pick_info[ /mnt/www/health.com/application/index/controller/Quotation.php ]
[ info ] [ DB ] INIT mysql
[ info ] [ LOG ] INIT File
[ sql ] [ DB ] CONNECT:[ UseTime:0.000519s ] mysql:host=127.0.0.1;dbname=health;charset=utf8
[ sql ] [ SQL ] SHOW COLUMNS FROM `hl_config` [ RunTime:0.001187s ]
[ sql ] [ SQL ] SELECT `name`,`title`,`value` FROM `hl_config` WHERE  `id` IN (2,3,4,5,6,7) [ RunTime:0.000358s ]
---------------------------------------------------------------
[ 2018-05-02T10:37:35+08:00 ] 115.57.131.39 POST /index/users/index
[ info ] 121.42.251.110:9696/index/users/index [运行时间：0.024227s][吞吐率：41.28req/s] [内存消耗：2,535.70kb] [文件加载：66]
[ info ] [ BEHAVIOR ] Run Closure @app_init [ RunTime:0.000021s ]
[ info ] [ CACHE ] INIT File
[ info ] [ BEHAVIOR ] Run Closure @app_init [ RunTime:0.000757s ]
[ info ] [ LANG ] /mnt/www/health.com/thinkphp/lang/zh-cn.php
[ info ] [ ROUTE ] array (
  'type' => 'module',
  'module' => 
  array (
    0 => 'index',
    1 => 'users',
    2 => 'index',
  ),
)
[ info ] [ HEADER ] array (
  'cookie' => 'PHPSESSID=69hg9fkin6filgpkp87iidaef6',
  'accept-language' => 'zh-CN,en-US;q=0.8',
  'accept-encoding' => 'gzip, deflate',
  'referer' => 'http://121.42.251.110:9955/my',
  'user-agent' => 'Mozilla/5.0 (Linux; U; Android 7.1.2; zh-cn; vivo X9Plus Build/N2G47H) AppleWebKit/537.36 (KHTML, like Gecko) Version/4.0 Chrome/57.0.2987.132 MQQBrowser/8.3 Mobile Safari/537.36',
  'origin' => 'http://121.42.251.110:9955',
  'accept' => 'application/json, text/plain, */*',
  'content-length' => '0',
  'connection' => 'keep-alive',
  'host' => '121.42.251.110:9696',
  'content-type' => '',
)
[ info ] [ PARAM ] array (
)
[ info ] [ LANG ] /mnt/www/health.com/public/../application/index/lang/zh-cn.php
[ info ] [ BEHAVIOR ] Run app\common\behavior\Common @module_init [ RunTime:0.000252s ]
[ info ] [ SESSION ] INIT array (
  'id' => '',
  'var_session_id' => '',
  'prefix' => 'think',
  'type' => '',
  'auto_start' => true,
)
[ info ] [ RUN ] app\index\controller\Users->index[ /mnt/www/health.com/application/index/controller/Users.php ]
[ info ] [ DB ] INIT mysql
[ info ] [ LOG ] INIT File
[ sql ] [ DB ] CONNECT:[ UseTime:0.000466s ] mysql:host=127.0.0.1;dbname=health;charset=utf8
[ sql ] [ SQL ] SHOW COLUMNS FROM `hl_user` [ RunTime:0.001189s ]
[ sql ] [ SQL ] SELECT `pool`,`active_pool`,`mobile`,`token_address` FROM `hl_user` WHERE  `id` = 111 LIMIT 1 [ RunTime:0.000353s ]
---------------------------------------------------------------
[ 2018-05-02T11:03:11+08:00 ] 35.187.132.20 POST /index/quotation/pick_info
[ info ] 121.42.251.110:9696/index/quotation/pick_info [运行时间：0.022282s][吞吐率：44.88req/s] [内存消耗：2,491.09kb] [文件加载：64]
[ info ] [ BEHAVIOR ] Run Closure @app_init [ RunTime:0.000021s ]
[ info ] [ CACHE ] INIT File
[ info ] [ BEHAVIOR ] Run Closure @app_init [ RunTime:0.000758s ]
[ info ] [ ROUTE ] array (
  'type' => 'module',
  'module' => 
  array (
    0 => 'index',
    1 => 'quotation',
    2 => 'pick_info',
  ),
)
[ info ] [ HEADER ] array (
  'content-length' => '0',
  'x-forwarded-for' => '35.187.132.20',
  'accept-encoding' => 'gzip,deflate,br',
  'user-agent' => 'Mozilla/5.0 (X11; Linux x86_64) AppleWebKit/537.36 (KHTML, like Gecko; Google Web Preview) Chrome/41.0.2272.118 Safari/537.36',
  'accept' => 'application/json,text/plain,*/*',
  'connection' => 'keep-alive',
  'accept-language' => 'en-US',
  'origin' => 'http://121.42.251.110:9955',
  'referer' => 'http://121.42.251.110:9955/',
  'host' => '121.42.251.110:9696',
  'content-type' => '',
)
[ info ] [ PARAM ] array (
)
[ info ] [ BEHAVIOR ] Run app\common\behavior\Common @module_init [ RunTime:0.000240s ]
[ info ] [ SESSION ] INIT array (
  'id' => '',
  'var_session_id' => '',
  'prefix' => 'think',
  'type' => '',
  'auto_start' => true,
)
[ info ] [ RUN ] app\index\controller\Quotation->pick_info[ /mnt/www/health.com/application/index/controller/Quotation.php ]
[ info ] [ DB ] INIT mysql
[ info ] [ LOG ] INIT File
[ sql ] [ DB ] CONNECT:[ UseTime:0.000456s ] mysql:host=127.0.0.1;dbname=health;charset=utf8
[ sql ] [ SQL ] SHOW COLUMNS FROM `hl_config` [ RunTime:0.001067s ]
[ sql ] [ SQL ] SELECT `name`,`title`,`value` FROM `hl_config` WHERE  `id` IN (2,3,4,5,6,7) [ RunTime:0.000377s ]
---------------------------------------------------------------
[ 2018-05-02T11:26:00+08:00 ] 115.57.131.39 POST /index/users/index
[ info ] 121.42.251.110:9696/index/users/index [运行时间：0.023159s][吞吐率：43.18req/s] [内存消耗：2,535.70kb] [文件加载：66]
[ info ] [ BEHAVIOR ] Run Closure @app_init [ RunTime:0.000021s ]
[ info ] [ CACHE ] INIT File
[ info ] [ BEHAVIOR ] Run Closure @app_init [ RunTime:0.000753s ]
[ info ] [ LANG ] /mnt/www/health.com/thinkphp/lang/zh-cn.php
[ info ] [ ROUTE ] array (
  'type' => 'module',
  'module' => 
  array (
    0 => 'index',
    1 => 'users',
    2 => 'index',
  ),
)
[ info ] [ HEADER ] array (
  'cookie' => 'PHPSESSID=69hg9fkin6filgpkp87iidaef6',
  'accept-language' => 'zh-CN,en-US;q=0.8',
  'accept-encoding' => 'gzip, deflate',
  'referer' => 'http://121.42.251.110:9955/my',
  'user-agent' => 'Mozilla/5.0 (Linux; U; Android 7.1.2; zh-cn; vivo X9Plus Build/N2G47H) AppleWebKit/537.36 (KHTML, like Gecko) Version/4.0 Chrome/57.0.2987.132 MQQBrowser/8.3 Mobile Safari/537.36',
  'origin' => 'http://121.42.251.110:9955',
  'accept' => 'application/json, text/plain, */*',
  'content-length' => '0',
  'connection' => 'keep-alive',
  'host' => '121.42.251.110:9696',
  'content-type' => '',
)
[ info ] [ PARAM ] array (
)
[ info ] [ LANG ] /mnt/www/health.com/public/../application/index/lang/zh-cn.php
[ info ] [ BEHAVIOR ] Run app\common\behavior\Common @module_init [ RunTime:0.000248s ]
[ info ] [ SESSION ] INIT array (
  'id' => '',
  'var_session_id' => '',
  'prefix' => 'think',
  'type' => '',
  'auto_start' => true,
)
[ info ] [ RUN ] app\index\controller\Users->index[ /mnt/www/health.com/application/index/controller/Users.php ]
[ info ] [ DB ] INIT mysql
[ info ] [ LOG ] INIT File
[ sql ] [ DB ] CONNECT:[ UseTime:0.000483s ] mysql:host=127.0.0.1;dbname=health;charset=utf8
[ sql ] [ SQL ] SHOW COLUMNS FROM `hl_user` [ RunTime:0.001225s ]
[ sql ] [ SQL ] SELECT `pool`,`active_pool`,`mobile`,`token_address` FROM `hl_user` WHERE  `id` = 111 LIMIT 1 [ RunTime:0.000315s ]
---------------------------------------------------------------
[ 2018-05-02T11:40:56+08:00 ] 115.57.131.39 POST /index/quotation/pick_info
[ info ] 121.42.251.110:9696/index/quotation/pick_info [运行时间：0.024085s][吞吐率：41.52req/s] [内存消耗：2,535.65kb] [文件加载：66]
[ info ] [ BEHAVIOR ] Run Closure @app_init [ RunTime:0.000022s ]
[ info ] [ CACHE ] INIT File
[ info ] [ BEHAVIOR ] Run Closure @app_init [ RunTime:0.001353s ]
[ info ] [ LANG ] /mnt/www/health.com/thinkphp/lang/zh-cn.php
[ info ] [ ROUTE ] array (
  'type' => 'module',
  'module' => 
  array (
    0 => 'index',
    1 => 'quotation',
    2 => 'pick_info',
  ),
)
[ info ] [ HEADER ] array (
  'cookie' => 'PHPSESSID=69hg9fkin6filgpkp87iidaef6',
  'accept-language' => 'zh-CN,en-US;q=0.8',
  'accept-encoding' => 'gzip, deflate',
  'referer' => 'http://121.42.251.110:9955/index',
  'user-agent' => 'Mozilla/5.0 (Linux; U; Android 7.1.2; zh-cn; vivo X9Plus Build/N2G47H) AppleWebKit/537.36 (KHTML, like Gecko) Version/4.0 Chrome/57.0.2987.132 MQQBrowser/8.3 Mobile Safari/537.36',
  'origin' => 'http://121.42.251.110:9955',
  'accept' => 'application/json, text/plain, */*',
  'content-length' => '0',
  'connection' => 'keep-alive',
  'host' => '121.42.251.110:9696',
  'content-type' => '',
)
[ info ] [ PARAM ] array (
)
[ info ] [ LANG ] /mnt/www/health.com/public/../application/index/lang/zh-cn.php
[ info ] [ BEHAVIOR ] Run app\common\behavior\Common @module_init [ RunTime:0.000246s ]
[ info ] [ SESSION ] INIT array (
  'id' => '',
  'var_session_id' => '',
  'prefix' => 'think',
  'type' => '',
  'auto_start' => true,
)
[ info ] [ RUN ] app\index\controller\Quotation->pick_info[ /mnt/www/health.com/application/index/controller/Quotation.php ]
[ info ] [ DB ] INIT mysql
[ info ] [ LOG ] INIT File
[ sql ] [ DB ] CONNECT:[ UseTime:0.000536s ] mysql:host=127.0.0.1;dbname=health;charset=utf8
[ sql ] [ SQL ] SHOW COLUMNS FROM `hl_config` [ RunTime:0.001147s ]
[ sql ] [ SQL ] SELECT `name`,`title`,`value` FROM `hl_config` WHERE  `id` IN (2,3,4,5,6,7) [ RunTime:0.000454s ]
---------------------------------------------------------------
[ 2018-05-02T11:41:19+08:00 ] 115.57.131.39 POST /index/users/index
[ info ] 121.42.251.110:9696/index/users/index [运行时间：0.023561s][吞吐率：42.44req/s] [内存消耗：2,535.70kb] [文件加载：66]
[ info ] [ BEHAVIOR ] Run Closure @app_init [ RunTime:0.000021s ]
[ info ] [ CACHE ] INIT File
[ info ] [ BEHAVIOR ] Run Closure @app_init [ RunTime:0.000783s ]
[ info ] [ LANG ] /mnt/www/health.com/thinkphp/lang/zh-cn.php
[ info ] [ ROUTE ] array (
  'type' => 'module',
  'module' => 
  array (
    0 => 'index',
    1 => 'users',
    2 => 'index',
  ),
)
[ info ] [ HEADER ] array (
  'cookie' => 'PHPSESSID=69hg9fkin6filgpkp87iidaef6',
  'accept-language' => 'zh-CN,en-US;q=0.8',
  'accept-encoding' => 'gzip, deflate',
  'referer' => 'http://121.42.251.110:9955/my',
  'user-agent' => 'Mozilla/5.0 (Linux; U; Android 7.1.2; zh-cn; vivo X9Plus Build/N2G47H) AppleWebKit/537.36 (KHTML, like Gecko) Version/4.0 Chrome/57.0.2987.132 MQQBrowser/8.3 Mobile Safari/537.36',
  'origin' => 'http://121.42.251.110:9955',
  'accept' => 'application/json, text/plain, */*',
  'content-length' => '0',
  'connection' => 'keep-alive',
  'host' => '121.42.251.110:9696',
  'content-type' => '',
)
[ info ] [ PARAM ] array (
)
[ info ] [ LANG ] /mnt/www/health.com/public/../application/index/lang/zh-cn.php
[ info ] [ BEHAVIOR ] Run app\common\behavior\Common @module_init [ RunTime:0.000347s ]
[ info ] [ SESSION ] INIT array (
  'id' => '',
  'var_session_id' => '',
  'prefix' => 'think',
  'type' => '',
  'auto_start' => true,
)
[ info ] [ RUN ] app\index\controller\Users->index[ /mnt/www/health.com/application/index/controller/Users.php ]
[ info ] [ DB ] INIT mysql
[ info ] [ LOG ] INIT File
[ sql ] [ DB ] CONNECT:[ UseTime:0.000488s ] mysql:host=127.0.0.1;dbname=health;charset=utf8
[ sql ] [ SQL ] SHOW COLUMNS FROM `hl_user` [ RunTime:0.001223s ]
[ sql ] [ SQL ] SELECT `pool`,`active_pool`,`mobile`,`token_address` FROM `hl_user` WHERE  `id` = 111 LIMIT 1 [ RunTime:0.000351s ]
---------------------------------------------------------------
[ 2018-05-02T11:41:29+08:00 ] 115.57.131.39 POST /index/quotation/pick_info
[ info ] 121.42.251.110:9696/index/quotation/pick_info [运行时间：0.023412s][吞吐率：42.71req/s] [内存消耗：2,535.65kb] [文件加载：66]
[ info ] [ BEHAVIOR ] Run Closure @app_init [ RunTime:0.000029s ]
[ info ] [ CACHE ] INIT File
[ info ] [ BEHAVIOR ] Run Closure @app_init [ RunTime:0.000796s ]
[ info ] [ LANG ] /mnt/www/health.com/thinkphp/lang/zh-cn.php
[ info ] [ ROUTE ] array (
  'type' => 'module',
  'module' => 
  array (
    0 => 'index',
    1 => 'quotation',
    2 => 'pick_info',
  ),
)
[ info ] [ HEADER ] array (
  'cookie' => 'PHPSESSID=69hg9fkin6filgpkp87iidaef6',
  'accept-language' => 'zh-CN,en-US;q=0.8',
  'accept-encoding' => 'gzip, deflate',
  'referer' => 'http://121.42.251.110:9955/index',
  'user-agent' => 'Mozilla/5.0 (Linux; U; Android 7.1.2; zh-cn; vivo X9Plus Build/N2G47H) AppleWebKit/537.36 (KHTML, like Gecko) Version/4.0 Chrome/57.0.2987.132 MQQBrowser/8.3 Mobile Safari/537.36',
  'origin' => 'http://121.42.251.110:9955',
  'accept' => 'application/json, text/plain, */*',
  'content-length' => '0',
  'connection' => 'keep-alive',
  'host' => '121.42.251.110:9696',
  'content-type' => '',
)
[ info ] [ PARAM ] array (
)
[ info ] [ LANG ] /mnt/www/health.com/public/../application/index/lang/zh-cn.php
[ info ] [ BEHAVIOR ] Run app\common\behavior\Common @module_init [ RunTime:0.000252s ]
[ info ] [ SESSION ] INIT array (
  'id' => '',
  'var_session_id' => '',
  'prefix' => 'think',
  'type' => '',
  'auto_start' => true,
)
[ info ] [ RUN ] app\index\controller\Quotation->pick_info[ /mnt/www/health.com/application/index/controller/Quotation.php ]
[ info ] [ DB ] INIT mysql
[ info ] [ LOG ] INIT File
[ sql ] [ DB ] CONNECT:[ UseTime:0.000529s ] mysql:host=127.0.0.1;dbname=health;charset=utf8
[ sql ] [ SQL ] SHOW COLUMNS FROM `hl_config` [ RunTime:0.001132s ]
[ sql ] [ SQL ] SELECT `name`,`title`,`value` FROM `hl_config` WHERE  `id` IN (2,3,4,5,6,7) [ RunTime:0.000373s ]
---------------------------------------------------------------
[ 2018-05-02T15:03:00+08:00 ] 115.57.131.39 GET /
[ info ] 121.42.251.110:9696/ [运行时间：0.468533s][吞吐率：2.13req/s] [内存消耗：2,202.15kb] [文件加载：69]
[ info ] [ BEHAVIOR ] Run Closure @app_init [ RunTime:0.000017s ]
[ info ] [ CACHE ] INIT File
[ info ] [ BEHAVIOR ] Run Closure @app_init [ RunTime:0.000750s ]
[ info ] [ LANG ] /mnt/www/health.com/thinkphp/lang/zh-cn.php
[ info ] [ ROUTE ] array (
  'type' => 'module',
  'module' => 
  array (
    0 => '',
    1 => NULL,
    2 => NULL,
  ),
)
[ info ] [ HEADER ] array (
  'cookie' => 'memRealUsed=1998; mem-before=1998/7822%20%28MB%29; memSize=7822; serverType=nginx; order=id%20desc; BT_PANEL=33aee342db19692b390286b682cea337300e9e7a',
  'accept-language' => 'zh-CN,zh;q=0.8',
  'accept-encoding' => 'gzip, deflate, sdch',
  'referer' => 'http://121.42.251.110:1122/site',
  'user-agent' => 'Mozilla/5.0 (Windows NT 10.0; WOW64) AppleWebKit/537.36 (KHTML, like Gecko) Chrome/49.0.2623.112 Safari/537.36',
  'upgrade-insecure-requests' => '1',
  'accept' => 'text/html,application/xhtml+xml,application/xml;q=0.9,image/webp,*/*;q=0.8',
  'connection' => 'keep-alive',
  'host' => '121.42.251.110:9696',
  'content-type' => '',
  'content-length' => '',
)
[ info ] [ PARAM ] array (
)
[ info ] [ LANG ] /mnt/www/health.com/public/../application/admin/lang/zh-cn.php
[ info ] [ BEHAVIOR ] Run app\common\behavior\Common @module_init [ RunTime:0.000330s ]
[ info ] [ SESSION ] INIT array (
  'id' => '',
  'var_session_id' => '',
  'prefix' => 'think',
  'type' => '',
  'auto_start' => true,
)
[ info ] [ VIEW ] /mnt/www/health.com/public/../application/common/view/tpl/dispatch_jump.tpl [ array (
  0 => 'code',
  1 => 'msg',
  2 => 'data',
  3 => 'url',
  4 => 'wait',
) ]
[ info ] [ BEHAVIOR ] Run app\admin\behavior\AdminLog @app_end [ RunTime:0.013355s ]
[ info ] [ LOG ] INIT File
---------------------------------------------------------------
[ 2018-05-02T15:03:03+08:00 ] 115.57.131.39 GET /admin/index/login?url=%2F
[ info ] 121.42.251.110:9696/admin/index/login?url=%2F [运行时间：0.150968s][吞吐率：6.62req/s] [内存消耗：2,490.72kb] [文件加载：72]
[ info ] [ BEHAVIOR ] Run Closure @app_init [ RunTime:0.000016s ]
[ info ] [ CACHE ] INIT File
[ info ] [ BEHAVIOR ] Run Closure @app_init [ RunTime:0.000720s ]
[ info ] [ LANG ] /mnt/www/health.com/thinkphp/lang/zh-cn.php
[ info ] [ ROUTE ] array (
  'type' => 'module',
  'module' => 
  array (
    0 => 'admin',
    1 => 'index',
    2 => 'login',
  ),
)
[ info ] [ HEADER ] array (
  'cookie' => 'memRealUsed=1998; mem-before=1998/7822%20%28MB%29; memSize=7822; serverType=nginx; order=id%20desc; BT_PANEL=33aee342db19692b390286b682cea337300e9e7a; PHPSESSID=rkj3ibsnvcf8ndta91ta0p6qbg',
  'accept-language' => 'zh-CN,zh;q=0.8',
  'accept-encoding' => 'gzip, deflate, sdch',
  'referer' => 'http://121.42.251.110:9696/',
  'user-agent' => 'Mozilla/5.0 (Windows NT 10.0; WOW64) AppleWebKit/537.36 (KHTML, like Gecko) Chrome/49.0.2623.112 Safari/537.36',
  'upgrade-insecure-requests' => '1',
  'accept' => 'text/html,application/xhtml+xml,application/xml;q=0.9,image/webp,*/*;q=0.8',
  'connection' => 'keep-alive',
  'host' => '121.42.251.110:9696',
  'content-type' => '',
  'content-length' => '',
)
[ info ] [ PARAM ] array (
  'url' => '/',
)
[ info ] [ LANG ] /mnt/www/health.com/public/../application/admin/lang/zh-cn.php
[ info ] [ BEHAVIOR ] Run app\common\behavior\Common @module_init [ RunTime:0.000257s ]
[ info ] [ SESSION ] INIT array (
  'id' => '',
  'var_session_id' => '',
  'prefix' => 'think',
  'type' => '',
  'auto_start' => true,
)
[ info ] [ LANG ] /mnt/www/health.com/public/../application/admin/lang/zh-cn/index.php
[ info ] [ RUN ] app\admin\controller\Index->login[ /mnt/www/health.com/application/admin/controller/Index.php ]
[ info ] [ VIEW ] /mnt/www/health.com/public/../application/admin/view/index/login.html [ array (
  0 => 'breadcrumb',
  1 => 'site',
  2 => 'config',
  3 => 'auth',
  4 => 'admin',
  5 => 'background',
  6 => 'title',
) ]
[ info ] [ BEHAVIOR ] Run app\admin\behavior\AdminLog @app_end [ RunTime:0.000083s ]
[ info ] [ LOG ] INIT File
---------------------------------------------------------------
[ 2018-05-02T15:03:04+08:00 ] 115.57.131.39 GET /admin/ajax/lang?callback=define&controllername=index&v=1525244583
[ info ] 121.42.251.110:9696/admin/ajax/lang?callback=define&controllername=index&v=1525244583 [运行时间：0.094020s][吞吐率：10.64req/s] [内存消耗：2,506.80kb] [文件加载：72]
[ info ] [ BEHAVIOR ] Run Closure @app_init [ RunTime:0.000016s ]
[ info ] [ CACHE ] INIT File
[ info ] [ BEHAVIOR ] Run Closure @app_init [ RunTime:0.000746s ]
[ info ] [ LANG ] /mnt/www/health.com/thinkphp/lang/zh-cn.php
[ info ] [ ROUTE ] array (
  'type' => 'module',
  'module' => 
  array (
    0 => 'admin',
    1 => 'ajax',
    2 => 'lang',
  ),
)
[ info ] [ HEADER ] array (
  'cookie' => 'memRealUsed=1998; mem-before=1998/7822%20%28MB%29; memSize=7822; serverType=nginx; order=id%20desc; BT_PANEL=33aee342db19692b390286b682cea337300e9e7a; PHPSESSID=rkj3ibsnvcf8ndta91ta0p6qbg',
  'accept-language' => 'zh-CN,zh;q=0.8',
  'accept-encoding' => 'gzip, deflate, sdch',
  'referer' => 'http://121.42.251.110:9696/admin/index/login?url=%2F',
  'user-agent' => 'Mozilla/5.0 (Windows NT 10.0; WOW64) AppleWebKit/537.36 (KHTML, like Gecko) Chrome/49.0.2623.112 Safari/537.36',
  'accept' => '*/*',
  'connection' => 'keep-alive',
  'host' => '121.42.251.110:9696',
  'content-type' => '',
  'content-length' => '',
)
[ info ] [ PARAM ] array (
  'callback' => 'define',
  'controllername' => 'index',
  'v' => '1525244583',
)
[ info ] [ LANG ] /mnt/www/health.com/public/../application/admin/lang/zh-cn.php
[ info ] [ BEHAVIOR ] Run app\common\behavior\Common @module_init [ RunTime:0.000231s ]
[ info ] [ SESSION ] INIT array (
  'id' => '',
  'var_session_id' => '',
  'prefix' => 'think',
  'type' => '',
  'auto_start' => true,
)
[ info ] [ LANG ] /mnt/www/health.com/public/../application/admin/lang/zh-cn/ajax.php
[ info ] [ RUN ] app\admin\controller\Ajax->lang[ /mnt/www/health.com/application/admin/controller/Ajax.php ]
[ info ] [ LANG ] /mnt/www/health.com/public/../application/admin/lang/zh-cn/index.php
[ info ] [ BEHAVIOR ] Run app\admin\behavior\AdminLog @app_end [ RunTime:0.000133s ]
[ info ] [ LOG ] INIT File
---------------------------------------------------------------
[ 2018-05-02T15:03:10+08:00 ] 115.57.131.39 POST /index/quotation/pick_info
[ info ] 121.42.251.110:9696/index/quotation/pick_info [运行时间：0.021596s][吞吐率：46.30req/s] [内存消耗：2,535.34kb] [文件加载：66]
[ info ] [ BEHAVIOR ] Run Closure @app_init [ RunTime:0.000016s ]
[ info ] [ CACHE ] INIT File
[ info ] [ BEHAVIOR ] Run Closure @app_init [ RunTime:0.000716s ]
[ info ] [ LANG ] /mnt/www/health.com/thinkphp/lang/zh-cn.php
[ info ] [ ROUTE ] array (
  'type' => 'module',
  'module' => 
  array (
    0 => 'index',
    1 => 'quotation',
    2 => 'pick_info',
  ),
)
[ info ] [ HEADER ] array (
  'cookie' => 'memRealUsed=1998; mem-before=1998/7822%20%28MB%29; memSize=7822; serverType=nginx; order=id%20desc; PHPSESSID=rkj3ibsnvcf8ndta91ta0p6qbg; BT_PANEL=33aee342db19692b390286b682cea337300e9e7a',
  'accept-language' => 'zh-CN,zh;q=0.8',
  'accept-encoding' => 'gzip, deflate',
  'referer' => 'http://121.42.251.110:9955/',
  'user-agent' => 'Mozilla/5.0 (Windows NT 10.0; WOW64) AppleWebKit/537.36 (KHTML, like Gecko) Chrome/49.0.2623.112 Safari/537.36',
  'origin' => 'http://121.42.251.110:9955',
  'accept' => 'application/json, text/plain, */*',
  'content-length' => '0',
  'connection' => 'keep-alive',
  'host' => '121.42.251.110:9696',
  'content-type' => '',
)
[ info ] [ PARAM ] array (
)
[ info ] [ LANG ] /mnt/www/health.com/public/../application/index/lang/zh-cn.php
[ info ] [ BEHAVIOR ] Run app\common\behavior\Common @module_init [ RunTime:0.000174s ]
[ info ] [ SESSION ] INIT array (
  'id' => '',
  'var_session_id' => '',
  'prefix' => 'think',
  'type' => '',
  'auto_start' => true,
)
[ info ] [ RUN ] app\index\controller\Quotation->pick_info[ /mnt/www/health.com/application/index/controller/Quotation.php ]
[ info ] [ DB ] INIT mysql
[ info ] [ LOG ] INIT File
[ sql ] [ DB ] CONNECT:[ UseTime:0.000375s ] mysql:host=127.0.0.1;dbname=health;charset=utf8
[ sql ] [ SQL ] SHOW COLUMNS FROM `hl_config` [ RunTime:0.000809s ]
[ sql ] [ SQL ] SELECT `name`,`title`,`value` FROM `hl_config` WHERE  `id` IN (2,3,4,5,6,7) [ RunTime:0.000305s ]
---------------------------------------------------------------
[ 2018-05-02T15:03:59+08:00 ] 140.207.54.197 GET /
[ info ] 121.42.251.110:9696/ [运行时间：0.019762s][吞吐率：50.60req/s] [内存消耗：2,200.90kb] [文件加载：69]
[ info ] [ BEHAVIOR ] Run Closure @app_init [ RunTime:0.000020s ]
[ info ] [ CACHE ] INIT File
[ info ] [ BEHAVIOR ] Run Closure @app_init [ RunTime:0.000777s ]
[ info ] [ LANG ] /mnt/www/health.com/thinkphp/lang/zh-cn.php
[ info ] [ ROUTE ] array (
  'type' => 'module',
  'module' => 
  array (
    0 => '',
    1 => NULL,
    2 => NULL,
  ),
)
[ info ] [ HEADER ] array (
  'connection' => 'keep-alive',
  'host' => '121.42.251.110:9696',
  'accept-language' => 'zh-CN,zh;q=0.8,en-US;q=0.6,en;q=0.4',
  'referer' => 'http://121.42.251.110:1122/site',
  'accept' => '*/*',
  'user-agent' => 'Mozilla/5.0 (Windows NT 6.1; WOW64) AppleWebKit/537.36 (KHTML, like Gecko) Chrome/45.0.2454.101 Safari/537.36',
  'content-type' => '',
  'content-length' => '',
)
[ info ] [ PARAM ] array (
)
[ info ] [ LANG ] /mnt/www/health.com/public/../application/admin/lang/zh-cn.php
[ info ] [ BEHAVIOR ] Run app\common\behavior\Common @module_init [ RunTime:0.000241s ]
[ info ] [ SESSION ] INIT array (
  'id' => '',
  'var_session_id' => '',
  'prefix' => 'think',
  'type' => '',
  'auto_start' => true,
)
[ info ] [ VIEW ] /mnt/www/health.com/public/../application/common/view/tpl/dispatch_jump.tpl [ array (
  0 => 'code',
  1 => 'msg',
  2 => 'data',
  3 => 'url',
  4 => 'wait',
) ]
[ info ] [ BEHAVIOR ] Run app\admin\behavior\AdminLog @app_end [ RunTime:0.000103s ]
[ info ] [ LOG ] INIT File
---------------------------------------------------------------
[ 2018-05-02T15:04:25+08:00 ] 115.57.131.39 POST /admin/index/login?url=%2F
[ info ] 121.42.251.110:9696/admin/index/login?url=%2F [运行时间：0.098569s][吞吐率：10.15req/s] [内存消耗：3,196.32kb] [文件加载：81]
[ info ] [ BEHAVIOR ] Run Closure @app_init [ RunTime:0.000018s ]
[ info ] [ CACHE ] INIT File
[ info ] [ BEHAVIOR ] Run Closure @app_init [ RunTime:0.000789s ]
[ info ] [ LANG ] /mnt/www/health.com/thinkphp/lang/zh-cn.php
[ info ] [ ROUTE ] array (
  'type' => 'module',
  'module' => 
  array (
    0 => 'admin',
    1 => 'index',
    2 => 'login',
  ),
)
[ info ] [ HEADER ] array (
  'cookie' => 'memRealUsed=1998; mem-before=1998/7822%20%28MB%29; memSize=7822; serverType=nginx; order=id%20desc; PHPSESSID=rkj3ibsnvcf8ndta91ta0p6qbg; BT_PANEL=33aee342db19692b390286b682cea337300e9e7a',
  'accept-language' => 'zh-CN,zh;q=0.8',
  'accept-encoding' => 'gzip, deflate',
  'referer' => 'http://121.42.251.110:9696/admin/index/login?url=%2F',
  'content-type' => 'application/x-www-form-urlencoded; charset=UTF-8',
  'user-agent' => 'Mozilla/5.0 (Windows NT 10.0; WOW64) AppleWebKit/537.36 (KHTML, like Gecko) Chrome/49.0.2623.112 Safari/537.36',
  'x-requested-with' => 'XMLHttpRequest',
  'origin' => 'http://121.42.251.110:9696',
  'accept' => 'application/json, text/javascript, */*; q=0.01',
  'content-length' => '73',
  'connection' => 'keep-alive',
  'host' => '121.42.251.110:9696',
)
[ info ] [ PARAM ] array (
  'url' => '/',
  '__token__' => '222c19c89e60c41add5ca8dd171da1d5',
  'username' => 'admin',
  'password' => '123456',
)
[ info ] [ LANG ] /mnt/www/health.com/public/../application/admin/lang/zh-cn.php
[ info ] [ BEHAVIOR ] Run app\common\behavior\Common @module_init [ RunTime:0.000238s ]
[ info ] [ SESSION ] INIT array (
  'id' => '',
  'var_session_id' => '',
  'prefix' => 'think',
  'type' => '',
  'auto_start' => true,
)
[ info ] [ LANG ] /mnt/www/health.com/public/../application/admin/lang/zh-cn/index.php
[ info ] [ RUN ] app\admin\controller\Index->login[ /mnt/www/health.com/application/admin/controller/Index.php ]
[ info ] [ DB ] INIT mysql
[ info ] [ BEHAVIOR ] Run app\admin\behavior\AdminLog @app_end [ RunTime:0.006114s ]
[ info ] [ LOG ] INIT File
[ sql ] [ DB ] CONNECT:[ UseTime:0.000502s ] mysql:host=127.0.0.1;dbname=health;charset=utf8
[ sql ] [ SQL ] SHOW COLUMNS FROM `hl_admin` [ RunTime:0.015342s ]
[ sql ] [ SQL ] SELECT * FROM `hl_admin` WHERE  `username` = 'admin' LIMIT 1 [ RunTime:0.000373s ]
[ sql ] [ SQL ] UPDATE `hl_admin`  SET `logintime`=1525244665,`token`='4850031b-b1aa-4a8f-a2e1-c0170cfc32fc',`updatetime`=1525244665  WHERE  `id` = 1 [ RunTime:0.003288s ]
[ sql ] [ SQL ] SHOW COLUMNS FROM `hl_admin_log` [ RunTime:0.002422s ]
[ sql ] [ SQL ] INSERT INTO `hl_admin_log` (`title` , `content` , `url` , `admin_id` , `username` , `useragent` , `ip` , `createtime`) VALUES ('登录' , '{\"url\":\"\\/\",\"__token__\":\"222c19c89e60c41add5ca8dd171da1d5\",\"username\":\"admin\"}' , '/admin/index/login?url=%2F' , 1 , 'admin' , 'Mozilla/5.0 (Windows NT 10.0; WOW64) AppleWebKit/537.36 (KHTML, like Gecko) Chrome/49.0.2623.112 Safari/537.36' , '115.57.131.39' , 1525244665) [ RunTime:0.003282s ]
---------------------------------------------------------------
[ 2018-05-02T15:04:25+08:00 ] 115.57.131.39 GET /
[ info ] 121.42.251.110:9696/ [运行时间：0.252419s][吞吐率：3.96req/s] [内存消耗：3,467.95kb] [文件加载：90]
[ info ] [ BEHAVIOR ] Run Closure @app_init [ RunTime:0.000017s ]
[ info ] [ CACHE ] INIT File
[ info ] [ BEHAVIOR ] Run Closure @app_init [ RunTime:0.000773s ]
[ info ] [ LANG ] /mnt/www/health.com/thinkphp/lang/zh-cn.php
[ info ] [ ROUTE ] array (
  'type' => 'module',
  'module' => 
  array (
    0 => '',
    1 => NULL,
    2 => NULL,
  ),
)
[ info ] [ HEADER ] array (
  'cookie' => 'memRealUsed=1998; mem-before=1998/7822%20%28MB%29; memSize=7822; serverType=nginx; order=id%20desc; PHPSESSID=rkj3ibsnvcf8ndta91ta0p6qbg; BT_PANEL=33aee342db19692b390286b682cea337300e9e7a',
  'accept-language' => 'zh-CN,zh;q=0.8',
  'accept-encoding' => 'gzip, deflate, sdch',
  'referer' => 'http://121.42.251.110:9696/admin/index/login?url=%2F',
  'user-agent' => 'Mozilla/5.0 (Windows NT 10.0; WOW64) AppleWebKit/537.36 (KHTML, like Gecko) Chrome/49.0.2623.112 Safari/537.36',
  'upgrade-insecure-requests' => '1',
  'accept' => 'text/html,application/xhtml+xml,application/xml;q=0.9,image/webp,*/*;q=0.8',
  'connection' => 'keep-alive',
  'host' => '121.42.251.110:9696',
  'content-type' => '',
  'content-length' => '',
)
[ info ] [ PARAM ] array (
)
[ info ] [ LANG ] /mnt/www/health.com/public/../application/admin/lang/zh-cn.php
[ info ] [ BEHAVIOR ] Run app\common\behavior\Common @module_init [ RunTime:0.000245s ]
[ info ] [ SESSION ] INIT array (
  'id' => '',
  'var_session_id' => '',
  'prefix' => 'think',
  'type' => '',
  'auto_start' => true,
)
[ info ] [ LANG ] /mnt/www/health.com/public/../application/admin/lang/zh-cn/index.php
[ info ] [ RUN ] app\admin\controller\Index->index[ /mnt/www/health.com/application/admin/controller/Index.php ]
[ info ] [ DB ] INIT mysql
[ info ] [ VIEW ] /mnt/www/health.com/public/../application/admin/view/index/index.html [ array (
  0 => 'breadcrumb',
  1 => 'site',
  2 => 'config',
  3 => 'auth',
  4 => 'admin',
  5 => 'menulist',
  6 => 'title',
) ]
[ info ] [ BEHAVIOR ] Run app\admin\behavior\AdminLog @app_end [ RunTime:0.000082s ]
[ info ] [ LOG ] INIT File
[ sql ] [ DB ] CONNECT:[ UseTime:0.000564s ] mysql:host=127.0.0.1;dbname=health;charset=utf8
[ sql ] [ SQL ] SHOW COLUMNS FROM `hl_auth_group_access` [ RunTime:0.025061s ]
[ sql ] [ SQL ] SELECT `aga`.`uid`,`aga`.`group_id`,`ag`.`id`,`ag`.`pid`,`ag`.`name`,`ag`.`rules` FROM `hl_auth_group_access` `aga` LEFT JOIN `hl_auth_group` `ag` ON `aga`.`group_id`=`ag`.`id` WHERE  (  aga.uid='1' and ag.status='normal' ) [ RunTime:0.007741s ]
[ sql ] [ SQL ] SHOW COLUMNS FROM `hl_auth_rule` [ RunTime:0.002492s ]
[ sql ] [ SQL ] SELECT `id`,`pid`,`condition`,`icon`,`name`,`title`,`ismenu` FROM `hl_auth_rule` WHERE  `status` = 'normal' [ RunTime:0.000472s ]
---------------------------------------------------------------
[ 2018-05-02T15:04:26+08:00 ] 115.57.131.39 GET /admin/ajax/lang?callback=define&controllername=index&v=1525244665
[ info ] 121.42.251.110:9696/admin/ajax/lang?callback=define&controllername=index&v=1525244665 [运行时间：0.021415s][吞吐率：46.70req/s] [内存消耗：2,508.62kb] [文件加载：72]
[ info ] [ BEHAVIOR ] Run Closure @app_init [ RunTime:0.000018s ]
[ info ] [ CACHE ] INIT File
[ info ] [ BEHAVIOR ] Run Closure @app_init [ RunTime:0.000758s ]
[ info ] [ LANG ] /mnt/www/health.com/thinkphp/lang/zh-cn.php
[ info ] [ ROUTE ] array (
  'type' => 'module',
  'module' => 
  array (
    0 => 'admin',
    1 => 'ajax',
    2 => 'lang',
  ),
)
[ info ] [ HEADER ] array (
  'cookie' => 'memRealUsed=1998; mem-before=1998/7822%20%28MB%29; memSize=7822; serverType=nginx; order=id%20desc; PHPSESSID=rkj3ibsnvcf8ndta91ta0p6qbg; BT_PANEL=33aee342db19692b390286b682cea337300e9e7a',
  'accept-language' => 'zh-CN,zh;q=0.8',
  'accept-encoding' => 'gzip, deflate, sdch',
  'referer' => 'http://121.42.251.110:9696/',
  'user-agent' => 'Mozilla/5.0 (Windows NT 10.0; WOW64) AppleWebKit/537.36 (KHTML, like Gecko) Chrome/49.0.2623.112 Safari/537.36',
  'accept' => '*/*',
  'connection' => 'keep-alive',
  'host' => '121.42.251.110:9696',
  'content-type' => '',
  'content-length' => '',
)
[ info ] [ PARAM ] array (
  'callback' => 'define',
  'controllername' => 'index',
  'v' => '1525244665',
)
[ info ] [ LANG ] /mnt/www/health.com/public/../application/admin/lang/zh-cn.php
[ info ] [ BEHAVIOR ] Run app\common\behavior\Common @module_init [ RunTime:0.000230s ]
[ info ] [ SESSION ] INIT array (
  'id' => '',
  'var_session_id' => '',
  'prefix' => 'think',
  'type' => '',
  'auto_start' => true,
)
[ info ] [ LANG ] /mnt/www/health.com/public/../application/admin/lang/zh-cn/ajax.php
[ info ] [ RUN ] app\admin\controller\Ajax->lang[ /mnt/www/health.com/application/admin/controller/Ajax.php ]
[ info ] [ LANG ] /mnt/www/health.com/public/../application/admin/lang/zh-cn/index.php
[ info ] [ BEHAVIOR ] Run app\admin\behavior\AdminLog @app_end [ RunTime:0.000071s ]
[ info ] [ LOG ] INIT File
---------------------------------------------------------------
[ 2018-05-02T15:04:26+08:00 ] 115.57.131.39 GET /admin/dashboard?addtabs=1
[ info ] 121.42.251.110:9696/admin/dashboard?addtabs=1 [运行时间：0.115055s][吞吐率：8.69req/s] [内存消耗：3,361.81kb] [文件加载：80]
[ info ] [ BEHAVIOR ] Run Closure @app_init [ RunTime:0.000017s ]
[ info ] [ CACHE ] INIT File
[ info ] [ BEHAVIOR ] Run Closure @app_init [ RunTime:0.000743s ]
[ info ] [ LANG ] /mnt/www/health.com/thinkphp/lang/zh-cn.php
[ info ] [ ROUTE ] array (
  'type' => 'module',
  'module' => 
  array (
    0 => 'admin',
    1 => 'dashboard',
    2 => NULL,
  ),
)
[ info ] [ HEADER ] array (
  'cookie' => 'memRealUsed=1998; mem-before=1998/7822%20%28MB%29; memSize=7822; serverType=nginx; order=id%20desc; PHPSESSID=rkj3ibsnvcf8ndta91ta0p6qbg; BT_PANEL=33aee342db19692b390286b682cea337300e9e7a',
  'accept-language' => 'zh-CN,zh;q=0.8',
  'accept-encoding' => 'gzip, deflate, sdch',
  'referer' => 'http://121.42.251.110:9696/admin/dashboard?ref=addtabs',
  'user-agent' => 'Mozilla/5.0 (Windows NT 10.0; WOW64) AppleWebKit/537.36 (KHTML, like Gecko) Chrome/49.0.2623.112 Safari/537.36',
  'upgrade-insecure-requests' => '1',
  'accept' => 'text/html,application/xhtml+xml,application/xml;q=0.9,image/webp,*/*;q=0.8',
  'connection' => 'keep-alive',
  'host' => '121.42.251.110:9696',
  'content-type' => '',
  'content-length' => '',
)
[ info ] [ PARAM ] array (
  'addtabs' => '1',
)
[ info ] [ LANG ] /mnt/www/health.com/public/../application/admin/lang/zh-cn.php
[ info ] [ BEHAVIOR ] Run app\common\behavior\Common @module_init [ RunTime:0.000229s ]
[ info ] [ SESSION ] INIT array (
  'id' => '',
  'var_session_id' => '',
  'prefix' => 'think',
  'type' => '',
  'auto_start' => true,
)
[ info ] [ DB ] INIT mysql
[ info ] [ LANG ] /mnt/www/health.com/public/../application/admin/lang/zh-cn/dashboard.php
[ info ] [ RUN ] app\admin\controller\Dashboard->index[ /mnt/www/health.com/application/admin/controller/Dashboard.php ]
[ info ] [ VIEW ] /mnt/www/health.com/public/../application/admin/view/dashboard/index.html [ array (
  0 => 'breadcrumb',
  1 => 'site',
  2 => 'config',
  3 => 'auth',
  4 => 'admin',
  5 => 'totaluser',
  6 => 'totalviews',
  7 => 'totalorder',
  8 => 'totalorderamount',
  9 => 'todayuserlogin',
  10 => 'todayusersignup',
  11 => 'todayorder',
  12 => 'unsettleorder',
  13 => 'sevendnu',
  14 => 'sevendau',
  15 => 'paylist',
  16 => 'createlist',
  17 => 'addonversion',
  18 => 'uploadmode',
) ]
[ info ] [ BEHAVIOR ] Run app\admin\behavior\AdminLog @app_end [ RunTime:0.000117s ]
[ info ] [ LOG ] INIT File
[ sql ] [ DB ] CONNECT:[ UseTime:0.000460s ] mysql:host=127.0.0.1;dbname=health;charset=utf8
[ sql ] [ SQL ] SHOW COLUMNS FROM `hl_auth_group_access` [ RunTime:0.000953s ]
[ sql ] [ SQL ] SELECT `aga`.`uid`,`aga`.`group_id`,`ag`.`id`,`ag`.`pid`,`ag`.`name`,`ag`.`rules` FROM `hl_auth_group_access` `aga` LEFT JOIN `hl_auth_group` `ag` ON `aga`.`group_id`=`ag`.`id` WHERE  (  aga.uid='1' and ag.status='normal' ) [ RunTime:0.000349s ]
[ sql ] [ SQL ] SHOW COLUMNS FROM `hl_auth_rule` [ RunTime:0.000760s ]
[ sql ] [ SQL ] SELECT `id`,`pid`,`condition`,`icon`,`name`,`title`,`ismenu` FROM `hl_auth_rule` WHERE  `status` = 'normal' [ RunTime:0.000372s ]
[ sql ] [ SQL ] SELECT `title`,`remark` FROM `hl_auth_rule` WHERE  `name` = 'dashboard' LIMIT 1 [ RunTime:0.000417s ]
---------------------------------------------------------------
[ 2018-05-02T15:04:27+08:00 ] 115.57.131.39 GET /admin/ajax/lang?callback=define&controllername=dashboard&v=1525244666
[ info ] 121.42.251.110:9696/admin/ajax/lang?callback=define&controllername=dashboard&v=1525244666 [运行时间：0.022573s][吞吐率：44.30req/s] [内存消耗：2,507.55kb] [文件加载：72]
[ info ] [ BEHAVIOR ] Run Closure @app_init [ RunTime:0.000018s ]
[ info ] [ CACHE ] INIT File
[ info ] [ BEHAVIOR ] Run Closure @app_init [ RunTime:0.000766s ]
[ info ] [ LANG ] /mnt/www/health.com/thinkphp/lang/zh-cn.php
[ info ] [ ROUTE ] array (
  'type' => 'module',
  'module' => 
  array (
    0 => 'admin',
    1 => 'ajax',
    2 => 'lang',
  ),
)
[ info ] [ HEADER ] array (
  'cookie' => 'memRealUsed=1998; mem-before=1998/7822%20%28MB%29; memSize=7822; serverType=nginx; order=id%20desc; PHPSESSID=rkj3ibsnvcf8ndta91ta0p6qbg; BT_PANEL=33aee342db19692b390286b682cea337300e9e7a',
  'accept-language' => 'zh-CN,zh;q=0.8',
  'accept-encoding' => 'gzip, deflate, sdch',
  'referer' => 'http://121.42.251.110:9696/admin/dashboard?addtabs=1',
  'user-agent' => 'Mozilla/5.0 (Windows NT 10.0; WOW64) AppleWebKit/537.36 (KHTML, like Gecko) Chrome/49.0.2623.112 Safari/537.36',
  'accept' => '*/*',
  'connection' => 'keep-alive',
  'host' => '121.42.251.110:9696',
  'content-type' => '',
  'content-length' => '',
)
[ info ] [ PARAM ] array (
  'callback' => 'define',
  'controllername' => 'dashboard',
  'v' => '1525244666',
)
[ info ] [ LANG ] /mnt/www/health.com/public/../application/admin/lang/zh-cn.php
[ info ] [ BEHAVIOR ] Run app\common\behavior\Common @module_init [ RunTime:0.000173s ]
[ info ] [ SESSION ] INIT array (
  'id' => '',
  'var_session_id' => '',
  'prefix' => 'think',
  'type' => '',
  'auto_start' => true,
)
[ info ] [ LANG ] /mnt/www/health.com/public/../application/admin/lang/zh-cn/ajax.php
[ info ] [ RUN ] app\admin\controller\Ajax->lang[ /mnt/www/health.com/application/admin/controller/Ajax.php ]
[ info ] [ LANG ] /mnt/www/health.com/public/../application/admin/lang/zh-cn/dashboard.php
[ info ] [ BEHAVIOR ] Run app\admin\behavior\AdminLog @app_end [ RunTime:0.000072s ]
[ info ] [ LOG ] INIT File
---------------------------------------------------------------
[ 2018-05-02T15:04:33+08:00 ] 115.57.131.39 GET /admin/general/config?addtabs=1
[ info ] 121.42.251.110:9696/admin/general/config?addtabs=1 [运行时间：0.191925s][吞吐率：5.21req/s] [内存消耗：3,346.54kb] [文件加载：78]
[ info ] [ BEHAVIOR ] Run Closure @app_init [ RunTime:0.000022s ]
[ info ] [ CACHE ] INIT File
[ info ] [ BEHAVIOR ] Run Closure @app_init [ RunTime:0.000779s ]
[ info ] [ LANG ] /mnt/www/health.com/thinkphp/lang/zh-cn.php
[ info ] [ ROUTE ] array (
  'type' => 'module',
  'module' => 
  array (
    0 => 'admin',
    1 => 'general.config',
    2 => NULL,
  ),
)
[ info ] [ HEADER ] array (
  'cookie' => 'memRealUsed=1998; mem-before=1998/7822%20%28MB%29; memSize=7822; serverType=nginx; order=id%20desc; PHPSESSID=rkj3ibsnvcf8ndta91ta0p6qbg; BT_PANEL=33aee342db19692b390286b682cea337300e9e7a',
  'accept-language' => 'zh-CN,zh;q=0.8',
  'accept-encoding' => 'gzip, deflate, sdch',
  'referer' => 'http://121.42.251.110:9696/admin/general/config?ref=addtabs',
  'user-agent' => 'Mozilla/5.0 (Windows NT 10.0; WOW64) AppleWebKit/537.36 (KHTML, like Gecko) Chrome/49.0.2623.112 Safari/537.36',
  'upgrade-insecure-requests' => '1',
  'accept' => 'text/html,application/xhtml+xml,application/xml;q=0.9,image/webp,*/*;q=0.8',
  'connection' => 'keep-alive',
  'host' => '121.42.251.110:9696',
  'content-type' => '',
  'content-length' => '',
)
[ info ] [ PARAM ] array (
  'addtabs' => '1',
)
[ info ] [ LANG ] /mnt/www/health.com/public/../application/admin/lang/zh-cn.php
[ info ] [ BEHAVIOR ] Run app\common\behavior\Common @module_init [ RunTime:0.000355s ]
[ info ] [ SESSION ] INIT array (
  'id' => '',
  'var_session_id' => '',
  'prefix' => 'think',
  'type' => '',
  'auto_start' => true,
)
[ info ] [ DB ] INIT mysql
[ info ] [ LANG ] /mnt/www/health.com/public/../application/admin/lang/zh-cn/general/config.php
[ info ] [ RUN ] app\admin\controller\general\Config->index[ /mnt/www/health.com/application/admin/controller/general/Config.php ]
[ info ] [ VIEW ] /mnt/www/health.com/public/../application/admin/view/general/config/index.html [ array (
  0 => 'breadcrumb',
  1 => 'site',
  2 => 'config',
  3 => 'auth',
  4 => 'admin',
  5 => 'siteList',
  6 => 'typeList',
  7 => 'groupList',
) ]
[ info ] [ BEHAVIOR ] Run app\admin\behavior\AdminLog @app_end [ RunTime:0.000120s ]
[ info ] [ LOG ] INIT File
[ sql ] [ DB ] CONNECT:[ UseTime:0.000332s ] mysql:host=127.0.0.1;dbname=health;charset=utf8
[ sql ] [ SQL ] SHOW COLUMNS FROM `hl_auth_group_access` [ RunTime:0.000767s ]
[ sql ] [ SQL ] SELECT `aga`.`uid`,`aga`.`group_id`,`ag`.`id`,`ag`.`pid`,`ag`.`name`,`ag`.`rules` FROM `hl_auth_group_access` `aga` LEFT JOIN `hl_auth_group` `ag` ON `aga`.`group_id`=`ag`.`id` WHERE  (  aga.uid='1' and ag.status='normal' ) [ RunTime:0.000372s ]
[ sql ] [ SQL ] SHOW COLUMNS FROM `hl_auth_rule` [ RunTime:0.000739s ]
[ sql ] [ SQL ] SELECT `id`,`pid`,`condition`,`icon`,`name`,`title`,`ismenu` FROM `hl_auth_rule` WHERE  `status` = 'normal' [ RunTime:0.000389s ]
[ sql ] [ SQL ] SHOW COLUMNS FROM `hl_config` [ RunTime:0.000827s ]
[ sql ] [ SQL ] SELECT `group` FROM `hl_config` GROUP BY `group` ORDER BY `id` [ RunTime:0.000277s ]
[ sql ] [ SQL ] SELECT * FROM `hl_config` [ RunTime:0.000235s ]
[ sql ] [ SQL ] SELECT `group` FROM `hl_config` GROUP BY `group` ORDER BY `id` [ RunTime:0.000546s ]
[ sql ] [ SQL ] SELECT `title`,`remark` FROM `hl_auth_rule` WHERE  `name` = 'general/config' LIMIT 1 [ RunTime:0.000631s ]
---------------------------------------------------------------
[ 2018-05-02T15:04:33+08:00 ] 115.57.131.39 GET /admin/ajax/lang?callback=define&controllername=general.config&v=1525244673
[ info ] 121.42.251.110:9696/admin/ajax/lang?callback=define&controllername=general.config&v=1525244673 [运行时间：0.021528s][吞吐率：46.45req/s] [内存消耗：2,507.84kb] [文件加载：72]
[ info ] [ BEHAVIOR ] Run Closure @app_init [ RunTime:0.000021s ]
[ info ] [ CACHE ] INIT File
[ info ] [ BEHAVIOR ] Run Closure @app_init [ RunTime:0.000763s ]
[ info ] [ LANG ] /mnt/www/health.com/thinkphp/lang/zh-cn.php
[ info ] [ ROUTE ] array (
  'type' => 'module',
  'module' => 
  array (
    0 => 'admin',
    1 => 'ajax',
    2 => 'lang',
  ),
)
[ info ] [ HEADER ] array (
  'cookie' => 'memRealUsed=1998; mem-before=1998/7822%20%28MB%29; memSize=7822; serverType=nginx; order=id%20desc; PHPSESSID=rkj3ibsnvcf8ndta91ta0p6qbg; BT_PANEL=33aee342db19692b390286b682cea337300e9e7a',
  'accept-language' => 'zh-CN,zh;q=0.8',
  'accept-encoding' => 'gzip, deflate, sdch',
  'referer' => 'http://121.42.251.110:9696/admin/general/config?addtabs=1',
  'user-agent' => 'Mozilla/5.0 (Windows NT 10.0; WOW64) AppleWebKit/537.36 (KHTML, like Gecko) Chrome/49.0.2623.112 Safari/537.36',
  'accept' => '*/*',
  'connection' => 'keep-alive',
  'host' => '121.42.251.110:9696',
  'content-type' => '',
  'content-length' => '',
)
[ info ] [ PARAM ] array (
  'callback' => 'define',
  'controllername' => 'general.config',
  'v' => '1525244673',
)
[ info ] [ LANG ] /mnt/www/health.com/public/../application/admin/lang/zh-cn.php
[ info ] [ BEHAVIOR ] Run app\common\behavior\Common @module_init [ RunTime:0.000251s ]
[ info ] [ SESSION ] INIT array (
  'id' => '',
  'var_session_id' => '',
  'prefix' => 'think',
  'type' => '',
  'auto_start' => true,
)
[ info ] [ LANG ] /mnt/www/health.com/public/../application/admin/lang/zh-cn/ajax.php
[ info ] [ RUN ] app\admin\controller\Ajax->lang[ /mnt/www/health.com/application/admin/controller/Ajax.php ]
[ info ] [ LANG ] /mnt/www/health.com/public/../application/admin/lang/zh-cn/general/config.php
[ info ] [ BEHAVIOR ] Run app\admin\behavior\AdminLog @app_end [ RunTime:0.000072s ]
[ info ] [ LOG ] INIT File
---------------------------------------------------------------
[ 2018-05-02T15:04:34+08:00 ] 115.57.131.39 GET /admin/general/attachment?addtabs=1
[ info ] 121.42.251.110:9696/admin/general/attachment?addtabs=1 [运行时间：0.229427s][吞吐率：4.36req/s] [内存消耗：3,304.52kb] [文件加载：79]
[ info ] [ BEHAVIOR ] Run Closure @app_init [ RunTime:0.000022s ]
[ info ] [ CACHE ] INIT File
[ info ] [ BEHAVIOR ] Run Closure @app_init [ RunTime:0.000795s ]
[ info ] [ LANG ] /mnt/www/health.com/thinkphp/lang/zh-cn.php
[ info ] [ ROUTE ] array (
  'type' => 'module',
  'module' => 
  array (
    0 => 'admin',
    1 => 'general.attachment',
    2 => NULL,
  ),
)
[ info ] [ HEADER ] array (
  'cookie' => 'memRealUsed=1998; mem-before=1998/7822%20%28MB%29; memSize=7822; serverType=nginx; order=id%20desc; PHPSESSID=rkj3ibsnvcf8ndta91ta0p6qbg; BT_PANEL=33aee342db19692b390286b682cea337300e9e7a',
  'accept-language' => 'zh-CN,zh;q=0.8',
  'accept-encoding' => 'gzip, deflate, sdch',
  'referer' => 'http://121.42.251.110:9696/admin/general/attachment?ref=addtabs',
  'user-agent' => 'Mozilla/5.0 (Windows NT 10.0; WOW64) AppleWebKit/537.36 (KHTML, like Gecko) Chrome/49.0.2623.112 Safari/537.36',
  'upgrade-insecure-requests' => '1',
  'accept' => 'text/html,application/xhtml+xml,application/xml;q=0.9,image/webp,*/*;q=0.8',
  'connection' => 'keep-alive',
  'host' => '121.42.251.110:9696',
  'content-type' => '',
  'content-length' => '',
)
[ info ] [ PARAM ] array (
  'addtabs' => '1',
)
[ info ] [ LANG ] /mnt/www/health.com/public/../application/admin/lang/zh-cn.php
[ info ] [ BEHAVIOR ] Run app\common\behavior\Common @module_init [ RunTime:0.000208s ]
[ info ] [ SESSION ] INIT array (
  'id' => '',
  'var_session_id' => '',
  'prefix' => 'think',
  'type' => '',
  'auto_start' => true,
)
[ info ] [ DB ] INIT mysql
[ info ] [ LANG ] /mnt/www/health.com/public/../application/admin/lang/zh-cn/general/attachment.php
[ info ] [ RUN ] app\admin\controller\general\Attachment->index[ /mnt/www/health.com/application/admin/controller/general/Attachment.php ]
[ info ] [ VIEW ] /mnt/www/health.com/public/../application/admin/view/general/attachment/index.html [ array (
  0 => 'breadcrumb',
  1 => 'site',
  2 => 'config',
  3 => 'auth',
  4 => 'admin',
) ]
[ info ] [ BEHAVIOR ] Run app\admin\behavior\AdminLog @app_end [ RunTime:0.000114s ]
[ info ] [ LOG ] INIT File
[ sql ] [ DB ] CONNECT:[ UseTime:0.000520s ] mysql:host=127.0.0.1;dbname=health;charset=utf8
[ sql ] [ SQL ] SHOW COLUMNS FROM `hl_auth_group_access` [ RunTime:0.001098s ]
[ sql ] [ SQL ] SELECT `aga`.`uid`,`aga`.`group_id`,`ag`.`id`,`ag`.`pid`,`ag`.`name`,`ag`.`rules` FROM `hl_auth_group_access` `aga` LEFT JOIN `hl_auth_group` `ag` ON `aga`.`group_id`=`ag`.`id` WHERE  (  aga.uid='1' and ag.status='normal' ) [ RunTime:0.000414s ]
[ sql ] [ SQL ] SHOW COLUMNS FROM `hl_auth_rule` [ RunTime:0.000836s ]
[ sql ] [ SQL ] SELECT `id`,`pid`,`condition`,`icon`,`name`,`title`,`ismenu` FROM `hl_auth_rule` WHERE  `status` = 'normal' [ RunTime:0.000431s ]
[ sql ] [ SQL ] SELECT `title`,`remark` FROM `hl_auth_rule` WHERE  `name` = 'general/attachment' LIMIT 1 [ RunTime:0.000652s ]
---------------------------------------------------------------
[ 2018-05-02T15:04:35+08:00 ] 115.57.131.39 GET /admin/ajax/lang?callback=define&controllername=general.attachment&v=1525244674
[ info ] 121.42.251.110:9696/admin/ajax/lang?callback=define&controllername=general.attachment&v=1525244674 [运行时间：0.023272s][吞吐率：42.97req/s] [内存消耗：2,505.58kb] [文件加载：72]
[ info ] [ BEHAVIOR ] Run Closure @app_init [ RunTime:0.000022s ]
[ info ] [ CACHE ] INIT File
[ info ] [ BEHAVIOR ] Run Closure @app_init [ RunTime:0.000886s ]
[ info ] [ LANG ] /mnt/www/health.com/thinkphp/lang/zh-cn.php
[ info ] [ ROUTE ] array (
  'type' => 'module',
  'module' => 
  array (
    0 => 'admin',
    1 => 'ajax',
    2 => 'lang',
  ),
)
[ info ] [ HEADER ] array (
  'cookie' => 'memRealUsed=1998; mem-before=1998/7822%20%28MB%29; memSize=7822; serverType=nginx; order=id%20desc; PHPSESSID=rkj3ibsnvcf8ndta91ta0p6qbg; BT_PANEL=33aee342db19692b390286b682cea337300e9e7a',
  'accept-language' => 'zh-CN,zh;q=0.8',
  'accept-encoding' => 'gzip, deflate, sdch',
  'referer' => 'http://121.42.251.110:9696/admin/general/attachment?addtabs=1',
  'user-agent' => 'Mozilla/5.0 (Windows NT 10.0; WOW64) AppleWebKit/537.36 (KHTML, like Gecko) Chrome/49.0.2623.112 Safari/537.36',
  'accept' => '*/*',
  'connection' => 'keep-alive',
  'host' => '121.42.251.110:9696',
  'content-type' => '',
  'content-length' => '',
)
[ info ] [ PARAM ] array (
  'callback' => 'define',
  'controllername' => 'general.attachment',
  'v' => '1525244674',
)
[ info ] [ LANG ] /mnt/www/health.com/public/../application/admin/lang/zh-cn.php
[ info ] [ BEHAVIOR ] Run app\common\behavior\Common @module_init [ RunTime:0.000249s ]
[ info ] [ SESSION ] INIT array (
  'id' => '',
  'var_session_id' => '',
  'prefix' => 'think',
  'type' => '',
  'auto_start' => true,
)
[ info ] [ LANG ] /mnt/www/health.com/public/../application/admin/lang/zh-cn/ajax.php
[ info ] [ RUN ] app\admin\controller\Ajax->lang[ /mnt/www/health.com/application/admin/controller/Ajax.php ]
[ info ] [ LANG ] /mnt/www/health.com/public/../application/admin/lang/zh-cn/general/attachment.php
[ info ] [ BEHAVIOR ] Run app\admin\behavior\AdminLog @app_end [ RunTime:0.000075s ]
[ info ] [ LOG ] INIT File
---------------------------------------------------------------
[ 2018-05-02T15:04:35+08:00 ] 115.57.131.39 GET /admin/general/attachment/index?sort=id&order=desc&offset=0&limit=10&filter=%7B%7D&op=%7B%7D&_=1525244676243
[ info ] 121.42.251.110:9696/admin/general/attachment/index?sort=id&order=desc&offset=0&limit=10&filter=%7B%7D&op=%7B%7D&_=1525244676243 [运行时间：0.057574s][吞吐率：17.37req/s] [内存消耗：3,321.31kb] [文件加载：79]
[ info ] [ BEHAVIOR ] Run Closure @app_init [ RunTime:0.000029s ]
[ info ] [ CACHE ] INIT File
[ info ] [ BEHAVIOR ] Run Closure @app_init [ RunTime:0.000874s ]
[ info ] [ LANG ] /mnt/www/health.com/thinkphp/lang/zh-cn.php
[ info ] [ ROUTE ] array (
  'type' => 'module',
  'module' => 
  array (
    0 => 'admin',
    1 => 'general.attachment',
    2 => 'index',
  ),
)
[ info ] [ HEADER ] array (
  'cookie' => 'memRealUsed=1998; mem-before=1998/7822%20%28MB%29; memSize=7822; serverType=nginx; order=id%20desc; PHPSESSID=rkj3ibsnvcf8ndta91ta0p6qbg; BT_PANEL=33aee342db19692b390286b682cea337300e9e7a',
  'accept-language' => 'zh-CN,zh;q=0.8',
  'accept-encoding' => 'gzip, deflate, sdch',
  'referer' => 'http://121.42.251.110:9696/admin/general/attachment?addtabs=1',
  'content-type' => 'application/json',
  'user-agent' => 'Mozilla/5.0 (Windows NT 10.0; WOW64) AppleWebKit/537.36 (KHTML, like Gecko) Chrome/49.0.2623.112 Safari/537.36',
  'x-requested-with' => 'XMLHttpRequest',
  'accept' => 'application/json, text/javascript, */*; q=0.01',
  'connection' => 'keep-alive',
  'host' => '121.42.251.110:9696',
  'content-length' => '',
)
[ info ] [ PARAM ] array (
  'sort' => 'id',
  'order' => 'desc',
  'offset' => '0',
  'limit' => '10',
  'filter' => '{}',
  'op' => '{}',
  '_' => '1525244676243',
)
[ info ] [ LANG ] /mnt/www/health.com/public/../application/admin/lang/zh-cn.php
[ info ] [ BEHAVIOR ] Run app\common\behavior\Common @module_init [ RunTime:0.000193s ]
[ info ] [ SESSION ] INIT array (
  'id' => '',
  'var_session_id' => '',
  'prefix' => 'think',
  'type' => '',
  'auto_start' => true,
)
[ info ] [ DB ] INIT mysql
[ info ] [ LANG ] /mnt/www/health.com/public/../application/admin/lang/zh-cn/general/attachment.php
[ info ] [ RUN ] app\admin\controller\general\Attachment->index[ /mnt/www/health.com/application/admin/controller/general/Attachment.php ]
[ info ] [ BEHAVIOR ] Run app\admin\behavior\AdminLog @app_end [ RunTime:0.000082s ]
[ info ] [ LOG ] INIT File
[ sql ] [ DB ] CONNECT:[ UseTime:0.000520s ] mysql:host=127.0.0.1;dbname=health;charset=utf8
[ sql ] [ SQL ] SHOW COLUMNS FROM `hl_auth_group_access` [ RunTime:0.001088s ]
[ sql ] [ SQL ] SELECT `aga`.`uid`,`aga`.`group_id`,`ag`.`id`,`ag`.`pid`,`ag`.`name`,`ag`.`rules` FROM `hl_auth_group_access` `aga` LEFT JOIN `hl_auth_group` `ag` ON `aga`.`group_id`=`ag`.`id` WHERE  (  aga.uid='1' and ag.status='normal' ) [ RunTime:0.000567s ]
[ sql ] [ SQL ] SHOW COLUMNS FROM `hl_auth_rule` [ RunTime:0.000866s ]
[ sql ] [ SQL ] SELECT `id`,`pid`,`condition`,`icon`,`name`,`title`,`ismenu` FROM `hl_auth_rule` WHERE  `status` = 'normal' [ RunTime:0.000396s ]
[ sql ] [ SQL ] SHOW COLUMNS FROM `hl_attachment` [ RunTime:0.020301s ]
[ sql ] [ SQL ] SELECT COUNT(*) AS tp_count FROM `hl_attachment` ORDER BY `id`  desc LIMIT 1 [ RunTime:0.000348s ]
[ sql ] [ SQL ] SELECT * FROM `hl_attachment` ORDER BY `id`  desc LIMIT 0,10 [ RunTime:0.000273s ]
---------------------------------------------------------------
[ 2018-05-02T15:04:38+08:00 ] 115.57.131.39 GET /admin/general/profile?addtabs=1
[ info ] 121.42.251.110:9696/admin/general/profile?addtabs=1 [运行时间：0.052504s][吞吐率：19.05req/s] [内存消耗：3,307.73kb] [文件加载：78]
[ info ] [ BEHAVIOR ] Run Closure @app_init [ RunTime:0.000031s ]
[ info ] [ CACHE ] INIT File
[ info ] [ BEHAVIOR ] Run Closure @app_init [ RunTime:0.001080s ]
[ info ] [ LANG ] /mnt/www/health.com/thinkphp/lang/zh-cn.php
[ info ] [ ROUTE ] array (
  'type' => 'module',
  'module' => 
  array (
    0 => 'admin',
    1 => 'general.profile',
    2 => NULL,
  ),
)
[ info ] [ HEADER ] array (
  'cookie' => 'memRealUsed=1998; mem-before=1998/7822%20%28MB%29; memSize=7822; serverType=nginx; order=id%20desc; PHPSESSID=rkj3ibsnvcf8ndta91ta0p6qbg; BT_PANEL=33aee342db19692b390286b682cea337300e9e7a',
  'accept-language' => 'zh-CN,zh;q=0.8',
  'accept-encoding' => 'gzip, deflate, sdch',
  'referer' => 'http://121.42.251.110:9696/admin/general/profile?ref=addtabs',
  'user-agent' => 'Mozilla/5.0 (Windows NT 10.0; WOW64) AppleWebKit/537.36 (KHTML, like Gecko) Chrome/49.0.2623.112 Safari/537.36',
  'upgrade-insecure-requests' => '1',
  'accept' => 'text/html,application/xhtml+xml,application/xml;q=0.9,image/webp,*/*;q=0.8',
  'connection' => 'keep-alive',
  'host' => '121.42.251.110:9696',
  'content-type' => '',
  'content-length' => '',
)
[ info ] [ PARAM ] array (
  'addtabs' => '1',
)
[ info ] [ LANG ] /mnt/www/health.com/public/../application/admin/lang/zh-cn.php
[ info ] [ BEHAVIOR ] Run app\common\behavior\Common @module_init [ RunTime:0.000208s ]
[ info ] [ SESSION ] INIT array (
  'id' => '',
  'var_session_id' => '',
  'prefix' => 'think',
  'type' => '',
  'auto_start' => true,
)
[ info ] [ DB ] INIT mysql
[ info ] [ LANG ] /mnt/www/health.com/public/../application/admin/lang/zh-cn/general/profile.php
[ info ] [ RUN ] app\admin\controller\general\Profile->index[ /mnt/www/health.com/application/admin/controller/general/Profile.php ]
[ info ] [ VIEW ] /mnt/www/health.com/public/../application/admin/view/general/profile/index.html [ array (
  0 => 'breadcrumb',
  1 => 'site',
  2 => 'config',
  3 => 'auth',
  4 => 'admin',
) ]
[ info ] [ BEHAVIOR ] Run app\admin\behavior\AdminLog @app_end [ RunTime:0.000100s ]
[ info ] [ LOG ] INIT File
[ sql ] [ DB ] CONNECT:[ UseTime:0.000549s ] mysql:host=127.0.0.1;dbname=health;charset=utf8
[ sql ] [ SQL ] SHOW COLUMNS FROM `hl_auth_group_access` [ RunTime:0.001060s ]
[ sql ] [ SQL ] SELECT `aga`.`uid`,`aga`.`group_id`,`ag`.`id`,`ag`.`pid`,`ag`.`name`,`ag`.`rules` FROM `hl_auth_group_access` `aga` LEFT JOIN `hl_auth_group` `ag` ON `aga`.`group_id`=`ag`.`id` WHERE  (  aga.uid='1' and ag.status='normal' ) [ RunTime:0.000475s ]
[ sql ] [ SQL ] SHOW COLUMNS FROM `hl_auth_rule` [ RunTime:0.000801s ]
[ sql ] [ SQL ] SELECT `id`,`pid`,`condition`,`icon`,`name`,`title`,`ismenu` FROM `hl_auth_rule` WHERE  `status` = 'normal' [ RunTime:0.000473s ]
---------------------------------------------------------------
[ 2018-05-02T15:04:38+08:00 ] 115.57.131.39 GET /admin/ajax/lang?callback=define&controllername=general.profile&v=1525244678
[ info ] 121.42.251.110:9696/admin/ajax/lang?callback=define&controllername=general.profile&v=1525244678 [运行时间：0.022784s][吞吐率：43.89req/s] [内存消耗：2,504.84kb] [文件加载：72]
[ info ] [ BEHAVIOR ] Run Closure @app_init [ RunTime:0.000022s ]
[ info ] [ CACHE ] INIT File
[ info ] [ BEHAVIOR ] Run Closure @app_init [ RunTime:0.000778s ]
[ info ] [ LANG ] /mnt/www/health.com/thinkphp/lang/zh-cn.php
[ info ] [ ROUTE ] array (
  'type' => 'module',
  'module' => 
  array (
    0 => 'admin',
    1 => 'ajax',
    2 => 'lang',
  ),
)
[ info ] [ HEADER ] array (
  'cookie' => 'memRealUsed=1998; mem-before=1998/7822%20%28MB%29; memSize=7822; serverType=nginx; order=id%20desc; PHPSESSID=rkj3ibsnvcf8ndta91ta0p6qbg; BT_PANEL=33aee342db19692b390286b682cea337300e9e7a',
  'accept-language' => 'zh-CN,zh;q=0.8',
  'accept-encoding' => 'gzip, deflate, sdch',
  'referer' => 'http://121.42.251.110:9696/admin/general/profile?addtabs=1',
  'user-agent' => 'Mozilla/5.0 (Windows NT 10.0; WOW64) AppleWebKit/537.36 (KHTML, like Gecko) Chrome/49.0.2623.112 Safari/537.36',
  'accept' => '*/*',
  'connection' => 'keep-alive',
  'host' => '121.42.251.110:9696',
  'content-type' => '',
  'content-length' => '',
)
[ info ] [ PARAM ] array (
  'callback' => 'define',
  'controllername' => 'general.profile',
  'v' => '1525244678',
)
[ info ] [ LANG ] /mnt/www/health.com/public/../application/admin/lang/zh-cn.php
[ info ] [ BEHAVIOR ] Run app\common\behavior\Common @module_init [ RunTime:0.000181s ]
[ info ] [ SESSION ] INIT array (
  'id' => '',
  'var_session_id' => '',
  'prefix' => 'think',
  'type' => '',
  'auto_start' => true,
)
[ info ] [ LANG ] /mnt/www/health.com/public/../application/admin/lang/zh-cn/ajax.php
[ info ] [ RUN ] app\admin\controller\Ajax->lang[ /mnt/www/health.com/application/admin/controller/Ajax.php ]
[ info ] [ LANG ] /mnt/www/health.com/public/../application/admin/lang/zh-cn/general/profile.php
[ info ] [ BEHAVIOR ] Run app\admin\behavior\AdminLog @app_end [ RunTime:0.000077s ]
[ info ] [ LOG ] INIT File
---------------------------------------------------------------
[ 2018-05-02T15:04:39+08:00 ] 115.57.131.39 GET /admin/general/profile/index?sort=id&order=desc&offset=0&limit=10&_=1525244680032
[ info ] 121.42.251.110:9696/admin/general/profile/index?sort=id&order=desc&offset=0&limit=10&_=1525244680032 [运行时间：0.033536s][吞吐率：29.82req/s] [内存消耗：3,321.70kb] [文件加载：79]
[ info ] [ BEHAVIOR ] Run Closure @app_init [ RunTime:0.000022s ]
[ info ] [ CACHE ] INIT File
[ info ] [ BEHAVIOR ] Run Closure @app_init [ RunTime:0.000776s ]
[ info ] [ LANG ] /mnt/www/health.com/thinkphp/lang/zh-cn.php
[ info ] [ ROUTE ] array (
  'type' => 'module',
  'module' => 
  array (
    0 => 'admin',
    1 => 'general.profile',
    2 => 'index',
  ),
)
[ info ] [ HEADER ] array (
  'cookie' => 'memRealUsed=1998; mem-before=1998/7822%20%28MB%29; memSize=7822; serverType=nginx; order=id%20desc; PHPSESSID=rkj3ibsnvcf8ndta91ta0p6qbg; BT_PANEL=33aee342db19692b390286b682cea337300e9e7a',
  'accept-language' => 'zh-CN,zh;q=0.8',
  'accept-encoding' => 'gzip, deflate, sdch',
  'referer' => 'http://121.42.251.110:9696/admin/general/profile?addtabs=1',
  'content-type' => 'application/json',
  'user-agent' => 'Mozilla/5.0 (Windows NT 10.0; WOW64) AppleWebKit/537.36 (KHTML, like Gecko) Chrome/49.0.2623.112 Safari/537.36',
  'x-requested-with' => 'XMLHttpRequest',
  'accept' => 'application/json, text/javascript, */*; q=0.01',
  'connection' => 'keep-alive',
  'host' => '121.42.251.110:9696',
  'content-length' => '',
)
[ info ] [ PARAM ] array (
  'sort' => 'id',
  'order' => 'desc',
  'offset' => '0',
  'limit' => '10',
  '_' => '1525244680032',
)
[ info ] [ LANG ] /mnt/www/health.com/public/../application/admin/lang/zh-cn.php
[ info ] [ BEHAVIOR ] Run app\common\behavior\Common @module_init [ RunTime:0.000234s ]
[ info ] [ SESSION ] INIT array (
  'id' => '',
  'var_session_id' => '',
  'prefix' => 'think',
  'type' => '',
  'auto_start' => true,
)
[ info ] [ DB ] INIT mysql
[ info ] [ LANG ] /mnt/www/health.com/public/../application/admin/lang/zh-cn/general/profile.php
[ info ] [ RUN ] app\admin\controller\general\Profile->index[ /mnt/www/health.com/application/admin/controller/general/Profile.php ]
[ info ] [ BEHAVIOR ] Run app\admin\behavior\AdminLog @app_end [ RunTime:0.000098s ]
[ info ] [ LOG ] INIT File
[ sql ] [ DB ] CONNECT:[ UseTime:0.000586s ] mysql:host=127.0.0.1;dbname=health;charset=utf8
[ sql ] [ SQL ] SHOW COLUMNS FROM `hl_auth_group_access` [ RunTime:0.001080s ]
[ sql ] [ SQL ] SELECT `aga`.`uid`,`aga`.`group_id`,`ag`.`id`,`ag`.`pid`,`ag`.`name`,`ag`.`rules` FROM `hl_auth_group_access` `aga` LEFT JOIN `hl_auth_group` `ag` ON `aga`.`group_id`=`ag`.`id` WHERE  (  aga.uid='1' and ag.status='normal' ) [ RunTime:0.000395s ]
[ sql ] [ SQL ] SHOW COLUMNS FROM `hl_auth_rule` [ RunTime:0.000790s ]
[ sql ] [ SQL ] SELECT `id`,`pid`,`condition`,`icon`,`name`,`title`,`ismenu` FROM `hl_auth_rule` WHERE  `status` = 'normal' [ RunTime:0.000378s ]
[ sql ] [ SQL ] SHOW COLUMNS FROM `hl_admin_log` [ RunTime:0.000829s ]
[ sql ] [ SQL ] SELECT COUNT(*) AS tp_count FROM `hl_admin_log` WHERE  `admin_id` = 1 ORDER BY `id`  desc LIMIT 1 [ RunTime:0.000312s ]
[ sql ] [ SQL ] SELECT * FROM `hl_admin_log` WHERE  `admin_id` = 1 ORDER BY `id`  desc LIMIT 0,10 [ RunTime:0.000324s ]
---------------------------------------------------------------
[ 2018-05-02T15:04:45+08:00 ] 115.57.131.39 GET /admin/user/user?addtabs=1
[ info ] 121.42.251.110:9696/admin/user/user?addtabs=1 [运行时间：0.111565s][吞吐率：8.96req/s] [内存消耗：3,320.83kb] [文件加载：79]
[ info ] [ BEHAVIOR ] Run Closure @app_init [ RunTime:0.000032s ]
[ info ] [ CACHE ] INIT File
[ info ] [ BEHAVIOR ] Run Closure @app_init [ RunTime:0.000915s ]
[ info ] [ LANG ] /mnt/www/health.com/thinkphp/lang/zh-cn.php
[ info ] [ ROUTE ] array (
  'type' => 'module',
  'module' => 
  array (
    0 => 'admin',
    1 => 'user.user',
    2 => NULL,
  ),
)
[ info ] [ HEADER ] array (
  'cookie' => 'memRealUsed=1998; mem-before=1998/7822%20%28MB%29; memSize=7822; serverType=nginx; order=id%20desc; PHPSESSID=rkj3ibsnvcf8ndta91ta0p6qbg; BT_PANEL=33aee342db19692b390286b682cea337300e9e7a',
  'accept-language' => 'zh-CN,zh;q=0.8',
  'accept-encoding' => 'gzip, deflate, sdch',
  'referer' => 'http://121.42.251.110:9696/admin/user/user?ref=addtabs',
  'user-agent' => 'Mozilla/5.0 (Windows NT 10.0; WOW64) AppleWebKit/537.36 (KHTML, like Gecko) Chrome/49.0.2623.112 Safari/537.36',
  'upgrade-insecure-requests' => '1',
  'accept' => 'text/html,application/xhtml+xml,application/xml;q=0.9,image/webp,*/*;q=0.8',
  'connection' => 'keep-alive',
  'host' => '121.42.251.110:9696',
  'content-type' => '',
  'content-length' => '',
)
[ info ] [ PARAM ] array (
  'addtabs' => '1',
)
[ info ] [ LANG ] /mnt/www/health.com/public/../application/admin/lang/zh-cn.php
[ info ] [ BEHAVIOR ] Run app\common\behavior\Common @module_init [ RunTime:0.000240s ]
[ info ] [ SESSION ] INIT array (
  'id' => '',
  'var_session_id' => '',
  'prefix' => 'think',
  'type' => '',
  'auto_start' => true,
)
[ info ] [ DB ] INIT mysql
[ info ] [ LANG ] /mnt/www/health.com/public/../application/admin/lang/zh-cn/user/user.php
[ info ] [ RUN ] app\admin\controller\user\User->index[ /mnt/www/health.com/application/admin/controller/user/User.php ]
[ info ] [ VIEW ] /mnt/www/health.com/public/../application/admin/view/user/user/index.html [ array (
  0 => 'breadcrumb',
  1 => 'site',
  2 => 'config',
  3 => 'auth',
  4 => 'admin',
) ]
[ info ] [ BEHAVIOR ] Run app\admin\behavior\AdminLog @app_end [ RunTime:0.000085s ]
[ info ] [ LOG ] INIT File
[ sql ] [ DB ] CONNECT:[ UseTime:0.000649s ] mysql:host=127.0.0.1;dbname=health;charset=utf8
[ sql ] [ SQL ] SHOW COLUMNS FROM `hl_auth_group_access` [ RunTime:0.001115s ]
[ sql ] [ SQL ] SELECT `aga`.`uid`,`aga`.`group_id`,`ag`.`id`,`ag`.`pid`,`ag`.`name`,`ag`.`rules` FROM `hl_auth_group_access` `aga` LEFT JOIN `hl_auth_group` `ag` ON `aga`.`group_id`=`ag`.`id` WHERE  (  aga.uid='1' and ag.status='normal' ) [ RunTime:0.000487s ]
[ sql ] [ SQL ] SHOW COLUMNS FROM `hl_auth_rule` [ RunTime:0.000783s ]
[ sql ] [ SQL ] SELECT `id`,`pid`,`condition`,`icon`,`name`,`title`,`ismenu` FROM `hl_auth_rule` WHERE  `status` = 'normal' [ RunTime:0.000395s ]
[ sql ] [ SQL ] SELECT `title`,`remark` FROM `hl_auth_rule` WHERE  `name` = 'user/user' LIMIT 1 [ RunTime:0.000616s ]
---------------------------------------------------------------
[ 2018-05-02T15:04:46+08:00 ] 115.57.131.39 GET /admin/ajax/lang?callback=define&controllername=user.user&v=1525244685
[ info ] 121.42.251.110:9696/admin/ajax/lang?callback=define&controllername=user.user&v=1525244685 [运行时间：0.022450s][吞吐率：44.54req/s] [内存消耗：2,506.46kb] [文件加载：72]
[ info ] [ BEHAVIOR ] Run Closure @app_init [ RunTime:0.000023s ]
[ info ] [ CACHE ] INIT File
[ info ] [ BEHAVIOR ] Run Closure @app_init [ RunTime:0.000754s ]
[ info ] [ LANG ] /mnt/www/health.com/thinkphp/lang/zh-cn.php
[ info ] [ ROUTE ] array (
  'type' => 'module',
  'module' => 
  array (
    0 => 'admin',
    1 => 'ajax',
    2 => 'lang',
  ),
)
[ info ] [ HEADER ] array (
  'cookie' => 'memRealUsed=1998; mem-before=1998/7822%20%28MB%29; memSize=7822; serverType=nginx; order=id%20desc; PHPSESSID=rkj3ibsnvcf8ndta91ta0p6qbg; BT_PANEL=33aee342db19692b390286b682cea337300e9e7a',
  'accept-language' => 'zh-CN,zh;q=0.8',
  'accept-encoding' => 'gzip, deflate, sdch',
  'referer' => 'http://121.42.251.110:9696/admin/user/user?addtabs=1',
  'user-agent' => 'Mozilla/5.0 (Windows NT 10.0; WOW64) AppleWebKit/537.36 (KHTML, like Gecko) Chrome/49.0.2623.112 Safari/537.36',
  'accept' => '*/*',
  'connection' => 'keep-alive',
  'host' => '121.42.251.110:9696',
  'content-type' => '',
  'content-length' => '',
)
[ info ] [ PARAM ] array (
  'callback' => 'define',
  'controllername' => 'user.user',
  'v' => '1525244685',
)
[ info ] [ LANG ] /mnt/www/health.com/public/../application/admin/lang/zh-cn.php
[ info ] [ BEHAVIOR ] Run app\common\behavior\Common @module_init [ RunTime:0.000234s ]
[ info ] [ SESSION ] INIT array (
  'id' => '',
  'var_session_id' => '',
  'prefix' => 'think',
  'type' => '',
  'auto_start' => true,
)
[ info ] [ LANG ] /mnt/www/health.com/public/../application/admin/lang/zh-cn/ajax.php
[ info ] [ RUN ] app\admin\controller\Ajax->lang[ /mnt/www/health.com/application/admin/controller/Ajax.php ]
[ info ] [ LANG ] /mnt/www/health.com/public/../application/admin/lang/zh-cn/user/user.php
[ info ] [ BEHAVIOR ] Run app\admin\behavior\AdminLog @app_end [ RunTime:0.000072s ]
[ info ] [ LOG ] INIT File
---------------------------------------------------------------
[ 2018-05-02T15:04:46+08:00 ] 115.57.131.39 GET /admin/user/user/index?sort=user.id&order=desc&offset=0&limit=10&filter=%7B%7D&op=%7B%7D&_=1525244687262
[ info ] 121.42.251.110:9696/admin/user/user/index?sort=user.id&order=desc&offset=0&limit=10&filter=%7B%7D&op=%7B%7D&_=1525244687262 [运行时间：0.119016s][吞吐率：8.40req/s] [内存消耗：3,451.55kb] [文件加载：83]
[ info ] [ BEHAVIOR ] Run Closure @app_init [ RunTime:0.000021s ]
[ info ] [ CACHE ] INIT File
[ info ] [ BEHAVIOR ] Run Closure @app_init [ RunTime:0.000809s ]
[ info ] [ LANG ] /mnt/www/health.com/thinkphp/lang/zh-cn.php
[ info ] [ ROUTE ] array (
  'type' => 'module',
  'module' => 
  array (
    0 => 'admin',
    1 => 'user.user',
    2 => 'index',
  ),
)
[ info ] [ HEADER ] array (
  'cookie' => 'memRealUsed=1998; mem-before=1998/7822%20%28MB%29; memSize=7822; serverType=nginx; order=id%20desc; PHPSESSID=rkj3ibsnvcf8ndta91ta0p6qbg; BT_PANEL=33aee342db19692b390286b682cea337300e9e7a',
  'accept-language' => 'zh-CN,zh;q=0.8',
  'accept-encoding' => 'gzip, deflate, sdch',
  'referer' => 'http://121.42.251.110:9696/admin/user/user?addtabs=1',
  'content-type' => 'application/json',
  'user-agent' => 'Mozilla/5.0 (Windows NT 10.0; WOW64) AppleWebKit/537.36 (KHTML, like Gecko) Chrome/49.0.2623.112 Safari/537.36',
  'x-requested-with' => 'XMLHttpRequest',
  'accept' => 'application/json, text/javascript, */*; q=0.01',
  'connection' => 'keep-alive',
  'host' => '121.42.251.110:9696',
  'content-length' => '',
)
[ info ] [ PARAM ] array (
  'sort' => 'user.id',
  'order' => 'desc',
  'offset' => '0',
  'limit' => '10',
  'filter' => '{}',
  'op' => '{}',
  '_' => '1525244687262',
)
[ info ] [ LANG ] /mnt/www/health.com/public/../application/admin/lang/zh-cn.php
[ info ] [ BEHAVIOR ] Run app\common\behavior\Common @module_init [ RunTime:0.000233s ]
[ info ] [ SESSION ] INIT array (
  'id' => '',
  'var_session_id' => '',
  'prefix' => 'think',
  'type' => '',
  'auto_start' => true,
)
[ info ] [ DB ] INIT mysql
[ info ] [ LANG ] /mnt/www/health.com/public/../application/admin/lang/zh-cn/user/user.php
[ info ] [ RUN ] app\admin\controller\user\User->index[ /mnt/www/health.com/application/admin/controller/user/User.php ]
[ info ] [ BEHAVIOR ] Run app\admin\behavior\AdminLog @app_end [ RunTime:0.000090s ]
[ info ] [ LOG ] INIT File
[ sql ] [ DB ] CONNECT:[ UseTime:0.000462s ] mysql:host=127.0.0.1;dbname=health;charset=utf8
[ sql ] [ SQL ] SHOW COLUMNS FROM `hl_auth_group_access` [ RunTime:0.001051s ]
[ sql ] [ SQL ] SELECT `aga`.`uid`,`aga`.`group_id`,`ag`.`id`,`ag`.`pid`,`ag`.`name`,`ag`.`rules` FROM `hl_auth_group_access` `aga` LEFT JOIN `hl_auth_group` `ag` ON `aga`.`group_id`=`ag`.`id` WHERE  (  aga.uid='1' and ag.status='normal' ) [ RunTime:0.000412s ]
[ sql ] [ SQL ] SHOW COLUMNS FROM `hl_auth_rule` [ RunTime:0.000777s ]
[ sql ] [ SQL ] SELECT `id`,`pid`,`condition`,`icon`,`name`,`title`,`ismenu` FROM `hl_auth_rule` WHERE  `status` = 'normal' [ RunTime:0.000426s ]
[ sql ] [ SQL ] SHOW COLUMNS FROM `hl_user` [ RunTime:0.001397s ]
[ sql ] [ SQL ] SHOW COLUMNS FROM `hl_user_group` [ RunTime:0.014753s ]
[ sql ] [ SQL ] SELECT COUNT(*) AS tp_count FROM `hl_user` `user` LEFT JOIN `hl_user_group` `group` ON `user`.`group_id`=`group`.`id` ORDER BY `user`.`id`  desc LIMIT 1 [ RunTime:0.000561s ]
[ sql ] [ SQL ] SELECT `user`.`id`,`user`.`pid`,`user`.`group_id`,`user`.`push_code`,`user`.`active_pool`,`user`.`pool`,`user`.`frozen_pool`,`user`.`token_address`,`user`.`username`,`user`.`nickname`,`user`.`password`,`user`.`salt`,`user`.`email`,`user`.`mobile`,`user`.`avatar`,`user`.`level`,`user`.`gender`,`user`.`score`,`user`.`successions`,`user`.`maxsuccessions`,`user`.`prevtime`,`user`.`logintime`,`user`.`loginip`,`user`.`loginfailure`,`user`.`joinip`,`user`.`jointime`,`user`.`createtime`,`user`.`updatetime`,`user`.`token`,`user`.`status`,`user`.`verification`,`user`.`is_older`,group.id AS group__id,group.name AS group__name,group.rules AS group__rules,group.createtime AS group__createtime,group.updatetime AS group__updatetime,group.status AS group__status FROM `hl_user` `user` LEFT JOIN `hl_user_group` `group` ON `user`.`group_id`=`group`.`id` ORDER BY `user`.`id`  desc LIMIT 0,10 [ RunTime:0.001853s ]
---------------------------------------------------------------
[ 2018-05-02T15:05:26+08:00 ] 58.247.204.63 GET /admin/dashboard?addtabs=1
[ info ] 121.42.251.110:9696/admin/dashboard?addtabs=1 [运行时间：0.018654s][吞吐率：53.61req/s] [内存消耗：2,194.05kb] [文件加载：69]
[ info ] [ BEHAVIOR ] Run Closure @app_init [ RunTime:0.000022s ]
[ info ] [ CACHE ] INIT File
[ info ] [ BEHAVIOR ] Run Closure @app_init [ RunTime:0.000771s ]
[ info ] [ LANG ] /mnt/www/health.com/thinkphp/lang/zh-cn.php
[ info ] [ ROUTE ] array (
  'type' => 'module',
  'module' => 
  array (
    0 => 'admin',
    1 => 'dashboard',
    2 => NULL,
  ),
)
[ info ] [ HEADER ] array (
  'connection' => 'keep-alive',
  'host' => '121.42.251.110:9696',
  'accept-language' => 'zh-CN,zh;q=0.8,en-US;q=0.6,en;q=0.4',
  'referer' => 'http://121.42.251.110:9696/admin/dashboard?ref=addtabs',
  'accept' => '*/*',
  'user-agent' => 'Mozilla/5.0 (Macintosh; Intel Mac OS X 10_12_4) AppleWebKit/537.36 (KHTML, like Gecko) 			Chrome/55.0.2883.95 Safari/537.36',
  'content-type' => '',
  'content-length' => '',
)
[ info ] [ PARAM ] array (
  'addtabs' => '1',
)
[ info ] [ LANG ] /mnt/www/health.com/public/../application/admin/lang/zh-cn.php
[ info ] [ BEHAVIOR ] Run app\common\behavior\Common @module_init [ RunTime:0.000170s ]
[ info ] [ SESSION ] INIT array (
  'id' => '',
  'var_session_id' => '',
  'prefix' => 'think',
  'type' => '',
  'auto_start' => true,
)
[ info ] [ VIEW ] /mnt/www/health.com/public/../application/common/view/tpl/dispatch_jump.tpl [ array (
  0 => 'code',
  1 => 'msg',
  2 => 'data',
  3 => 'url',
  4 => 'wait',
) ]
[ info ] [ BEHAVIOR ] Run app\admin\behavior\AdminLog @app_end [ RunTime:0.000066s ]
[ info ] [ LOG ] INIT File
---------------------------------------------------------------
[ 2018-05-02T15:05:32+08:00 ] 140.207.54.187 GET /admin/general/config?addtabs=1
[ info ] 121.42.251.110:9696/admin/general/config?addtabs=1 [运行时间：0.018964s][吞吐率：52.73req/s] [内存消耗：2,213.60kb] [文件加载：69]
[ info ] [ BEHAVIOR ] Run Closure @app_init [ RunTime:0.000021s ]
[ info ] [ CACHE ] INIT File
[ info ] [ BEHAVIOR ] Run Closure @app_init [ RunTime:0.000765s ]
[ info ] [ LANG ] /mnt/www/health.com/thinkphp/lang/zh-cn.php
[ info ] [ ROUTE ] array (
  'type' => 'module',
  'module' => 
  array (
    0 => 'admin',
    1 => 'general.config',
    2 => NULL,
  ),
)
[ info ] [ HEADER ] array (
  'connection' => 'keep-alive',
  'host' => '121.42.251.110:9696',
  'accept-language' => 'zh-CN,zh;q=0.8,en-US;q=0.6,en;q=0.4',
  'referer' => 'http://121.42.251.110:9696/admin/general/config?ref=addtabs',
  'accept' => '*/*',
  'user-agent' => 'Mozilla/5.0 (Windows NT 6.1; WOW64) AppleWebKit/537.36 (KHTML, like Gecko) Chrome/56.0.2924.87 Safari/537.36',
  'content-type' => '',
  'content-length' => '',
)
[ info ] [ PARAM ] array (
  'addtabs' => '1',
)
[ info ] [ LANG ] /mnt/www/health.com/public/../application/admin/lang/zh-cn.php
[ info ] [ BEHAVIOR ] Run app\common\behavior\Common @module_init [ RunTime:0.000176s ]
[ info ] [ SESSION ] INIT array (
  'id' => '',
  'var_session_id' => '',
  'prefix' => 'think',
  'type' => '',
  'auto_start' => true,
)
[ info ] [ VIEW ] /mnt/www/health.com/public/../application/common/view/tpl/dispatch_jump.tpl [ array (
  0 => 'code',
  1 => 'msg',
  2 => 'data',
  3 => 'url',
  4 => 'wait',
) ]
[ info ] [ BEHAVIOR ] Run app\admin\behavior\AdminLog @app_end [ RunTime:0.000080s ]
[ info ] [ LOG ] INIT File
---------------------------------------------------------------
[ 2018-05-02T15:05:46+08:00 ] 140.207.62.164 GET /admin/user/user/index?sort=user.id&order=desc&offset=0&limit=10&filter={}&op={}&_=1525244687262
[ info ] 121.42.251.110:9696/admin/user/user/index?sort=user.id&order=desc&offset=0&limit=10&filter={}&op={}&_=1525244687262 [运行时间：0.020838s][吞吐率：47.99req/s] [内存消耗：2,202.73kb] [文件加载：69]
[ info ] [ BEHAVIOR ] Run Closure @app_init [ RunTime:0.000025s ]
[ info ] [ CACHE ] INIT File
[ info ] [ BEHAVIOR ] Run Closure @app_init [ RunTime:0.000891s ]
[ info ] [ LANG ] /mnt/www/health.com/thinkphp/lang/zh-cn.php
[ info ] [ ROUTE ] array (
  'type' => 'module',
  'module' => 
  array (
    0 => 'admin',
    1 => 'user.user',
    2 => 'index',
  ),
)
[ info ] [ HEADER ] array (
  'connection' => 'keep-alive',
  'host' => '121.42.251.110:9696',
  'accept-language' => 'zh-CN,zh;q=0.8,en-US;q=0.6,en;q=0.4',
  'referer' => 'http://121.42.251.110:9696/admin/user/user?addtabs=1',
  'accept' => '*/*',
  'user-agent' => 'Mozilla/5.0 (Macintosh; Intel Mac OS X 10_12_4) AppleWebKit/537.36 (KHTML, like Gecko) 			Chrome/55.0.2883.95 Safari/537.36',
  'content-type' => '',
  'content-length' => '',
)
[ info ] [ PARAM ] array (
  'sort' => 'user.id',
  'order' => 'desc',
  'offset' => '0',
  'limit' => '10',
  'filter' => '{}',
  'op' => '{}',
  '_' => '1525244687262',
)
[ info ] [ LANG ] /mnt/www/health.com/public/../application/admin/lang/zh-cn.php
[ info ] [ BEHAVIOR ] Run app\common\behavior\Common @module_init [ RunTime:0.000187s ]
[ info ] [ SESSION ] INIT array (
  'id' => '',
  'var_session_id' => '',
  'prefix' => 'think',
  'type' => '',
  'auto_start' => true,
)
[ info ] [ VIEW ] /mnt/www/health.com/public/../application/common/view/tpl/dispatch_jump.tpl [ array (
  0 => 'code',
  1 => 'msg',
  2 => 'data',
  3 => 'url',
  4 => 'wait',
) ]
[ info ] [ BEHAVIOR ] Run app\admin\behavior\AdminLog @app_end [ RunTime:0.000078s ]
[ info ] [ LOG ] INIT File
---------------------------------------------------------------
[ 2018-05-02T15:05:47+08:00 ] 140.207.54.197 GET /admin/user/user?addtabs=1
[ info ] 121.42.251.110:9696/admin/user/user?addtabs=1 [运行时间：0.018516s][吞吐率：54.01req/s] [内存消耗：2,202.52kb] [文件加载：69]
[ info ] [ BEHAVIOR ] Run Closure @app_init [ RunTime:0.000021s ]
[ info ] [ CACHE ] INIT File
[ info ] [ BEHAVIOR ] Run Closure @app_init [ RunTime:0.000716s ]
[ info ] [ LANG ] /mnt/www/health.com/thinkphp/lang/zh-cn.php
[ info ] [ ROUTE ] array (
  'type' => 'module',
  'module' => 
  array (
    0 => 'admin',
    1 => 'user.user',
    2 => NULL,
  ),
)
[ info ] [ HEADER ] array (
  'connection' => 'keep-alive',
  'host' => '121.42.251.110:9696',
  'accept-language' => 'zh-CN,zh;q=0.8,en-US;q=0.6,en;q=0.4',
  'referer' => 'http://121.42.251.110:9696/admin/user/user?ref=addtabs',
  'accept' => '*/*',
  'user-agent' => 'Mozilla/5.0 (Windows NT 6.1; WOW64; Trident/7.0; SLCC2; .NET CLR 2.0.50727; .NET CLR 3.5.30729; .NET CLR 3.0.30729; Media Center PC 6.0; .NET4.0C; .NET4.0E; InfoPath.3; rv:11.0) like Gecko',
  'content-type' => '',
  'content-length' => '',
)
[ info ] [ PARAM ] array (
  'addtabs' => '1',
)
[ info ] [ LANG ] /mnt/www/health.com/public/../application/admin/lang/zh-cn.php
[ info ] [ BEHAVIOR ] Run app\common\behavior\Common @module_init [ RunTime:0.000191s ]
[ info ] [ SESSION ] INIT array (
  'id' => '',
  'var_session_id' => '',
  'prefix' => 'think',
  'type' => '',
  'auto_start' => true,
)
[ info ] [ VIEW ] /mnt/www/health.com/public/../application/common/view/tpl/dispatch_jump.tpl [ array (
  0 => 'code',
  1 => 'msg',
  2 => 'data',
  3 => 'url',
  4 => 'wait',
) ]
[ info ] [ BEHAVIOR ] Run app\admin\behavior\AdminLog @app_end [ RunTime:0.000067s ]
[ info ] [ LOG ] INIT File
---------------------------------------------------------------
[ 2018-05-02T15:07:58+08:00 ] 115.57.131.39 GET /admin/
[ info ] 121.42.251.110:9696/admin/ [运行时间：0.053783s][吞吐率：18.59req/s] [内存消耗：3,471.06kb] [文件加载：90]
[ info ] [ BEHAVIOR ] Run Closure @app_init [ RunTime:0.000021s ]
[ info ] [ CACHE ] INIT File
[ info ] [ BEHAVIOR ] Run Closure @app_init [ RunTime:0.000745s ]
[ info ] [ LANG ] /mnt/www/health.com/thinkphp/lang/zh-cn.php
[ info ] [ ROUTE ] array (
  'type' => 'module',
  'module' => 
  array (
    0 => 'admin',
    1 => NULL,
    2 => NULL,
  ),
)
[ info ] [ HEADER ] array (
  'cookie' => 'memRealUsed=1998; mem-before=1998/7822%20%28MB%29; memSize=7822; serverType=nginx; PHPSESSID=rkj3ibsnvcf8ndta91ta0p6qbg; backup_path=/mnt/backups; order=id%20desc; BT_PANEL=33aee342db19692b390286b682cea337300e9e7a',
  'accept-language' => 'zh-CN,zh;q=0.8',
  'accept-encoding' => 'gzip, deflate, sdch',
  'user-agent' => 'Mozilla/5.0 (Windows NT 10.0; WOW64) AppleWebKit/537.36 (KHTML, like Gecko) Chrome/49.0.2623.112 Safari/537.36',
  'upgrade-insecure-requests' => '1',
  'accept' => 'text/html,application/xhtml+xml,application/xml;q=0.9,image/webp,*/*;q=0.8',
  'connection' => 'keep-alive',
  'host' => '121.42.251.110:9696',
  'content-type' => '',
  'content-length' => '',
)
[ info ] [ PARAM ] array (
)
[ info ] [ LANG ] /mnt/www/health.com/public/../application/admin/lang/zh-cn.php
[ info ] [ BEHAVIOR ] Run app\common\behavior\Common @module_init [ RunTime:0.000200s ]
[ info ] [ SESSION ] INIT array (
  'id' => '',
  'var_session_id' => '',
  'prefix' => 'think',
  'type' => '',
  'auto_start' => true,
)
[ info ] [ LANG ] /mnt/www/health.com/public/../application/admin/lang/zh-cn/index.php
[ info ] [ RUN ] app\admin\controller\Index->index[ /mnt/www/health.com/application/admin/controller/Index.php ]
[ info ] [ DB ] INIT mysql
[ info ] [ VIEW ] /mnt/www/health.com/public/../application/admin/view/index/index.html [ array (
  0 => 'breadcrumb',
  1 => 'site',
  2 => 'config',
  3 => 'auth',
  4 => 'admin',
  5 => 'menulist',
  6 => 'title',
) ]
[ info ] [ BEHAVIOR ] Run app\admin\behavior\AdminLog @app_end [ RunTime:0.000078s ]
[ info ] [ LOG ] INIT File
[ sql ] [ DB ] CONNECT:[ UseTime:0.000558s ] mysql:host=127.0.0.1;dbname=health;charset=utf8
[ sql ] [ SQL ] SHOW COLUMNS FROM `hl_auth_group_access` [ RunTime:0.001285s ]
[ sql ] [ SQL ] SELECT `aga`.`uid`,`aga`.`group_id`,`ag`.`id`,`ag`.`pid`,`ag`.`name`,`ag`.`rules` FROM `hl_auth_group_access` `aga` LEFT JOIN `hl_auth_group` `ag` ON `aga`.`group_id`=`ag`.`id` WHERE  (  aga.uid='1' and ag.status='normal' ) [ RunTime:0.000443s ]
[ sql ] [ SQL ] SHOW COLUMNS FROM `hl_auth_rule` [ RunTime:0.000872s ]
[ sql ] [ SQL ] SELECT `id`,`pid`,`condition`,`icon`,`name`,`title`,`ismenu` FROM `hl_auth_rule` WHERE  `status` = 'normal' [ RunTime:0.000413s ]
---------------------------------------------------------------
[ 2018-05-02T15:07:58+08:00 ] 115.57.131.39 GET /admin/ajax/lang?callback=define&controllername=index&v=1525244877
[ info ] 121.42.251.110:9696/admin/ajax/lang?callback=define&controllername=index&v=1525244877 [运行时间：0.022916s][吞吐率：43.64req/s] [内存消耗：2,508.62kb] [文件加载：72]
[ info ] [ BEHAVIOR ] Run Closure @app_init [ RunTime:0.000022s ]
[ info ] [ CACHE ] INIT File
[ info ] [ BEHAVIOR ] Run Closure @app_init [ RunTime:0.000898s ]
[ info ] [ LANG ] /mnt/www/health.com/thinkphp/lang/zh-cn.php
[ info ] [ ROUTE ] array (
  'type' => 'module',
  'module' => 
  array (
    0 => 'admin',
    1 => 'ajax',
    2 => 'lang',
  ),
)
[ info ] [ HEADER ] array (
  'cookie' => 'memRealUsed=1998; mem-before=1998/7822%20%28MB%29; memSize=7822; serverType=nginx; PHPSESSID=rkj3ibsnvcf8ndta91ta0p6qbg; backup_path=/mnt/backups; order=id%20desc; BT_PANEL=33aee342db19692b390286b682cea337300e9e7a',
  'accept-language' => 'zh-CN,zh;q=0.8',
  'accept-encoding' => 'gzip, deflate, sdch',
  'referer' => 'http://121.42.251.110:9696/admin/',
  'user-agent' => 'Mozilla/5.0 (Windows NT 10.0; WOW64) AppleWebKit/537.36 (KHTML, like Gecko) Chrome/49.0.2623.112 Safari/537.36',
  'accept' => '*/*',
  'connection' => 'keep-alive',
  'host' => '121.42.251.110:9696',
  'content-type' => '',
  'content-length' => '',
)
[ info ] [ PARAM ] array (
  'callback' => 'define',
  'controllername' => 'index',
  'v' => '1525244877',
)
[ info ] [ LANG ] /mnt/www/health.com/public/../application/admin/lang/zh-cn.php
[ info ] [ BEHAVIOR ] Run app\common\behavior\Common @module_init [ RunTime:0.000261s ]
[ info ] [ SESSION ] INIT array (
  'id' => '',
  'var_session_id' => '',
  'prefix' => 'think',
  'type' => '',
  'auto_start' => true,
)
[ info ] [ LANG ] /mnt/www/health.com/public/../application/admin/lang/zh-cn/ajax.php
[ info ] [ RUN ] app\admin\controller\Ajax->lang[ /mnt/www/health.com/application/admin/controller/Ajax.php ]
[ info ] [ LANG ] /mnt/www/health.com/public/../application/admin/lang/zh-cn/index.php
[ info ] [ BEHAVIOR ] Run app\admin\behavior\AdminLog @app_end [ RunTime:0.000077s ]
[ info ] [ LOG ] INIT File
---------------------------------------------------------------
[ 2018-05-02T15:07:58+08:00 ] 115.57.131.39 GET /admin/dashboard?addtabs=1
[ info ] 121.42.251.110:9696/admin/dashboard?addtabs=1 [运行时间：0.032295s][吞吐率：30.96req/s] [内存消耗：3,361.81kb] [文件加载：80]
[ info ] [ BEHAVIOR ] Run Closure @app_init [ RunTime:0.000028s ]
[ info ] [ CACHE ] INIT File
[ info ] [ BEHAVIOR ] Run Closure @app_init [ RunTime:0.000783s ]
[ info ] [ LANG ] /mnt/www/health.com/thinkphp/lang/zh-cn.php
[ info ] [ ROUTE ] array (
  'type' => 'module',
  'module' => 
  array (
    0 => 'admin',
    1 => 'dashboard',
    2 => NULL,
  ),
)
[ info ] [ HEADER ] array (
  'cookie' => 'memRealUsed=1998; mem-before=1998/7822%20%28MB%29; memSize=7822; serverType=nginx; PHPSESSID=rkj3ibsnvcf8ndta91ta0p6qbg; backup_path=/mnt/backups; order=id%20desc; BT_PANEL=33aee342db19692b390286b682cea337300e9e7a',
  'accept-language' => 'zh-CN,zh;q=0.8',
  'accept-encoding' => 'gzip, deflate, sdch',
  'referer' => 'http://121.42.251.110:9696/admin/dashboard?ref=addtabs',
  'user-agent' => 'Mozilla/5.0 (Windows NT 10.0; WOW64) AppleWebKit/537.36 (KHTML, like Gecko) Chrome/49.0.2623.112 Safari/537.36',
  'upgrade-insecure-requests' => '1',
  'accept' => 'text/html,application/xhtml+xml,application/xml;q=0.9,image/webp,*/*;q=0.8',
  'connection' => 'keep-alive',
  'host' => '121.42.251.110:9696',
  'content-type' => '',
  'content-length' => '',
)
[ info ] [ PARAM ] array (
  'addtabs' => '1',
)
[ info ] [ LANG ] /mnt/www/health.com/public/../application/admin/lang/zh-cn.php
[ info ] [ BEHAVIOR ] Run app\common\behavior\Common @module_init [ RunTime:0.000177s ]
[ info ] [ SESSION ] INIT array (
  'id' => '',
  'var_session_id' => '',
  'prefix' => 'think',
  'type' => '',
  'auto_start' => true,
)
[ info ] [ DB ] INIT mysql
[ info ] [ LANG ] /mnt/www/health.com/public/../application/admin/lang/zh-cn/dashboard.php
[ info ] [ RUN ] app\admin\controller\Dashboard->index[ /mnt/www/health.com/application/admin/controller/Dashboard.php ]
[ info ] [ VIEW ] /mnt/www/health.com/public/../application/admin/view/dashboard/index.html [ array (
  0 => 'breadcrumb',
  1 => 'site',
  2 => 'config',
  3 => 'auth',
  4 => 'admin',
  5 => 'totaluser',
  6 => 'totalviews',
  7 => 'totalorder',
  8 => 'totalorderamount',
  9 => 'todayuserlogin',
  10 => 'todayusersignup',
  11 => 'todayorder',
  12 => 'unsettleorder',
  13 => 'sevendnu',
  14 => 'sevendau',
  15 => 'paylist',
  16 => 'createlist',
  17 => 'addonversion',
  18 => 'uploadmode',
) ]
[ info ] [ BEHAVIOR ] Run app\admin\behavior\AdminLog @app_end [ RunTime:0.000085s ]
[ info ] [ LOG ] INIT File
[ sql ] [ DB ] CONNECT:[ UseTime:0.000653s ] mysql:host=127.0.0.1;dbname=health;charset=utf8
[ sql ] [ SQL ] SHOW COLUMNS FROM `hl_auth_group_access` [ RunTime:0.001071s ]
[ sql ] [ SQL ] SELECT `aga`.`uid`,`aga`.`group_id`,`ag`.`id`,`ag`.`pid`,`ag`.`name`,`ag`.`rules` FROM `hl_auth_group_access` `aga` LEFT JOIN `hl_auth_group` `ag` ON `aga`.`group_id`=`ag`.`id` WHERE  (  aga.uid='1' and ag.status='normal' ) [ RunTime:0.000435s ]
[ sql ] [ SQL ] SHOW COLUMNS FROM `hl_auth_rule` [ RunTime:0.000800s ]
[ sql ] [ SQL ] SELECT `id`,`pid`,`condition`,`icon`,`name`,`title`,`ismenu` FROM `hl_auth_rule` WHERE  `status` = 'normal' [ RunTime:0.000437s ]
[ sql ] [ SQL ] SELECT `title`,`remark` FROM `hl_auth_rule` WHERE  `name` = 'dashboard' LIMIT 1 [ RunTime:0.000285s ]
---------------------------------------------------------------
[ 2018-05-02T15:07:59+08:00 ] 115.57.131.39 GET /admin/ajax/lang?callback=define&controllername=dashboard&v=1525244878
[ info ] 121.42.251.110:9696/admin/ajax/lang?callback=define&controllername=dashboard&v=1525244878 [运行时间：0.023370s][吞吐率：42.79req/s] [内存消耗：2,507.55kb] [文件加载：72]
[ info ] [ BEHAVIOR ] Run Closure @app_init [ RunTime:0.000022s ]
[ info ] [ CACHE ] INIT File
[ info ] [ BEHAVIOR ] Run Closure @app_init [ RunTime:0.001036s ]
[ info ] [ LANG ] /mnt/www/health.com/thinkphp/lang/zh-cn.php
[ info ] [ ROUTE ] array (
  'type' => 'module',
  'module' => 
  array (
    0 => 'admin',
    1 => 'ajax',
    2 => 'lang',
  ),
)
[ info ] [ HEADER ] array (
  'cookie' => 'memRealUsed=1998; mem-before=1998/7822%20%28MB%29; memSize=7822; serverType=nginx; PHPSESSID=rkj3ibsnvcf8ndta91ta0p6qbg; backup_path=/mnt/backups; order=id%20desc; BT_PANEL=33aee342db19692b390286b682cea337300e9e7a',
  'accept-language' => 'zh-CN,zh;q=0.8',
  'accept-encoding' => 'gzip, deflate, sdch',
  'referer' => 'http://121.42.251.110:9696/admin/dashboard?addtabs=1',
  'user-agent' => 'Mozilla/5.0 (Windows NT 10.0; WOW64) AppleWebKit/537.36 (KHTML, like Gecko) Chrome/49.0.2623.112 Safari/537.36',
  'accept' => '*/*',
  'connection' => 'keep-alive',
  'host' => '121.42.251.110:9696',
  'content-type' => '',
  'content-length' => '',
)
[ info ] [ PARAM ] array (
  'callback' => 'define',
  'controllername' => 'dashboard',
  'v' => '1525244878',
)
[ info ] [ LANG ] /mnt/www/health.com/public/../application/admin/lang/zh-cn.php
[ info ] [ BEHAVIOR ] Run app\common\behavior\Common @module_init [ RunTime:0.000188s ]
[ info ] [ SESSION ] INIT array (
  'id' => '',
  'var_session_id' => '',
  'prefix' => 'think',
  'type' => '',
  'auto_start' => true,
)
[ info ] [ LANG ] /mnt/www/health.com/public/../application/admin/lang/zh-cn/ajax.php
[ info ] [ RUN ] app\admin\controller\Ajax->lang[ /mnt/www/health.com/application/admin/controller/Ajax.php ]
[ info ] [ LANG ] /mnt/www/health.com/public/../application/admin/lang/zh-cn/dashboard.php
[ info ] [ BEHAVIOR ] Run app\admin\behavior\AdminLog @app_end [ RunTime:0.000077s ]
[ info ] [ LOG ] INIT File
